{"/home/sangwook/public_html/enact4.0/PR/PLAT-101894/sandstone/ProgressButton/ProgressButton.js": {"path":"/home/sangwook/public_html/enact4.0/PR/PLAT-101894/sandstone/ProgressButton/ProgressButton.js","statementMap":{"0":{"start":{"line":25,"column":27},"end":{"line":109,"column":2}},"1":{"start":{"line":87,"column":2},"end":{"line":107,"column":4}},"2":{"start":{"line":119,"column":32},"end":{"line":122,"column":1}},"3":{"start":{"line":134,"column":23},"end":{"line":134,"column":58}}},"fnMap":{"0":{"name":"(anonymous_0)","decl":{"start":{"line":85,"column":9},"end":{"line":85,"column":10}},"loc":{"start":{"line":85,"column":69},"end":{"line":108,"column":2}},"line":85}},"branchMap":{"0":{"loc":{"start":{"line":92,"column":5},"end":{"line":104,"column":17}},"type":"cond-expr","locations":[{"start":{"line":94,"column":6},"end":{"line":103,"column":12}},{"start":{"line":104,"column":9},"end":{"line":104,"column":17}}],"line":92}},"s":{"0":1,"1":6,"2":1,"3":1},"f":{"0":6},"b":{"0":[4,2]},"_coverageSchema":"43e27e138ebf9cfc5966b082cf9a028302ed4184","hash":"5dd0398420b1b7569d1be13305f27ec9ef60f63b"}
}
