<?xml version="1.0" encoding="UTF-8"?>
<coverage generated="1585264934061" clover="3.2.0">
  <project timestamp="1585264934061" name="All files">
    <metrics statements="4754" coveredstatements="2180" conditionals="3523" coveredconditionals="1038" methods="1050" coveredmethods="536" elements="9327" coveredelements="3754" complexity="0" loc="4754" ncloc="4754" packages="72" files="158" classes="158"/>
    <package name="sandstone">
      <metrics statements="0" coveredstatements="0" conditionals="0" coveredconditionals="0" methods="0" coveredmethods="0"/>
      <file name="index.js" path="/Users/RyanDuffy/dev/sandstone/index.js">
        <metrics statements="0" coveredstatements="0" conditionals="0" coveredconditionals="0" methods="0" coveredmethods="0"/>
      </file>
    </package>
    <package name="sandstone.ActionGuide">
      <metrics statements="4" coveredstatements="4" conditionals="0" coveredconditionals="0" methods="1" coveredmethods="1"/>
      <file name="ActionGuide.js" path="/Users/RyanDuffy/dev/sandstone/ActionGuide/ActionGuide.js">
        <metrics statements="4" coveredstatements="4" conditionals="0" coveredconditionals="0" methods="1" coveredmethods="1"/>
        <line num="36" count="1" type="stmt"/>
        <line num="82" count="3" type="stmt"/>
        <line num="99" count="1" type="stmt"/>
        <line num="121" count="1" type="stmt"/>
      </file>
    </package>
    <package name="sandstone.Alert">
      <metrics statements="16" coveredstatements="16" conditionals="16" coveredconditionals="16" methods="8" coveredmethods="8"/>
      <file name="Alert.js" path="/Users/RyanDuffy/dev/sandstone/Alert/Alert.js">
        <metrics statements="12" coveredstatements="12" conditionals="16" coveredconditionals="16" methods="6" coveredmethods="6"/>
        <line num="32" count="1" type="stmt"/>
        <line num="161" count="11" type="cond" truecount="2" falsecount="0"/>
        <line num="162" count="4" type="stmt"/>
        <line num="163" count="4" type="stmt"/>
        <line num="168" count="7" type="stmt"/>
        <line num="171" count="11" type="stmt"/>
        <line num="178" count="11" type="cond" truecount="2" falsecount="0"/>
        <line num="179" count="11" type="cond" truecount="2" falsecount="0"/>
        <line num="183" count="11" type="stmt"/>
        <line num="184" count="11" type="cond" truecount="2" falsecount="0"/>
        <line num="185" count="11" type="stmt"/>
        <line num="248" count="1" type="stmt"/>
      </file>
      <file name="AlertImage.js" path="/Users/RyanDuffy/dev/sandstone/Alert/AlertImage.js">
        <metrics statements="4" coveredstatements="4" conditionals="0" coveredconditionals="0" methods="2" coveredmethods="2"/>
        <line num="16" count="1" type="stmt"/>
        <line num="57" count="4" type="stmt"/>
        <line num="60" count="4" type="stmt"/>
        <line num="61" count="4" type="stmt"/>
      </file>
    </package>
    <package name="sandstone.BodyText">
      <metrics statements="9" coveredstatements="9" conditionals="4" coveredconditionals="3" methods="2" coveredmethods="2"/>
      <file name="BodyText.js" path="/Users/RyanDuffy/dev/sandstone/BodyText/BodyText.js">
        <metrics statements="9" coveredstatements="9" conditionals="4" coveredconditionals="3" methods="2" coveredmethods="2"/>
        <line num="26" count="1" type="stmt"/>
        <line num="40" count="1" type="stmt"/>
        <line num="100" count="3" type="stmt"/>
        <line num="104" count="3" type="stmt"/>
        <line num="106" count="3" type="cond" truecount="2" falsecount="0"/>
        <line num="107" count="2" type="stmt"/>
        <line num="118" count="1" type="stmt"/>
        <line num="136" count="1" type="stmt"/>
        <line num="161" count="1" type="stmt"/>
      </file>
    </package>
    <package name="sandstone.Button">
      <metrics statements="15" coveredstatements="15" conditionals="6" coveredconditionals="6" methods="6" coveredmethods="6"/>
      <file name="Button.js" path="/Users/RyanDuffy/dev/sandstone/Button/Button.js">
        <metrics statements="15" coveredstatements="15" conditionals="6" coveredconditionals="6" methods="6" coveredmethods="6"/>
        <line num="31" count="19" type="stmt"/>
        <line num="45" count="19" type="stmt"/>
        <line num="144" count="567" type="stmt"/>
        <line num="154" count="567" type="cond" truecount="2" falsecount="0"/>
        <line num="158" count="567" type="stmt"/>
        <line num="159" count="567" type="stmt"/>
        <line num="160" count="567" type="stmt"/>
        <line num="161" count="567" type="stmt"/>
        <line num="163" count="567" type="stmt"/>
        <line num="182" count="19" type="stmt"/>
        <line num="183" count="19" type="stmt"/>
        <line num="186" count="267" type="stmt"/>
        <line num="189" count="267" type="stmt"/>
        <line num="207" count="19" type="stmt"/>
        <line num="238" count="19" type="stmt"/>
      </file>
    </package>
    <package name="sandstone.Checkbox">
      <metrics statements="3" coveredstatements="3" conditionals="0" coveredconditionals="0" methods="2" coveredmethods="2"/>
      <file name="Checkbox.js" path="/Users/RyanDuffy/dev/sandstone/Checkbox/Checkbox.js">
        <metrics statements="3" coveredstatements="3" conditionals="0" coveredconditionals="0" methods="2" coveredmethods="2"/>
        <line num="37" count="4" type="stmt"/>
        <line num="87" count="2" type="stmt"/>
        <line num="91" count="2" type="stmt"/>
      </file>
    </package>
    <package name="sandstone.CheckboxItem">
      <metrics statements="4" coveredstatements="4" conditionals="0" coveredconditionals="0" methods="1" coveredmethods="1"/>
      <file name="CheckboxItem.js" path="/Users/RyanDuffy/dev/sandstone/CheckboxItem/CheckboxItem.js">
        <metrics statements="4" coveredstatements="4" conditionals="0" coveredconditionals="0" methods="1" coveredmethods="1"/>
        <line num="51" count="3" type="stmt"/>
        <line num="105" count="1" type="stmt"/>
        <line num="118" count="3" type="stmt"/>
        <line num="124" count="3" type="stmt"/>
      </file>
    </package>
    <package name="sandstone.ContextualMenuDecorator">
      <metrics statements="10" coveredstatements="0" conditionals="0" coveredconditionals="0" methods="4" coveredmethods="0"/>
      <file name="ContextualMenuDecorator.js" path="/Users/RyanDuffy/dev/sandstone/ContextualMenuDecorator/ContextualMenuDecorator.js">
        <metrics statements="10" coveredstatements="0" conditionals="0" coveredconditionals="0" methods="4" coveredmethods="0"/>
        <line num="30" count="0" type="stmt"/>
        <line num="54" count="0" type="stmt"/>
        <line num="57" count="0" type="stmt"/>
        <line num="64" count="0" type="stmt"/>
        <line num="156" count="0" type="stmt"/>
        <line num="161" count="0" type="stmt"/>
        <line num="165" count="0" type="stmt"/>
        <line num="166" count="0" type="stmt"/>
        <line num="168" count="0" type="stmt"/>
        <line num="190" count="0" type="stmt"/>
      </file>
    </package>
    <package name="sandstone.ContextualPopupDecorator">
      <metrics statements="231" coveredstatements="48" conditionals="213" coveredconditionals="7" methods="32" coveredmethods="5"/>
      <file name="ContextualPopup.js" path="/Users/RyanDuffy/dev/sandstone/ContextualPopupDecorator/ContextualPopup.js">
        <metrics statements="14" coveredstatements="3" conditionals="4" coveredconditionals="0" methods="6" coveredmethods="0"/>
        <line num="19" count="1" type="stmt"/>
        <line num="36" count="0" type="stmt"/>
        <line num="40" count="0" type="stmt"/>
        <line num="47" count="1" type="stmt"/>
        <line num="63" count="1" type="stmt"/>
        <line num="160" count="0" type="stmt"/>
        <line num="161" count="0" type="stmt"/>
        <line num="163" count="0" type="stmt"/>
        <line num="165" count="0" type="cond" truecount="0" falsecount="2"/>
        <line num="166" count="0" type="stmt"/>
        <line num="181" count="0" type="stmt"/>
        <line num="182" count="0" type="stmt"/>
        <line num="183" count="0" type="stmt"/>
        <line num="185" count="0" type="stmt"/>
      </file>
      <file name="ContextualPopupDecorator.js" path="/Users/RyanDuffy/dev/sandstone/ContextualPopupDecorator/ContextualPopupDecorator.js">
        <metrics statements="217" coveredstatements="45" conditionals="209" coveredconditionals="7" methods="26" coveredmethods="5"/>
        <line num="36" count="1" type="stmt"/>
        <line num="70" count="1" type="stmt"/>
        <line num="75" count="1" type="stmt"/>
        <line num="76" count="1" type="stmt"/>
        <line num="78" count="1" type="stmt"/>
        <line num="79" count="1" type="stmt"/>
        <line num="81" count="1" type="stmt"/>
        <line num="236" count="1" type="stmt"/>
        <line num="246" count="6" type="stmt"/>
        <line num="247" count="6" type="stmt"/>
        <line num="254" count="6" type="stmt"/>
        <line num="255" count="6" type="stmt"/>
        <line num="257" count="6" type="stmt"/>
        <line num="258" count="6" type="cond" truecount="1" falsecount="1"/>
        <line num="259" count="6" type="cond" truecount="1" falsecount="1"/>
        <line num="260" count="6" type="stmt"/>
        <line num="262" count="6" type="cond" truecount="1" falsecount="1"/>
        <line num="263" count="6" type="stmt"/>
        <line num="268" count="6" type="cond" truecount="1" falsecount="1"/>
        <line num="269" count="0" type="stmt"/>
        <line num="270" count="0" type="stmt"/>
        <line num="275" count="0" type="cond" truecount="0" falsecount="4"/>
        <line num="276" count="0" type="stmt"/>
        <line num="277" count="0" type="stmt"/>
        <line num="288" count="0" type="stmt"/>
        <line num="292" count="0" type="cond" truecount="0" falsecount="2"/>
        <line num="293" count="0" type="stmt"/>
        <line num="295" count="0" type="stmt"/>
        <line num="298" count="0" type="cond" truecount="0" falsecount="4"/>
        <line num="299" count="0" type="stmt"/>
        <line num="300" count="0" type="stmt"/>
        <line num="301" count="0" type="cond" truecount="0" falsecount="4"/>
        <line num="302" count="0" type="stmt"/>
        <line num="303" count="0" type="stmt"/>
        <line num="304" count="0" type="cond" truecount="0" falsecount="4"/>
        <line num="305" count="0" type="stmt"/>
        <line num="311" count="0" type="cond" truecount="0" falsecount="2"/>
        <line num="312" count="0" type="stmt"/>
        <line num="313" count="0" type="stmt"/>
        <line num="315" count="0" type="stmt"/>
        <line num="319" count="0" type="stmt"/>
        <line num="329" count="6" type="stmt"/>
        <line num="330" count="0" type="stmt"/>
        <line num="331" count="0" type="stmt"/>
        <line num="332" count="0" type="stmt"/>
        <line num="333" count="0" type="stmt"/>
        <line num="335" count="0" type="cond" truecount="0" falsecount="2"/>
        <line num="336" count="0" type="stmt"/>
        <line num="338" count="0" type="stmt"/>
        <line num="341" count="0" type="stmt"/>
        <line num="345" count="0" type="stmt"/>
        <line num="346" count="0" type="stmt"/>
        <line num="348" count="0" type="cond" truecount="0" falsecount="4"/>
        <line num="350" count="0" type="stmt"/>
        <line num="351" count="0" type="stmt"/>
        <line num="353" count="0" type="stmt"/>
        <line num="354" count="0" type="stmt"/>
        <line num="356" count="0" type="cond" truecount="0" falsecount="2"/>
        <line num="357" count="0" type="stmt"/>
        <line num="359" count="0" type="cond" truecount="0" falsecount="2"/>
        <line num="360" count="0" type="stmt"/>
        <line num="363" count="0" type="stmt"/>
        <line num="367" count="0" type="stmt"/>
        <line num="368" count="0" type="stmt"/>
        <line num="370" count="0" type="cond" truecount="0" falsecount="4"/>
        <line num="371" count="0" type="cond" truecount="0" falsecount="2"/>
        <line num="373" count="0" type="stmt"/>
        <line num="374" count="0" type="cond" truecount="0" falsecount="2"/>
        <line num="376" count="0" type="stmt"/>
        <line num="377" count="0" type="cond" truecount="0" falsecount="2"/>
        <line num="378" count="0" type="cond" truecount="0" falsecount="2"/>
        <line num="380" count="0" type="stmt"/>
        <line num="381" count="0" type="cond" truecount="0" falsecount="2"/>
        <line num="383" count="0" type="stmt"/>
        <line num="386" count="0" type="stmt"/>
        <line num="390" count="0" type="stmt"/>
        <line num="391" count="0" type="stmt"/>
        <line num="394" count="0" type="cond" truecount="0" falsecount="4"/>
        <line num="395" count="0" type="cond" truecount="0" falsecount="2"/>
        <line num="397" count="0" type="stmt"/>
        <line num="398" count="0" type="cond" truecount="0" falsecount="2"/>
        <line num="400" count="0" type="stmt"/>
        <line num="401" count="0" type="cond" truecount="0" falsecount="2"/>
        <line num="403" count="0" type="stmt"/>
        <line num="404" count="0" type="cond" truecount="0" falsecount="2"/>
        <line num="406" count="0" type="stmt"/>
        <line num="409" count="0" type="stmt"/>
        <line num="413" count="0" type="stmt"/>
        <line num="417" count="0" type="stmt"/>
        <line num="418" count="0" type="stmt"/>
        <line num="420" count="0" type="cond" truecount="0" falsecount="4"/>
        <line num="421" count="0" type="cond" truecount="0" falsecount="4"/>
        <line num="422" count="0" type="stmt"/>
        <line num="423" count="0" type="cond" truecount="0" falsecount="4"/>
        <line num="424" count="0" type="stmt"/>
        <line num="425" count="0" type="cond" truecount="0" falsecount="2"/>
        <line num="426" count="0" type="stmt"/>
        <line num="427" count="0" type="cond" truecount="0" falsecount="2"/>
        <line num="428" count="0" type="stmt"/>
        <line num="430" count="0" type="stmt"/>
        <line num="432" count="0" type="cond" truecount="0" falsecount="4"/>
        <line num="433" count="0" type="stmt"/>
        <line num="434" count="0" type="cond" truecount="0" falsecount="4"/>
        <line num="435" count="0" type="stmt"/>
        <line num="436" count="0" type="cond" truecount="0" falsecount="2"/>
        <line num="437" count="0" type="stmt"/>
        <line num="438" count="0" type="cond" truecount="0" falsecount="2"/>
        <line num="439" count="0" type="stmt"/>
        <line num="441" count="0" type="stmt"/>
        <line num="444" count="0" type="cond" truecount="0" falsecount="5"/>
        <line num="446" count="0" type="stmt"/>
        <line num="447" count="0" type="stmt"/>
        <line num="449" count="0" type="stmt"/>
        <line num="450" count="0" type="stmt"/>
        <line num="452" count="0" type="cond" truecount="0" falsecount="2"/>
        <line num="453" count="0" type="stmt"/>
        <line num="455" count="0" type="cond" truecount="0" falsecount="2"/>
        <line num="456" count="0" type="stmt"/>
        <line num="458" count="0" type="stmt"/>
        <line num="461" count="0" type="stmt"/>
        <line num="466" count="0" type="stmt"/>
        <line num="468" count="0" type="cond" truecount="0" falsecount="4"/>
        <line num="469" count="0" type="stmt"/>
        <line num="470" count="0" type="stmt"/>
        <line num="472" count="0" type="stmt"/>
        <line num="473" count="0" type="stmt"/>
        <line num="476" count="0" type="stmt"/>
        <line num="493" count="0" type="stmt"/>
        <line num="495" count="0" type="cond" truecount="0" falsecount="5"/>
        <line num="496" count="0" type="cond" truecount="0" falsecount="2"/>
        <line num="497" count="0" type="cond" truecount="0" falsecount="5"/>
        <line num="498" count="0" type="cond" truecount="0" falsecount="2"/>
        <line num="499" count="0" type="cond" truecount="0" falsecount="6"/>
        <line num="500" count="0" type="cond" truecount="0" falsecount="2"/>
        <line num="501" count="0" type="cond" truecount="0" falsecount="6"/>
        <line num="502" count="0" type="cond" truecount="0" falsecount="2"/>
        <line num="507" count="0" type="stmt"/>
        <line num="508" count="0" type="cond" truecount="0" falsecount="2"/>
        <line num="509" count="0" type="stmt"/>
        <line num="510" count="0" type="stmt"/>
        <line num="511" count="0" type="stmt"/>
        <line num="513" count="0" type="stmt"/>
        <line num="527" count="6" type="stmt"/>
        <line num="528" count="0" type="cond" truecount="0" falsecount="4"/>
        <line num="529" count="0" type="stmt"/>
        <line num="530" count="0" type="stmt"/>
        <line num="531" count="0" type="stmt"/>
        <line num="532" count="0" type="cond" truecount="0" falsecount="2"/>
        <line num="533" count="0" type="cond" truecount="0" falsecount="2"/>
        <line num="535" count="0" type="stmt"/>
        <line num="536" count="0" type="stmt"/>
        <line num="538" count="0" type="stmt"/>
        <line num="546" count="6" type="stmt"/>
        <line num="547" count="0" type="stmt"/>
        <line num="550" count="6" type="stmt"/>
        <line num="551" count="6" type="stmt"/>
        <line num="554" count="6" type="stmt"/>
        <line num="556" count="6" type="stmt"/>
        <line num="559" count="0" type="stmt"/>
        <line num="564" count="6" type="stmt"/>
        <line num="565" count="0" type="stmt"/>
        <line num="566" count="0" type="stmt"/>
        <line num="567" count="0" type="stmt"/>
        <line num="568" count="0" type="stmt"/>
        <line num="569" count="0" type="stmt"/>
        <line num="572" count="0" type="stmt"/>
        <line num="575" count="6" type="stmt"/>
        <line num="576" count="0" type="stmt"/>
        <line num="577" count="0" type="stmt"/>
        <line num="584" count="0" type="stmt"/>
        <line num="586" count="0" type="stmt"/>
        <line num="588" count="0" type="stmt"/>
        <line num="592" count="6" type="stmt"/>
        <line num="593" count="0" type="stmt"/>
        <line num="594" count="0" type="stmt"/>
        <line num="595" count="0" type="stmt"/>
        <line num="596" count="0" type="stmt"/>
        <line num="598" count="0" type="cond" truecount="0" falsecount="2"/>
        <line num="600" count="0" type="stmt"/>
        <line num="601" count="0" type="cond" truecount="0" falsecount="2"/>
        <line num="602" count="0" type="cond" truecount="0" falsecount="3"/>
        <line num="604" count="0" type="cond" truecount="0" falsecount="4"/>
        <line num="605" count="0" type="stmt"/>
        <line num="609" count="0" type="cond" truecount="0" falsecount="4"/>
        <line num="610" count="0" type="stmt"/>
        <line num="616" count="6" type="stmt"/>
        <line num="618" count="0" type="stmt"/>
        <line num="620" count="0" type="cond" truecount="0" falsecount="2"/>
        <line num="622" count="0" type="stmt"/>
        <line num="625" count="0" type="cond" truecount="0" falsecount="4"/>
        <line num="626" count="0" type="stmt"/>
        <line num="630" count="6" type="stmt"/>
        <line num="631" count="0" type="cond" truecount="0" falsecount="5"/>
        <line num="632" count="0" type="stmt"/>
        <line num="634" count="0" type="cond" truecount="0" falsecount="2"/>
        <line num="635" count="0" type="stmt"/>
        <line num="639" count="6" type="stmt"/>
        <line num="640" count="0" type="stmt"/>
        <line num="641" count="0" type="stmt"/>
        <line num="642" count="0" type="stmt"/>
        <line num="643" count="0" type="cond" truecount="0" falsecount="5"/>
        <line num="644" count="0" type="stmt"/>
        <line num="647" count="0" type="cond" truecount="0" falsecount="2"/>
        <line num="648" count="0" type="stmt"/>
        <line num="653" count="6" type="stmt"/>
        <line num="654" count="6" type="cond" truecount="1" falsecount="1"/>
        <line num="655" count="6" type="stmt"/>
        <line num="656" count="6" type="stmt"/>
        <line num="658" count="6" type="cond" truecount="1" falsecount="1"/>
        <line num="659" count="6" type="stmt"/>
        <line num="662" count="6" type="stmt"/>
        <line num="663" count="6" type="stmt"/>
        <line num="664" count="6" type="stmt"/>
        <line num="665" count="6" type="stmt"/>
        <line num="667" count="6" type="cond" truecount="1" falsecount="1"/>
        <line num="669" count="6" type="stmt"/>
        <line num="729" count="1" type="stmt"/>
      </file>
    </package>
    <package name="sandstone.DatePicker">
      <metrics statements="35" coveredstatements="30" conditionals="40" coveredconditionals="34" methods="9" coveredmethods="7"/>
      <file name="DatePicker.js" path="/Users/RyanDuffy/dev/sandstone/DatePicker/DatePicker.js">
        <metrics statements="24" coveredstatements="20" conditionals="8" coveredconditionals="8" methods="7" coveredmethods="5"/>
        <line num="24" count="1" type="stmt"/>
        <line num="26" count="15" type="stmt"/>
        <line num="34" count="15" type="cond" truecount="4" falsecount="0"/>
        <line num="35" count="3" type="stmt"/>
        <line num="36" count="3" type="stmt"/>
        <line num="37" count="3" type="stmt"/>
        <line num="38" count="3" type="stmt"/>
        <line num="39" count="3" type="stmt"/>
        <line num="40" count="3" type="cond" truecount="2" falsecount="0"/>
        <line num="41" count="3" type="cond" truecount="2" falsecount="0"/>
        <line num="44" count="15" type="stmt"/>
        <line num="49" count="0" type="stmt"/>
        <line num="50" count="0" type="stmt"/>
        <line num="54" count="1" type="stmt"/>
        <line num="55" count="1" type="stmt"/>
        <line num="59" count="0" type="stmt"/>
        <line num="60" count="0" type="stmt"/>
        <line num="64" count="2" type="stmt"/>
        <line num="71" count="2" type="stmt"/>
        <line num="74" count="6" type="stmt"/>
        <line num="83" count="2" type="stmt"/>
        <line num="84" count="6" type="stmt"/>
        <line num="96" count="2" type="stmt"/>
        <line num="141" count="1" type="stmt"/>
      </file>
      <file name="DatePickerBase.js" path="/Users/RyanDuffy/dev/sandstone/DatePicker/DatePickerBase.js">
        <metrics statements="11" coveredstatements="10" conditionals="32" coveredconditionals="26" methods="2" coveredmethods="2"/>
        <line num="25" count="1" type="stmt"/>
        <line num="320" count="15" type="stmt"/>
        <line num="334" count="45" type="stmt"/>
        <line num="335" count="45" type="stmt"/>
        <line num="336" count="45" type="cond" truecount="4" falsecount="0"/>
        <line num="337" count="45" type="cond" truecount="4" falsecount="0"/>
        <line num="339" count="45" type="cond" truecount="3" falsecount="0"/>
        <line num="341" count="15" type="stmt"/>
        <line num="363" count="15" type="stmt"/>
        <line num="385" count="15" type="stmt"/>
        <line num="407" count="0" type="stmt"/>
      </file>
    </package>
    <package name="sandstone.DayPicker">
      <metrics statements="5" coveredstatements="5" conditionals="0" coveredconditionals="0" methods="3" coveredmethods="3"/>
      <file name="DayPicker.js" path="/Users/RyanDuffy/dev/sandstone/DayPicker/DayPicker.js">
        <metrics statements="5" coveredstatements="5" conditionals="0" coveredconditionals="0" methods="3" coveredmethods="3"/>
        <line num="46" count="1" type="stmt"/>
        <line num="109" count="42" type="stmt"/>
        <line num="113" count="6" type="stmt"/>
        <line num="127" count="1" type="stmt"/>
        <line num="176" count="1" type="stmt"/>
      </file>
    </package>
    <package name="sandstone.DaySelector">
      <metrics statements="88" coveredstatements="87" conditionals="44" coveredconditionals="39" methods="17" coveredmethods="17"/>
      <file name="DaySelector.js" path="/Users/RyanDuffy/dev/sandstone/DaySelector/DaySelector.js">
        <metrics statements="4" coveredstatements="4" conditionals="0" coveredconditionals="0" methods="1" coveredmethods="1"/>
        <line num="45" count="1" type="stmt"/>
        <line num="88" count="15" type="stmt"/>
        <line num="108" count="1" type="stmt"/>
        <line num="142" count="1" type="stmt"/>
      </file>
      <file name="DaySelectorCheckbox.js" path="/Users/RyanDuffy/dev/sandstone/DaySelector/DaySelectorCheckbox.js">
        <metrics statements="5" coveredstatements="5" conditionals="0" coveredconditionals="0" methods="2" coveredmethods="2"/>
        <line num="21" count="1" type="stmt"/>
        <line num="48" count="168" type="stmt"/>
        <line num="52" count="168" type="stmt"/>
        <line num="53" count="168" type="stmt"/>
        <line num="61" count="1" type="stmt"/>
      </file>
      <file name="DaySelectorDecorator.js" path="/Users/RyanDuffy/dev/sandstone/DaySelector/DaySelectorDecorator.js">
        <metrics statements="76" coveredstatements="75" conditionals="44" coveredconditionals="39" methods="12" coveredmethods="12"/>
        <line num="12" count="2" type="stmt"/>
        <line num="13" count="2" type="stmt"/>
        <line num="22" count="8" type="stmt"/>
        <line num="25" count="2" type="stmt"/>
        <line num="26" count="4" type="stmt"/>
        <line num="27" count="4" type="stmt"/>
        <line num="28" count="4" type="stmt"/>
        <line num="29" count="4" type="stmt"/>
        <line num="30" count="4" type="stmt"/>
        <line num="31" count="4" type="stmt"/>
        <line num="33" count="4" type="stmt"/>
        <line num="41" count="4" type="cond" truecount="1" falsecount="1"/>
        <line num="42" count="4" type="stmt"/>
        <line num="45" count="4" type="cond" truecount="1" falsecount="1"/>
        <line num="46" count="4" type="stmt"/>
        <line num="49" count="4" type="stmt"/>
        <line num="50" count="28" type="stmt"/>
        <line num="51" count="28" type="stmt"/>
        <line num="52" count="28" type="stmt"/>
        <line num="55" count="4" type="stmt"/>
        <line num="59" count="74" type="cond" truecount="1" falsecount="1"/>
        <line num="60" count="0" type="stmt"/>
        <line num="69" count="74" type="stmt"/>
        <line num="85" count="2" type="stmt"/>
        <line num="86" count="2" type="stmt"/>
        <line num="88" count="2" type="stmt"/>
        <line num="90" count="2" type="stmt"/>
        <line num="178" count="2" type="stmt"/>
        <line num="191" count="32" type="cond" truecount="2" falsecount="0"/>
        <line num="193" count="26" type="stmt"/>
        <line num="196" count="26" type="stmt"/>
        <line num="197" count="26" type="stmt"/>
        <line num="201" count="26" type="stmt"/>
        <line num="202" count="26" type="cond" truecount="1" falsecount="1"/>
        <line num="204" count="26" type="cond" truecount="2" falsecount="0"/>
        <line num="206" count="22" type="stmt"/>
        <line num="207" count="154" type="stmt"/>
        <line num="208" count="154" type="cond" truecount="2" falsecount="0"/>
        <line num="209" count="154" type="cond" truecount="2" falsecount="0"/>
        <line num="212" count="22" type="cond" truecount="5" falsecount="0"/>
        <line num="213" count="4" type="stmt"/>
        <line num="214" count="18" type="cond" truecount="5" falsecount="0"/>
        <line num="215" count="4" type="stmt"/>
        <line num="217" count="14" type="stmt"/>
        <line num="236" count="32" type="stmt"/>
        <line num="238" count="32" type="cond" truecount="2" falsecount="0"/>
        <line num="239" count="26" type="stmt"/>
        <line num="242" count="32" type="stmt"/>
        <line num="243" count="32" type="stmt"/>
        <line num="244" count="14" type="cond" truecount="1" falsecount="1"/>
        <line num="246" count="14" type="stmt"/>
        <line num="249" count="32" type="cond" truecount="5" falsecount="0"/>
        <line num="251" count="4" type="stmt"/>
        <line num="253" count="4" type="stmt"/>
        <line num="255" count="4" type="stmt"/>
        <line num="257" count="26" type="stmt"/>
        <line num="259" count="6" type="stmt"/>
        <line num="264" count="21" type="stmt"/>
        <line num="265" count="21" type="stmt"/>
        <line num="267" count="21" type="cond" truecount="6" falsecount="0"/>
        <line num="268" count="16" type="stmt"/>
        <line num="271" count="5" type="stmt"/>
        <line num="273" count="5" type="stmt"/>
        <line num="276" count="14" type="stmt"/>
        <line num="277" count="6" type="stmt"/>
        <line num="278" count="6" type="stmt"/>
        <line num="279" count="6" type="stmt"/>
        <line num="281" count="6" type="stmt"/>
        <line num="285" count="21" type="stmt"/>
        <line num="286" count="21" type="stmt"/>
        <line num="287" count="21" type="stmt"/>
        <line num="289" count="21" type="stmt"/>
        <line num="290" count="21" type="stmt"/>
        <line num="291" count="21" type="stmt"/>
        <line num="293" count="21" type="stmt"/>
        <line num="301" count="147" type="stmt"/>
      </file>
      <file name="DaySelectorItem.js" path="/Users/RyanDuffy/dev/sandstone/DaySelector/DaySelectorItem.js">
        <metrics statements="3" coveredstatements="3" conditionals="0" coveredconditionals="0" methods="2" coveredmethods="2"/>
        <line num="25" count="1" type="stmt"/>
        <line num="103" count="105" type="stmt"/>
        <line num="107" count="105" type="stmt"/>
      </file>
    </package>
    <package name="sandstone.Dialog">
      <metrics statements="8" coveredstatements="0" conditionals="2" coveredconditionals="0" methods="3" coveredmethods="0"/>
      <file name="Dialog.js" path="/Users/RyanDuffy/dev/sandstone/Dialog/Dialog.js">
        <metrics statements="8" coveredstatements="0" conditionals="2" coveredconditionals="0" methods="3" coveredmethods="0"/>
        <line num="23" count="0" type="stmt"/>
        <line num="24" count="0" type="stmt"/>
        <line num="37" count="0" type="stmt"/>
        <line num="178" count="0" type="stmt"/>
        <line num="179" count="0" type="cond" truecount="0" falsecount="2"/>
        <line num="183" count="0" type="stmt"/>
        <line num="185" count="0" type="stmt"/>
        <line num="241" count="0" type="stmt"/>
      </file>
    </package>
    <package name="sandstone.Dropdown">
      <metrics statements="77" coveredstatements="58" conditionals="48" coveredconditionals="22" methods="23" coveredmethods="19"/>
      <file name="Dropdown.js" path="/Users/RyanDuffy/dev/sandstone/Dropdown/Dropdown.js">
        <metrics statements="30" coveredstatements="24" conditionals="26" coveredconditionals="14" methods="8" coveredmethods="7"/>
        <line num="39" count="1" type="stmt"/>
        <line num="43" count="6" type="stmt"/>
        <line num="51" count="1" type="stmt"/>
        <line num="64" count="1" type="stmt"/>
        <line num="179" count="0" type="stmt"/>
        <line num="180" count="0" type="stmt"/>
        <line num="181" count="0" type="stmt"/>
        <line num="182" count="0" type="cond" truecount="0" falsecount="4"/>
        <line num="183" count="0" type="cond" truecount="0" falsecount="4"/>
        <line num="185" count="0" type="cond" truecount="0" falsecount="3"/>
        <line num="207" count="10" type="cond" truecount="2" falsecount="0"/>
        <line num="209" count="8" type="stmt"/>
        <line num="210" count="13" type="stmt"/>
        <line num="217" count="13" type="stmt"/>
        <line num="222" count="13" type="cond" truecount="2" falsecount="0"/>
        <line num="223" count="11" type="stmt"/>
        <line num="230" count="2" type="stmt"/>
        <line num="236" count="10" type="stmt"/>
        <line num="237" count="10" type="stmt"/>
        <line num="239" count="10" type="cond" truecount="2" falsecount="0"/>
        <line num="240" count="3" type="stmt"/>
        <line num="241" count="3" type="cond" truecount="2" falsecount="0"/>
        <line num="244" count="7" type="stmt"/>
        <line num="249" count="10" type="stmt"/>
        <line num="253" count="10" type="stmt"/>
        <line num="254" count="10" type="cond" truecount="3" falsecount="0"/>
        <line num="256" count="10" type="stmt"/>
        <line num="258" count="10" type="stmt"/>
        <line num="289" count="1" type="stmt"/>
        <line num="350" count="1" type="stmt"/>
      </file>
      <file name="DropdownList.js" path="/Users/RyanDuffy/dev/sandstone/Dropdown/DropdownList.js">
        <metrics statements="47" coveredstatements="34" conditionals="22" coveredconditionals="8" methods="15" coveredmethods="12"/>
        <line num="18" count="1" type="stmt"/>
        <line num="20" count="11" type="cond" truecount="2" falsecount="0"/>
        <line num="22" count="1" type="stmt"/>
        <line num="84" count="3" type="stmt"/>
        <line num="86" count="3" type="stmt"/>
        <line num="87" count="3" type="cond" truecount="1" falsecount="1"/>
        <line num="88" count="3" type="stmt"/>
        <line num="90" count="3" type="stmt"/>
        <line num="92" count="3" type="stmt"/>
        <line num="98" count="1" type="stmt"/>
        <line num="105" count="1" type="stmt"/>
        <line num="106" count="1" type="cond" truecount="1" falsecount="1"/>
        <line num="107" count="1" type="cond" truecount="3" falsecount="1"/>
        <line num="111" count="1" type="stmt"/>
        <line num="112" count="1" type="stmt"/>
        <line num="113" count="1" type="stmt"/>
        <line num="114" count="1" type="stmt"/>
        <line num="115" count="1" type="stmt"/>
        <line num="117" count="1" type="stmt"/>
        <line num="130" count="1" type="stmt"/>
        <line num="139" count="1" type="stmt"/>
        <line num="140" count="1" type="stmt"/>
        <line num="141" count="1" type="stmt"/>
        <line num="143" count="1" type="stmt"/>
        <line num="153" count="1" type="stmt"/>
        <line num="155" count="1" type="stmt"/>
        <line num="162" count="1" type="stmt"/>
        <line num="163" count="1" type="stmt"/>
        <line num="171" count="0" type="cond" truecount="0" falsecount="2"/>
        <line num="172" count="0" type="stmt"/>
        <line num="173" count="0" type="cond" truecount="0" falsecount="2"/>
        <line num="174" count="0" type="stmt"/>
        <line num="178" count="1" type="stmt"/>
        <line num="179" count="1" type="stmt"/>
        <line num="182" count="1" type="stmt"/>
        <line num="183" count="0" type="stmt"/>
        <line num="184" count="0" type="stmt"/>
        <line num="186" count="0" type="cond" truecount="0" falsecount="2"/>
        <line num="187" count="0" type="cond" truecount="0" falsecount="2"/>
        <line num="189" count="0" type="stmt"/>
        <line num="190" count="0" type="stmt"/>
        <line num="193" count="0" type="stmt"/>
        <line num="197" count="0" type="cond" truecount="0" falsecount="2"/>
        <line num="198" count="0" type="stmt"/>
        <line num="203" count="1" type="stmt"/>
        <line num="210" count="1" type="stmt"/>
        <line num="215" count="1" type="stmt"/>
      </file>
    </package>
    <package name="sandstone.EditableIntegerPicker">
      <metrics statements="85" coveredstatements="76" conditionals="63" coveredconditionals="33" methods="21" coveredmethods="20"/>
      <file name="EditableIntegerPicker.js" path="/Users/RyanDuffy/dev/sandstone/EditableIntegerPicker/EditableIntegerPicker.js">
        <metrics statements="32" coveredstatements="25" conditionals="28" coveredconditionals="11" methods="8" coveredmethods="7"/>
        <line num="32" count="1" type="stmt"/>
        <line num="34" count="0" type="cond" truecount="0" falsecount="10"/>
        <line num="51" count="1" type="stmt"/>
        <line num="260" count="31" type="cond" truecount="1" falsecount="1"/>
        <line num="261" count="31" type="stmt"/>
        <line num="263" count="31" type="stmt"/>
        <line num="265" count="31" type="cond" truecount="1" falsecount="1"/>
        <line num="268" count="31" type="stmt"/>
        <line num="270" count="31" type="cond" truecount="1" falsecount="1"/>
        <line num="271" count="0" type="stmt"/>
        <line num="272" count="0" type="stmt"/>
        <line num="273" count="0" type="cond" truecount="0" falsecount="2"/>
        <line num="274" count="0" type="stmt"/>
        <line num="276" count="0" type="stmt"/>
        <line num="278" count="31" type="stmt"/>
        <line num="281" count="31" type="cond" truecount="2" falsecount="0"/>
        <line num="282" count="9" type="stmt"/>
        <line num="292" count="22" type="stmt"/>
        <line num="293" count="22" type="cond" truecount="1" falsecount="1"/>
        <line num="294" count="0" type="stmt"/>
        <line num="297" count="22" type="stmt"/>
        <line num="306" count="31" type="cond" truecount="1" falsecount="1"/>
        <line num="307" count="31" type="cond" truecount="2" falsecount="0"/>
        <line num="308" count="31" type="cond" truecount="2" falsecount="0"/>
        <line num="312" count="31" type="stmt"/>
        <line num="313" count="31" type="stmt"/>
        <line num="314" count="31" type="stmt"/>
        <line num="315" count="31" type="stmt"/>
        <line num="316" count="31" type="stmt"/>
        <line num="317" count="31" type="stmt"/>
        <line num="319" count="31" type="stmt"/>
        <line num="343" count="1" type="stmt"/>
      </file>
      <file name="EditableIntegerPickerDecorator.js" path="/Users/RyanDuffy/dev/sandstone/EditableIntegerPicker/EditableIntegerPickerDecorator.js">
        <metrics statements="53" coveredstatements="51" conditionals="35" coveredconditionals="22" methods="13" coveredmethods="13"/>
        <line num="10" count="1" type="stmt"/>
        <line num="25" count="1" type="stmt"/>
        <line num="27" count="1" type="stmt"/>
        <line num="28" count="1" type="stmt"/>
        <line num="29" count="1" type="stmt"/>
        <line num="30" count="1" type="stmt"/>
        <line num="32" count="1" type="stmt"/>
        <line num="34" count="1" type="stmt"/>
        <line num="36" count="1" type="stmt"/>
        <line num="82" count="1" type="stmt"/>
        <line num="87" count="12" type="stmt"/>
        <line num="88" count="12" type="stmt"/>
        <line num="89" count="12" type="stmt"/>
        <line num="98" count="12" type="stmt"/>
        <line num="99" count="3" type="cond" truecount="2" falsecount="0"/>
        <line num="100" count="2" type="stmt"/>
        <line num="104" count="2" type="stmt"/>
        <line num="108" count="12" type="stmt"/>
        <line num="109" count="9" type="stmt"/>
        <line num="113" count="9" type="stmt"/>
        <line num="116" count="12" type="stmt"/>
        <line num="117" count="7" type="cond" truecount="3" falsecount="1"/>
        <line num="118" count="7" type="stmt"/>
        <line num="120" count="7" type="stmt"/>
        <line num="123" count="12" type="stmt"/>
        <line num="124" count="16" type="cond" truecount="2" falsecount="0"/>
        <line num="125" count="9" type="stmt"/>
        <line num="126" count="9" type="stmt"/>
        <line num="130" count="12" type="stmt"/>
        <line num="131" count="12" type="stmt"/>
        <line num="134" count="12" type="stmt"/>
        <line num="135" count="16" type="cond" truecount="2" falsecount="0"/>
        <line num="136" count="7" type="stmt"/>
        <line num="138" count="9" type="stmt"/>
        <line num="142" count="12" type="stmt"/>
        <line num="143" count="2" type="stmt"/>
        <line num="144" count="2" type="cond" truecount="1" falsecount="1"/>
        <line num="145" count="2" type="cond" truecount="4" falsecount="4"/>
        <line num="146" count="2" type="stmt"/>
        <line num="147" count="0" type="cond" truecount="0" falsecount="7"/>
        <line num="148" count="0" type="stmt"/>
        <line num="150" count="2" type="stmt"/>
        <line num="153" count="12" type="stmt"/>
        <line num="154" count="7" type="stmt"/>
        <line num="155" count="7" type="cond" truecount="2" falsecount="0"/>
        <line num="156" count="3" type="stmt"/>
        <line num="158" count="7" type="stmt"/>
        <line num="162" count="7" type="stmt"/>
        <line num="163" count="7" type="stmt"/>
        <line num="165" count="7" type="stmt"/>
        <line num="168" count="12" type="stmt"/>
        <line num="169" count="9" type="cond" truecount="4" falsecount="0"/>
        <line num="173" count="30" type="stmt"/>
      </file>
    </package>
    <package name="sandstone.ExpandableInput">
      <metrics statements="43" coveredstatements="32" conditionals="18" coveredconditionals="11" methods="15" coveredmethods="5"/>
      <file name="ExpandableInput.js" path="/Users/RyanDuffy/dev/sandstone/ExpandableInput/ExpandableInput.js">
        <metrics statements="43" coveredstatements="32" conditionals="18" coveredconditionals="11" methods="15" coveredmethods="5"/>
        <line num="29" count="1" type="stmt"/>
        <line num="32" count="0" type="stmt"/>
        <line num="38" count="1" type="stmt"/>
        <line num="57" count="1" type="stmt"/>
        <line num="59" count="1" type="stmt"/>
        <line num="193" count="1" type="stmt"/>
        <line num="198" count="8" type="stmt"/>
        <line num="200" count="8" type="stmt"/>
        <line num="201" count="8" type="stmt"/>
        <line num="202" count="8" type="stmt"/>
        <line num="206" count="8" type="stmt"/>
        <line num="207" count="8" type="stmt"/>
        <line num="209" count="8" type="stmt"/>
        <line num="216" count="0" type="cond" truecount="0" falsecount="4"/>
        <line num="217" count="0" type="stmt"/>
        <line num="222" count="0" type="stmt"/>
        <line num="226" count="8" type="stmt"/>
        <line num="227" count="8" type="cond" truecount="4" falsecount="0"/>
        <line num="228" count="8" type="stmt"/>
        <line num="232" count="8" type="stmt"/>
        <line num="233" count="8" type="cond" truecount="2" falsecount="0"/>
        <line num="234" count="3" type="stmt"/>
        <line num="236" count="5" type="cond" truecount="2" falsecount="0"/>
        <line num="240" count="8" type="stmt"/>
        <line num="241" count="0" type="stmt"/>
        <line num="242" count="0" type="stmt"/>
        <line num="248" count="0" type="cond" truecount="0" falsecount="2"/>
        <line num="251" count="8" type="stmt"/>
        <line num="259" count="8" type="stmt"/>
        <line num="260" count="0" type="stmt"/>
        <line num="263" count="8" type="stmt"/>
        <line num="265" count="8" type="stmt"/>
        <line num="266" count="0" type="stmt"/>
        <line num="269" count="8" type="stmt"/>
        <line num="271" count="0" type="stmt"/>
        <line num="274" count="8" type="stmt"/>
        <line num="275" count="0" type="stmt"/>
        <line num="278" count="8" type="cond" truecount="1" falsecount="1"/>
        <line num="292" count="8" type="stmt"/>
        <line num="294" count="8" type="stmt"/>
        <line num="295" count="8" type="stmt"/>
        <line num="297" count="8" type="stmt"/>
        <line num="355" count="1" type="stmt"/>
      </file>
    </package>
    <package name="sandstone.ExpandableItem">
      <metrics statements="132" coveredstatements="63" conditionals="92" coveredconditionals="25" methods="31" coveredmethods="15"/>
      <file name="Expandable.js" path="/Users/RyanDuffy/dev/sandstone/ExpandableItem/Expandable.js">
        <metrics statements="7" coveredstatements="4" conditionals="2" coveredconditionals="0" methods="2" coveredmethods="1"/>
        <line num="20" count="8" type="stmt"/>
        <line num="21" count="0" type="cond" truecount="0" falsecount="2"/>
        <line num="22" count="0" type="stmt"/>
        <line num="23" count="0" type="stmt"/>
        <line num="33" count="8" type="stmt"/>
        <line num="73" count="8" type="stmt"/>
        <line num="74" count="16" type="stmt"/>
      </file>
      <file name="ExpandableItem.js" path="/Users/RyanDuffy/dev/sandstone/ExpandableItem/ExpandableItem.js">
        <metrics statements="40" coveredstatements="20" conditionals="39" coveredconditionals="13" methods="9" coveredmethods="6"/>
        <line num="38" count="8" type="stmt"/>
        <line num="39" count="8" type="stmt"/>
        <line num="41" count="8" type="stmt"/>
        <line num="47" count="0" type="stmt"/>
        <line num="50" count="0" type="cond" truecount="0" falsecount="2"/>
        <line num="51" count="0" type="stmt"/>
        <line num="54" count="0" type="stmt"/>
        <line num="55" count="0" type="stmt"/>
        <line num="57" count="0" type="stmt"/>
        <line num="69" count="8" type="stmt"/>
        <line num="309" count="0" type="cond" truecount="0" falsecount="5"/>
        <line num="310" count="0" type="stmt"/>
        <line num="315" count="0" type="cond" truecount="0" falsecount="6"/>
        <line num="316" count="0" type="stmt"/>
        <line num="317" count="0" type="stmt"/>
        <line num="318" count="0" type="stmt"/>
        <line num="319" count="0" type="cond" truecount="0" falsecount="4"/>
        <line num="320" count="0" type="cond" truecount="0" falsecount="2"/>
        <line num="321" count="0" type="stmt"/>
        <line num="322" count="0" type="stmt"/>
        <line num="323" count="0" type="cond" truecount="0" falsecount="2"/>
        <line num="324" count="0" type="stmt"/>
        <line num="330" count="0" type="cond" truecount="0" falsecount="5"/>
        <line num="331" count="0" type="stmt"/>
        <line num="349" count="58" type="stmt"/>
        <line num="353" count="60" type="cond" truecount="2" falsecount="0"/>
        <line num="354" count="58" type="stmt"/>
        <line num="355" count="59" type="cond" truecount="2" falsecount="0"/>
        <line num="356" count="58" type="cond" truecount="2" falsecount="0"/>
        <line num="381" count="58" type="stmt"/>
        <line num="382" count="58" type="stmt"/>
        <line num="383" count="58" type="stmt"/>
        <line num="384" count="58" type="stmt"/>
        <line num="385" count="58" type="stmt"/>
        <line num="386" count="58" type="stmt"/>
        <line num="387" count="58" type="stmt"/>
        <line num="389" count="58" type="stmt"/>
        <line num="390" count="58" type="stmt"/>
        <line num="392" count="58" type="stmt"/>
        <line num="456" count="8" type="stmt"/>
      </file>
      <file name="ExpandableSpotlightDecorator.js" path="/Users/RyanDuffy/dev/sandstone/ExpandableItem/ExpandableSpotlightDecorator.js">
        <metrics statements="83" coveredstatements="38" conditionals="51" coveredconditionals="12" methods="19" coveredmethods="8"/>
        <line num="11" count="59" type="cond" truecount="2" falsecount="1"/>
        <line num="20" count="8" type="stmt"/>
        <line num="55" count="8" type="stmt"/>
        <line num="56" count="16" type="stmt"/>
        <line num="58" count="16" type="stmt"/>
        <line num="59" count="16" type="stmt"/>
        <line num="61" count="16" type="stmt"/>
        <line num="91" count="16" type="stmt"/>
        <line num="97" count="49" type="stmt"/>
        <line num="99" count="49" type="stmt"/>
        <line num="100" count="49" type="stmt"/>
        <line num="105" count="49" type="stmt"/>
        <line num="109" count="54" type="cond" truecount="2" falsecount="0"/>
        <line num="111" count="54" type="cond" truecount="1" falsecount="1"/>
        <line num="112" count="0" type="stmt"/>
        <line num="113" count="54" type="cond" truecount="2" falsecount="0"/>
        <line num="114" count="1" type="stmt"/>
        <line num="116" count="53" type="stmt"/>
        <line num="120" count="5" type="cond" truecount="1" falsecount="1"/>
        <line num="122" count="0" type="stmt"/>
        <line num="127" count="0" type="stmt"/>
        <line num="128" count="0" type="stmt"/>
        <line num="131" count="49" type="stmt"/>
        <line num="132" count="0" type="stmt"/>
        <line num="133" count="0" type="cond" truecount="0" falsecount="4"/>
        <line num="134" count="0" type="stmt"/>
        <line num="135" count="0" type="cond" truecount="0" falsecount="5"/>
        <line num="136" count="0" type="stmt"/>
        <line num="139" count="0" type="cond" truecount="0" falsecount="2"/>
        <line num="140" count="0" type="stmt"/>
        <line num="142" count="0" type="cond" truecount="0" falsecount="2"/>
        <line num="143" count="0" type="stmt"/>
        <line num="147" count="0" type="cond" truecount="0" falsecount="2"/>
        <line num="148" count="0" type="stmt"/>
        <line num="154" count="49" type="stmt"/>
        <line num="155" count="0" type="stmt"/>
        <line num="156" count="0" type="stmt"/>
        <line num="158" count="0" type="cond" truecount="0" falsecount="2"/>
        <line num="160" count="0" type="cond" truecount="0" falsecount="2"/>
        <line num="161" count="0" type="cond" truecount="0" falsecount="2"/>
        <line num="164" count="0" type="stmt"/>
        <line num="167" count="0" type="stmt"/>
        <line num="169" count="0" type="stmt"/>
        <line num="179" count="0" type="cond" truecount="0" falsecount="3"/>
        <line num="180" count="0" type="cond" truecount="0" falsecount="2"/>
        <line num="181" count="0" type="stmt"/>
        <line num="182" count="0" type="stmt"/>
        <line num="185" count="0" type="stmt"/>
        <line num="189" count="49" type="stmt"/>
        <line num="190" count="0" type="cond" truecount="0" falsecount="2"/>
        <line num="192" count="0" type="stmt"/>
        <line num="193" count="0" type="cond" truecount="0" falsecount="2"/>
        <line num="195" count="0" type="cond" truecount="0" falsecount="2"/>
        <line num="198" count="0" type="stmt"/>
        <line num="201" count="0" type="stmt"/>
        <line num="203" count="0" type="cond" truecount="0" falsecount="2"/>
        <line num="204" count="0" type="stmt"/>
        <line num="209" count="49" type="stmt"/>
        <line num="210" count="3" type="stmt"/>
        <line num="213" count="49" type="stmt"/>
        <line num="214" count="0" type="stmt"/>
        <line num="217" count="49" type="stmt"/>
        <line num="218" count="0" type="stmt"/>
        <line num="219" count="0" type="stmt"/>
        <line num="222" count="49" type="stmt"/>
        <line num="224" count="49" type="stmt"/>
        <line num="229" count="49" type="stmt"/>
        <line num="234" count="49" type="stmt"/>
        <line num="235" count="0" type="stmt"/>
        <line num="236" count="0" type="stmt"/>
        <line num="239" count="49" type="stmt"/>
        <line num="240" count="0" type="stmt"/>
        <line num="243" count="49" type="stmt"/>
        <line num="244" count="0" type="cond" truecount="0" falsecount="2"/>
        <line num="245" count="0" type="stmt"/>
        <line num="249" count="49" type="stmt"/>
        <line num="250" count="0" type="stmt"/>
        <line num="255" count="49" type="stmt"/>
        <line num="256" count="48" type="stmt"/>
        <line num="260" count="54" type="stmt"/>
        <line num="261" count="54" type="stmt"/>
        <line num="262" count="54" type="stmt"/>
        <line num="264" count="54" type="stmt"/>
      </file>
      <file name="ExpandableTransitionContainer.js" path="/Users/RyanDuffy/dev/sandstone/ExpandableItem/ExpandableTransitionContainer.js">
        <metrics statements="2" coveredstatements="1" conditionals="0" coveredconditionals="0" methods="1" coveredmethods="0"/>
        <line num="13" count="8" type="stmt"/>
        <line num="15" count="0" type="stmt"/>
      </file>
    </package>
    <package name="sandstone.ExpandableList">
      <metrics statements="32" coveredstatements="20" conditionals="48" coveredconditionals="27" methods="13" coveredmethods="9"/>
      <file name="ExpandableList.js" path="/Users/RyanDuffy/dev/sandstone/ExpandableList/ExpandableList.js">
        <metrics statements="32" coveredstatements="20" conditionals="48" coveredconditionals="27" methods="13" coveredmethods="9"/>
        <line num="36" count="2" type="stmt"/>
        <line num="40" count="1" type="cond" truecount="4" falsecount="0"/>
        <line num="59" count="2" type="stmt"/>
        <line num="260" count="0" type="cond" truecount="0" falsecount="5"/>
        <line num="261" count="0" type="stmt"/>
        <line num="264" count="0" type="cond" truecount="0" falsecount="2"/>
        <line num="265" count="0" type="stmt"/>
        <line num="276" count="14" type="stmt"/>
        <line num="279" count="14" type="cond" truecount="3" falsecount="0"/>
        <line num="288" count="14" type="stmt"/>
        <line num="299" count="14" type="cond" truecount="2" falsecount="0"/>
        <line num="300" count="5" type="stmt"/>
        <line num="301" count="9" type="cond" truecount="5" falsecount="0"/>
        <line num="302" count="3" type="cond" truecount="1" falsecount="1"/>
        <line num="303" count="3" type="cond" truecount="2" falsecount="2"/>
        <line num="304" count="0" type="cond" truecount="0" falsecount="2"/>
        <line num="305" count="3" type="cond" truecount="2" falsecount="0"/>
        <line num="306" count="1" type="stmt"/>
        <line num="308" count="2" type="stmt"/>
        <line num="315" count="14" type="cond" truecount="4" falsecount="0"/>
        <line num="319" count="14" type="cond" truecount="2" falsecount="0"/>
        <line num="322" count="14" type="cond" truecount="2" falsecount="2"/>
        <line num="337" count="14" type="stmt"/>
        <line num="339" count="14" type="stmt"/>
        <line num="386" count="2" type="stmt"/>
        <line num="395" count="0" type="stmt"/>
        <line num="396" count="0" type="cond" truecount="0" falsecount="4"/>
        <line num="397" count="0" type="stmt"/>
        <line num="400" count="0" type="stmt"/>
        <line num="401" count="0" type="cond" truecount="0" falsecount="2"/>
        <line num="402" count="0" type="stmt"/>
        <line num="405" count="0" type="stmt"/>
      </file>
    </package>
    <package name="sandstone.ExpandablePicker">
      <metrics statements="24" coveredstatements="22" conditionals="18" coveredconditionals="10" methods="9" coveredmethods="6"/>
      <file name="ExpandablePicker.js" path="/Users/RyanDuffy/dev/sandstone/ExpandablePicker/ExpandablePicker.js">
        <metrics statements="11" coveredstatements="11" conditionals="14" coveredconditionals="8" methods="3" coveredmethods="3"/>
        <line num="46" count="1" type="stmt"/>
        <line num="312" count="3" type="cond" truecount="1" falsecount="1"/>
        <line num="313" count="3" type="stmt"/>
        <line num="316" count="3" type="cond" truecount="1" falsecount="1"/>
        <line num="317" count="3" type="stmt"/>
        <line num="323" count="11" type="stmt"/>
        <line num="352" count="11" type="stmt"/>
        <line num="354" count="11" type="stmt"/>
        <line num="355" count="11" type="stmt"/>
        <line num="357" count="11" type="stmt"/>
        <line num="435" count="1" type="stmt"/>
      </file>
      <file name="ExpandablePickerDecorator.js" path="/Users/RyanDuffy/dev/sandstone/ExpandablePicker/ExpandablePickerDecorator.js">
        <metrics statements="13" coveredstatements="11" conditionals="4" coveredconditionals="2" methods="6" coveredmethods="3"/>
        <line num="6" count="1" type="stmt"/>
        <line num="8" count="1" type="stmt"/>
        <line num="9" count="1" type="stmt"/>
        <line num="11" count="1" type="stmt"/>
        <line num="17" count="9" type="stmt"/>
        <line num="19" count="9" type="stmt"/>
        <line num="24" count="9" type="stmt"/>
        <line num="26" count="9" type="stmt"/>
        <line num="28" count="0" type="cond" truecount="0" falsecount="2"/>
        <line num="31" count="9" type="stmt"/>
        <line num="32" count="0" type="stmt"/>
        <line num="38" count="11" type="cond" truecount="2" falsecount="0"/>
        <line num="40" count="11" type="stmt"/>
      </file>
    </package>
    <package name="sandstone.FormCheckbox">
      <metrics statements="2" coveredstatements="0" conditionals="0" coveredconditionals="0" methods="1" coveredmethods="0"/>
      <file name="FormCheckbox.js" path="/Users/RyanDuffy/dev/sandstone/FormCheckbox/FormCheckbox.js">
        <metrics statements="2" coveredstatements="0" conditionals="0" coveredconditionals="0" methods="1" coveredmethods="0"/>
        <line num="32" count="0" type="stmt"/>
        <line num="62" count="0" type="stmt"/>
      </file>
    </package>
    <package name="sandstone.FormCheckboxItem">
      <metrics statements="3" coveredstatements="0" conditionals="0" coveredconditionals="0" methods="1" coveredmethods="0"/>
      <file name="FormCheckboxItem.js" path="/Users/RyanDuffy/dev/sandstone/FormCheckboxItem/FormCheckboxItem.js">
        <metrics statements="3" coveredstatements="0" conditionals="0" coveredconditionals="0" methods="1" coveredmethods="0"/>
        <line num="31" count="0" type="stmt"/>
        <line num="56" count="0" type="stmt"/>
        <line num="67" count="0" type="stmt"/>
      </file>
    </package>
    <package name="sandstone.GridListImageItem">
      <metrics statements="17" coveredstatements="0" conditionals="8" coveredconditionals="0" methods="4" coveredmethods="0"/>
      <file name="GridListImageItem.js" path="/Users/RyanDuffy/dev/sandstone/GridListImageItem/GridListImageItem.js">
        <metrics statements="17" coveredstatements="0" conditionals="8" coveredconditionals="0" methods="4" coveredmethods="0"/>
        <line num="37" count="0" type="stmt"/>
        <line num="41" count="0" type="stmt"/>
        <line num="42" count="0" type="stmt"/>
        <line num="54" count="0" type="stmt"/>
        <line num="176" count="0" type="stmt"/>
        <line num="177" count="0" type="stmt"/>
        <line num="183" count="0" type="stmt"/>
        <line num="199" count="0" type="stmt"/>
        <line num="200" count="0" type="stmt"/>
        <line num="201" count="0" type="stmt"/>
        <line num="202" count="0" type="stmt"/>
        <line num="204" count="0" type="cond" truecount="0" falsecount="2"/>
        <line num="205" count="0" type="stmt"/>
        <line num="206" count="0" type="stmt"/>
        <line num="209" count="0" type="stmt"/>
        <line num="237" count="0" type="stmt"/>
        <line num="263" count="0" type="stmt"/>
      </file>
    </package>
    <package name="sandstone.Heading">
      <metrics statements="6" coveredstatements="6" conditionals="0" coveredconditionals="0" methods="2" coveredmethods="2"/>
      <file name="Heading.js" path="/Users/RyanDuffy/dev/sandstone/Heading/Heading.js">
        <metrics statements="6" coveredstatements="6" conditionals="0" coveredconditionals="0" methods="2" coveredmethods="2"/>
        <line num="42" count="7" type="stmt"/>
        <line num="83" count="91" type="stmt"/>
        <line num="87" count="91" type="stmt"/>
        <line num="88" count="91" type="stmt"/>
        <line num="101" count="7" type="stmt"/>
        <line num="136" count="7" type="stmt"/>
      </file>
    </package>
    <package name="sandstone.Icon">
      <metrics statements="5" coveredstatements="5" conditionals="0" coveredconditionals="0" methods="2" coveredmethods="2"/>
      <file name="Icon.js" path="/Users/RyanDuffy/dev/sandstone/Icon/Icon.js">
        <metrics statements="5" coveredstatements="5" conditionals="0" coveredconditionals="0" methods="2" coveredmethods="2"/>
        <line num="35" count="37" type="stmt"/>
        <line num="75" count="1088" type="stmt"/>
        <line num="80" count="1088" type="stmt"/>
        <line num="234" count="37" type="stmt"/>
        <line num="249" count="37" type="stmt"/>
      </file>
      <file name="IconList.js" path="/Users/RyanDuffy/dev/sandstone/Icon/IconList.js">
        <metrics statements="0" coveredstatements="0" conditionals="0" coveredconditionals="0" methods="0" coveredmethods="0"/>
      </file>
    </package>
    <package name="sandstone.IconButton">
      <metrics statements="5" coveredstatements="5" conditionals="0" coveredconditionals="0" methods="1" coveredmethods="1"/>
      <file name="IconButton.js" path="/Users/RyanDuffy/dev/sandstone/IconButton/IconButton.js">
        <metrics statements="5" coveredstatements="5" conditionals="0" coveredconditionals="0" methods="1" coveredmethods="1"/>
        <line num="39" count="1" type="stmt"/>
        <line num="43" count="2" type="stmt"/>
        <line num="49" count="2" type="stmt"/>
        <line num="67" count="1" type="stmt"/>
        <line num="92" count="1" type="stmt"/>
      </file>
    </package>
    <package name="sandstone.Image">
      <metrics statements="19" coveredstatements="13" conditionals="2" coveredconditionals="0" methods="8" coveredmethods="5"/>
      <file name="Image.js" path="/Users/RyanDuffy/dev/sandstone/Image/Image.js">
        <metrics statements="19" coveredstatements="13" conditionals="2" coveredconditionals="0" methods="8" coveredmethods="5"/>
        <line num="35" count="2" type="stmt"/>
        <line num="59" count="7" type="stmt"/>
        <line num="79" count="2" type="stmt"/>
        <line num="80" count="2" type="stmt"/>
        <line num="81" count="2" type="stmt"/>
        <line num="83" count="2" type="stmt"/>
        <line num="88" count="4" type="stmt"/>
        <line num="89" count="4" type="stmt"/>
        <line num="95" count="4" type="stmt"/>
        <line num="99" count="0" type="stmt"/>
        <line num="102" count="4" type="stmt"/>
        <line num="103" count="0" type="stmt"/>
        <line num="104" count="0" type="stmt"/>
        <line num="106" count="0" type="cond" truecount="0" falsecount="2"/>
        <line num="107" count="0" type="stmt"/>
        <line num="110" count="0" type="stmt"/>
        <line num="115" count="4" type="stmt"/>
        <line num="128" count="2" type="stmt"/>
        <line num="154" count="2" type="stmt"/>
      </file>
    </package>
    <package name="sandstone.ImageItem">
      <metrics statements="15" coveredstatements="15" conditionals="15" coveredconditionals="15" methods="2" coveredmethods="2"/>
      <file name="ImageItem.js" path="/Users/RyanDuffy/dev/sandstone/ImageItem/ImageItem.js">
        <metrics statements="15" coveredstatements="15" conditionals="15" coveredconditionals="15" methods="2" coveredmethods="2"/>
        <line num="35" count="1" type="stmt"/>
        <line num="49" count="1" type="stmt"/>
        <line num="205" count="9" type="cond" truecount="2" falsecount="0"/>
        <line num="207" count="9" type="cond" truecount="5" falsecount="0"/>
        <line num="209" count="5" type="stmt"/>
        <line num="229" count="9" type="stmt"/>
        <line num="230" count="9" type="stmt"/>
        <line num="231" count="9" type="stmt"/>
        <line num="233" count="9" type="cond" truecount="2" falsecount="0"/>
        <line num="234" count="1" type="stmt"/>
        <line num="235" count="1" type="stmt"/>
        <line num="238" count="9" type="stmt"/>
        <line num="273" count="1" type="stmt"/>
        <line num="299" count="1" type="stmt"/>
        <line num="300" count="1" type="stmt"/>
      </file>
    </package>
    <package name="sandstone.IncrementSlider">
      <metrics statements="49" coveredstatements="49" conditionals="50" coveredconditionals="47" methods="11" coveredmethods="11"/>
      <file name="IncrementSlider.js" path="/Users/RyanDuffy/dev/sandstone/IncrementSlider/IncrementSlider.js">
        <metrics statements="45" coveredstatements="45" conditionals="50" coveredconditionals="47" methods="10" coveredmethods="10"/>
        <line num="46" count="1" type="stmt"/>
        <line num="47" count="1" type="stmt"/>
        <line num="48" count="1" type="stmt"/>
        <line num="49" count="1" type="stmt"/>
        <line num="51" count="1" type="stmt"/>
        <line num="53" count="12" type="stmt"/>
        <line num="67" count="1" type="stmt"/>
        <line num="427" count="16" type="stmt"/>
        <line num="429" count="16" type="stmt"/>
        <line num="432" count="16" type="cond" truecount="2" falsecount="0"/>
        <line num="433" count="4" type="stmt"/>
        <line num="434" count="4" type="stmt"/>
        <line num="437" count="12" type="stmt"/>
        <line num="438" count="12" type="stmt"/>
        <line num="440" count="12" type="cond" truecount="5" falsecount="0"/>
        <line num="441" count="3" type="stmt"/>
        <line num="442" count="9" type="cond" truecount="5" falsecount="0"/>
        <line num="443" count="3" type="stmt"/>
        <line num="444" count="6" type="cond" truecount="5" falsecount="0"/>
        <line num="445" count="3" type="stmt"/>
        <line num="446" count="3" type="cond" truecount="4" falsecount="1"/>
        <line num="447" count="3" type="stmt"/>
        <line num="459" count="35" type="stmt"/>
        <line num="460" count="35" type="cond" truecount="3" falsecount="0"/>
        <line num="461" count="35" type="cond" truecount="3" falsecount="0"/>
        <line num="462" count="35" type="cond" truecount="4" falsecount="0"/>
        <line num="463" count="35" type="cond" truecount="4" falsecount="0"/>
        <line num="465" count="35" type="cond" truecount="2" falsecount="0"/>
        <line num="466" count="34" type="stmt"/>
        <line num="469" count="35" type="cond" truecount="1" falsecount="1"/>
        <line num="472" count="35" type="cond" truecount="2" falsecount="0"/>
        <line num="473" count="34" type="stmt"/>
        <line num="476" count="35" type="cond" truecount="1" falsecount="1"/>
        <line num="513" count="35" type="stmt"/>
        <line num="514" count="35" type="stmt"/>
        <line num="515" count="35" type="stmt"/>
        <line num="516" count="35" type="stmt"/>
        <line num="518" count="35" type="stmt"/>
        <line num="519" count="35" type="stmt"/>
        <line num="520" count="35" type="stmt"/>
        <line num="521" count="35" type="stmt"/>
        <line num="522" count="35" type="stmt"/>
        <line num="524" count="35" type="stmt"/>
        <line num="579" count="1" type="stmt"/>
        <line num="603" count="1" type="stmt"/>
      </file>
      <file name="IncrementSliderButton.js" path="/Users/RyanDuffy/dev/sandstone/IncrementSlider/IncrementSliderButton.js">
        <metrics statements="4" coveredstatements="4" conditionals="0" coveredconditionals="0" methods="1" coveredmethods="1"/>
        <line num="18" count="1" type="stmt"/>
        <line num="26" count="70" type="stmt"/>
        <line num="39" count="1" type="stmt"/>
        <line num="40" count="1" type="stmt"/>
      </file>
    </package>
    <package name="sandstone.Input">
      <metrics statements="268" coveredstatements="205" conditionals="206" coveredconditionals="99" methods="67" coveredmethods="50"/>
      <file name="Input.js" path="/Users/RyanDuffy/dev/sandstone/Input/Input.js">
        <metrics statements="16" coveredstatements="11" conditionals="18" coveredconditionals="16" methods="6" coveredmethods="2"/>
        <line num="23" count="3" type="stmt"/>
        <line num="33" count="3" type="stmt"/>
        <line num="192" count="0" type="stmt"/>
        <line num="196" count="0" type="stmt"/>
        <line num="197" count="0" type="stmt"/>
        <line num="198" count="0" type="stmt"/>
        <line num="200" count="0" type="stmt"/>
        <line num="214" count="12" type="stmt"/>
        <line num="239" count="12" type="stmt"/>
        <line num="240" count="12" type="cond" truecount="2" falsecount="0"/>
        <line num="241" count="12" type="cond" truecount="2" falsecount="0"/>
        <line num="243" count="12" type="stmt"/>
        <line num="244" count="12" type="stmt"/>
        <line num="246" count="12" type="stmt"/>
        <line num="306" count="3" type="stmt"/>
        <line num="333" count="3" type="stmt"/>
      </file>
      <file name="InputField.js" path="/Users/RyanDuffy/dev/sandstone/Input/InputField.js">
        <metrics statements="19" coveredstatements="19" conditionals="21" coveredconditionals="19" methods="7" coveredmethods="7"/>
        <line num="32" count="3" type="stmt"/>
        <line num="224" count="1" type="stmt"/>
        <line num="232" count="30" type="cond" truecount="4" falsecount="0"/>
        <line num="233" count="30" type="stmt"/>
        <line num="235" count="30" type="stmt"/>
        <line num="236" count="30" type="cond" truecount="4" falsecount="0"/>
        <line num="238" count="30" type="cond" truecount="4" falsecount="0"/>
        <line num="239" count="1" type="cond" truecount="1" falsecount="1"/>
        <line num="240" count="1" type="stmt"/>
        <line num="248" count="30" type="cond" truecount="3" falsecount="1"/>
        <line num="252" count="30" type="stmt"/>
        <line num="253" count="30" type="stmt"/>
        <line num="254" count="30" type="stmt"/>
        <line num="255" count="30" type="stmt"/>
        <line num="256" count="30" type="stmt"/>
        <line num="257" count="30" type="stmt"/>
        <line num="259" count="30" type="stmt"/>
        <line num="295" count="3" type="stmt"/>
        <line num="319" count="3" type="stmt"/>
      </file>
      <file name="InputFieldDecoratorIcon.js" path="/Users/RyanDuffy/dev/sandstone/Input/InputFieldDecoratorIcon.js">
        <metrics statements="5" coveredstatements="5" conditionals="4" coveredconditionals="3" methods="2" coveredmethods="2"/>
        <line num="18" count="3" type="stmt"/>
        <line num="46" count="48" type="cond" truecount="2" falsecount="0"/>
        <line num="51" count="48" type="stmt"/>
        <line num="53" count="48" type="cond" truecount="1" falsecount="1"/>
        <line num="67" count="3" type="stmt"/>
      </file>
      <file name="InputFieldSpotlightDecorator.js" path="/Users/RyanDuffy/dev/sandstone/Input/InputFieldSpotlightDecorator.js">
        <metrics statements="124" coveredstatements="82" conditionals="89" coveredconditionals="34" methods="19" coveredmethods="17"/>
        <line num="12" count="3" type="stmt"/>
        <line num="15" count="3" type="stmt"/>
        <line num="17" count="3" type="stmt"/>
        <line num="18" count="0" type="cond" truecount="0" falsecount="2"/>
        <line num="19" count="0" type="stmt"/>
        <line num="21" count="0" type="stmt"/>
        <line num="25" count="3" type="stmt"/>
        <line num="37" count="3" type="stmt"/>
        <line num="57" count="3" type="stmt"/>
        <line num="58" count="3" type="stmt"/>
        <line num="59" count="3" type="stmt"/>
        <line num="60" count="3" type="stmt"/>
        <line num="61" count="3" type="stmt"/>
        <line num="62" count="3" type="stmt"/>
        <line num="63" count="3" type="stmt"/>
        <line num="65" count="3" type="stmt"/>
        <line num="66" count="3" type="stmt"/>
        <line num="68" count="3" type="stmt"/>
        <line num="134" count="24" type="stmt"/>
        <line num="136" count="24" type="stmt"/>
        <line num="141" count="24" type="stmt"/>
        <line num="142" count="24" type="stmt"/>
        <line num="146" count="6" type="stmt"/>
        <line num="150" count="1" type="stmt"/>
        <line num="152" count="1" type="cond" truecount="1" falsecount="1"/>
        <line num="153" count="1" type="stmt"/>
        <line num="155" count="1" type="cond" truecount="1" falsecount="1"/>
        <line num="156" count="0" type="stmt"/>
        <line num="159" count="1" type="cond" truecount="1" falsecount="1"/>
        <line num="160" count="1" type="stmt"/>
        <line num="165" count="24" type="stmt"/>
        <line num="167" count="6" type="cond" truecount="2" falsecount="0"/>
        <line num="172" count="4" type="stmt"/>
        <line num="175" count="6" type="stmt"/>
        <line num="176" count="6" type="cond" truecount="2" falsecount="0"/>
        <line num="177" count="5" type="cond" truecount="2" falsecount="0"/>
        <line num="178" count="3" type="stmt"/>
        <line num="179" count="3" type="cond" truecount="1" falsecount="1"/>
        <line num="180" count="3" type="stmt"/>
        <line num="182" count="3" type="stmt"/>
        <line num="183" count="2" type="cond" truecount="2" falsecount="0"/>
        <line num="184" count="1" type="stmt"/>
        <line num="185" count="1" type="cond" truecount="1" falsecount="1"/>
        <line num="186" count="1" type="stmt"/>
        <line num="188" count="1" type="stmt"/>
        <line num="193" count="24" type="stmt"/>
        <line num="194" count="4" type="stmt"/>
        <line num="197" count="24" type="stmt"/>
        <line num="198" count="1" type="stmt"/>
        <line num="199" count="1" type="cond" truecount="2" falsecount="2"/>
        <line num="203" count="24" type="stmt"/>
        <line num="204" count="1" type="stmt"/>
        <line num="207" count="24" type="stmt"/>
        <line num="208" count="3" type="stmt"/>
        <line num="211" count="24" type="stmt"/>
        <line num="212" count="1" type="cond" truecount="1" falsecount="1"/>
        <line num="213" count="1" type="cond" truecount="1" falsecount="1"/>
        <line num="214" count="1" type="cond" truecount="1" falsecount="1"/>
        <line num="215" count="1" type="stmt"/>
        <line num="216" count="1" type="stmt"/>
        <line num="218" count="0" type="stmt"/>
        <line num="219" count="0" type="stmt"/>
        <line num="221" count="0" type="cond" truecount="0" falsecount="2"/>
        <line num="223" count="0" type="stmt"/>
        <line num="224" count="0" type="stmt"/>
        <line num="226" count="0" type="cond" truecount="0" falsecount="2"/>
        <line num="227" count="0" type="cond" truecount="0" falsecount="5"/>
        <line num="228" count="0" type="stmt"/>
        <line num="229" count="0" type="stmt"/>
        <line num="231" count="0" type="stmt"/>
        <line num="232" count="0" type="stmt"/>
        <line num="233" count="0" type="stmt"/>
        <line num="238" count="24" type="stmt"/>
        <line num="239" count="3" type="stmt"/>
        <line num="241" count="3" type="stmt"/>
        <line num="244" count="3" type="cond" truecount="3" falsecount="1"/>
        <line num="245" count="3" type="stmt"/>
        <line num="248" count="3" type="stmt"/>
        <line num="251" count="24" type="stmt"/>
        <line num="252" count="2" type="stmt"/>
        <line num="256" count="2" type="cond" truecount="3" falsecount="3"/>
        <line num="257" count="0" type="stmt"/>
        <line num="258" count="0" type="stmt"/>
        <line num="263" count="0" type="stmt"/>
        <line num="267" count="0" type="stmt"/>
        <line num="269" count="0" type="cond" truecount="0" falsecount="2"/>
        <line num="270" count="0" type="stmt"/>
        <line num="271" count="0" type="stmt"/>
        <line num="272" count="0" type="stmt"/>
        <line num="273" count="0" type="stmt"/>
        <line num="278" count="0" type="cond" truecount="0" falsecount="6"/>
        <line num="288" count="0" type="cond" truecount="0" falsecount="5"/>
        <line num="289" count="0" type="stmt"/>
        <line num="292" count="0" type="cond" truecount="0" falsecount="2"/>
        <line num="293" count="0" type="stmt"/>
        <line num="294" count="0" type="stmt"/>
        <line num="296" count="0" type="cond" truecount="0" falsecount="2"/>
        <line num="297" count="0" type="stmt"/>
        <line num="300" count="0" type="stmt"/>
        <line num="301" count="0" type="stmt"/>
        <line num="304" count="0" type="cond" truecount="0" falsecount="2"/>
        <line num="306" count="0" type="stmt"/>
        <line num="309" count="0" type="stmt"/>
        <line num="311" count="0" type="cond" truecount="0" falsecount="4"/>
        <line num="313" count="0" type="stmt"/>
        <line num="318" count="24" type="stmt"/>
        <line num="319" count="1" type="stmt"/>
        <line num="320" count="1" type="stmt"/>
        <line num="324" count="1" type="cond" truecount="1" falsecount="1"/>
        <line num="325" count="1" type="stmt"/>
        <line num="327" count="1" type="cond" truecount="4" falsecount="1"/>
        <line num="328" count="1" type="stmt"/>
        <line num="330" count="1" type="stmt"/>
        <line num="331" count="0" type="cond" truecount="0" falsecount="4"/>
        <line num="332" count="0" type="stmt"/>
        <line num="336" count="1" type="stmt"/>
        <line num="340" count="3" type="stmt"/>
        <line num="342" count="3" type="cond" truecount="1" falsecount="1"/>
        <line num="343" count="3" type="stmt"/>
        <line num="348" count="30" type="stmt"/>
        <line num="349" count="30" type="stmt"/>
        <line num="350" count="30" type="stmt"/>
        <line num="351" count="30" type="stmt"/>
        <line num="353" count="30" type="stmt"/>
      </file>
      <file name="Keypad.js" path="/Users/RyanDuffy/dev/sandstone/Input/Keypad.js">
        <metrics statements="12" coveredstatements="11" conditionals="4" coveredconditionals="4" methods="4" coveredmethods="3"/>
        <line num="18" count="3" type="stmt"/>
        <line num="19" count="3" type="stmt"/>
        <line num="21" count="3" type="stmt"/>
        <line num="26" count="3" type="stmt"/>
        <line num="43" count="0" type="stmt"/>
        <line num="48" count="44" type="cond" truecount="2" falsecount="0"/>
        <line num="49" count="44" type="stmt"/>
        <line num="50" count="44" type="stmt"/>
        <line num="60" count="3" type="stmt"/>
        <line num="74" count="4" type="stmt"/>
        <line num="77" count="44" type="stmt"/>
        <line num="94" count="3" type="stmt"/>
      </file>
      <file name="NumberField.js" path="/Users/RyanDuffy/dev/sandstone/Input/NumberField.js">
        <metrics statements="23" coveredstatements="18" conditionals="16" coveredconditionals="7" methods="11" coveredmethods="7"/>
        <line num="17" count="3" type="stmt"/>
        <line num="19" count="4" type="cond" truecount="1" falsecount="1"/>
        <line num="20" count="4" type="stmt"/>
        <line num="22" count="3" type="stmt"/>
        <line num="42" count="16" type="stmt"/>
        <line num="46" count="16" type="stmt"/>
        <line num="57" count="3" type="stmt"/>
        <line num="81" count="0" type="stmt"/>
        <line num="84" count="0" type="stmt"/>
        <line num="87" count="0" type="stmt"/>
        <line num="94" count="0" type="stmt"/>
        <line num="101" count="4" type="cond" truecount="1" falsecount="1"/>
        <line num="107" count="4" type="stmt"/>
        <line num="108" count="4" type="stmt"/>
        <line num="111" count="4" type="cond" truecount="1" falsecount="1"/>
        <line num="112" count="4" type="stmt"/>
        <line num="113" count="4" type="stmt"/>
        <line num="114" count="4" type="stmt"/>
        <line num="124" count="16" type="stmt"/>
        <line num="128" count="0" type="stmt"/>
        <line num="135" count="4" type="stmt"/>
        <line num="145" count="3" type="stmt"/>
        <line num="149" count="3" type="stmt"/>
      </file>
      <file name="WindowEventable.js" path="/Users/RyanDuffy/dev/sandstone/Input/WindowEventable.js">
        <metrics statements="23" coveredstatements="18" conditionals="14" coveredconditionals="7" methods="5" coveredmethods="3"/>
        <line num="25" count="3" type="stmt"/>
[...]
        <line num="327" count="0" type="stmt"/>
        <line num="335" count="5" type="stmt"/>
        <line num="336" count="22" type="stmt"/>
        <line num="337" count="22" type="stmt"/>
        <line num="341" count="22" type="stmt"/>
        <line num="343" count="22" type="stmt"/>
        <line num="347" count="22" type="stmt"/>
        <line num="348" count="12" type="stmt"/>
        <line num="349" count="12" type="stmt"/>
        <line num="352" count="12" type="stmt"/>
        <line num="353" count="0" type="stmt"/>
        <line num="356" count="12" type="stmt"/>
        <line num="358" count="12" type="stmt"/>
        <line num="360" count="0" type="stmt"/>
        <line num="365" count="5" type="stmt"/>
        <line num="366" count="5" type="stmt"/>
        <line num="367" count="5" type="stmt"/>
        <line num="370" count="5" type="stmt"/>
        <line num="371" count="22" type="stmt"/>
        <line num="372" count="22" type="stmt"/>
        <line num="378" count="0" type="stmt"/>
        <line num="379" count="0" type="stmt"/>
        <line num="380" count="0" type="stmt"/>
        <line num="382" count="0" type="cond" truecount="0" falsecount="2"/>
        <line num="383" count="0" type="stmt"/>
        <line num="386" count="0" type="cond" truecount="0" falsecount="7"/>
        <line num="390" count="0" type="stmt"/>
        <line num="395" count="0" type="cond" truecount="0" falsecount="2"/>
        <line num="396" count="0" type="stmt"/>
        <line num="397" count="0" type="cond" truecount="0" falsecount="2"/>
        <line num="398" count="0" type="stmt"/>
        <line num="404" count="22" type="stmt"/>
        <line num="410" count="5" type="stmt"/>
        <line num="414" count="0" type="stmt"/>
        <line num="416" count="0" type="cond" truecount="0" falsecount="4"/>
        <line num="417" count="0" type="stmt"/>
        <line num="423" count="22" type="stmt"/>
        <line num="428" count="5" type="stmt"/>
        <line num="429" count="22" type="stmt"/>
        <line num="433" count="22" type="stmt"/>
        <line num="440" count="22" type="stmt"/>
        <line num="442" count="0" type="stmt"/>
        <line num="443" count="0" type="stmt"/>
        <line num="445" count="0" type="cond" truecount="0" falsecount="2"/>
        <line num="447" count="0" type="stmt"/>
        <line num="448" count="0" type="stmt"/>
        <line num="449" count="0" type="stmt"/>
        <line num="450" count="0" type="cond" truecount="0" falsecount="2"/>
        <line num="451" count="0" type="cond" truecount="0" falsecount="2"/>
        <line num="453" count="0" type="cond" truecount="0" falsecount="4"/>
        <line num="454" count="0" type="stmt"/>
        <line num="455" count="0" type="stmt"/>
        <line num="457" count="0" type="cond" truecount="0" falsecount="4"/>
        <line num="458" count="0" type="stmt"/>
        <line num="459" count="0" type="stmt"/>
        <line num="467" count="6" type="cond" truecount="1" falsecount="1"/>
        <line num="468" count="0" type="stmt"/>
        <line num="469" count="0" type="stmt"/>
        <line num="473" count="22" type="cond" truecount="0" falsecount="1"/>
        <line num="474" count="0" type="cond" truecount="0" falsecount="2"/>
        <line num="475" count="0" type="cond" truecount="0" falsecount="4"/>
        <line num="478" count="22" type="stmt"/>
        <line num="480" count="0" type="stmt"/>
        <line num="481" count="0" type="stmt"/>
        <line num="482" count="0" type="stmt"/>
        <line num="483" count="0" type="stmt"/>
        <line num="484" count="0" type="stmt"/>
        <line num="485" count="0" type="cond" truecount="0" falsecount="2"/>
        <line num="486" count="0" type="stmt"/>
        <line num="488" count="0" type="cond" truecount="0" falsecount="3"/>
        <line num="489" count="0" type="stmt"/>
        <line num="491" count="0" type="cond" truecount="0" falsecount="2"/>
        <line num="492" count="0" type="cond" truecount="0" falsecount="2"/>
        <line num="495" count="0" type="cond" truecount="0" falsecount="5"/>
        <line num="498" count="0" type="cond" truecount="0" falsecount="2"/>
        <line num="499" count="0" type="stmt"/>
        <line num="501" count="0" type="cond" truecount="0" falsecount="2"/>
        <line num="507" count="0" type="cond" truecount="0" falsecount="2"/>
        <line num="508" count="0" type="stmt"/>
        <line num="509" count="0" type="stmt"/>
        <line num="513" count="0" type="stmt"/>
        <line num="515" count="0" type="cond" truecount="0" falsecount="2"/>
        <line num="517" count="0" type="stmt"/>
        <line num="518" count="0" type="cond" truecount="0" falsecount="5"/>
        <line num="519" count="0" type="stmt"/>
        <line num="520" count="0" type="cond" truecount="0" falsecount="2"/>
        <line num="521" count="0" type="cond" truecount="0" falsecount="2"/>
        <line num="523" count="0" type="stmt"/>
        <line num="525" count="0" type="cond" truecount="0" falsecount="2"/>
        <line num="526" count="0" type="stmt"/>
        <line num="527" count="0" type="stmt"/>
        <line num="530" count="0" type="stmt"/>
        <line num="532" count="0" type="cond" truecount="0" falsecount="8"/>
        <line num="535" count="0" type="stmt"/>
        <line num="540" count="22" type="cond" truecount="1" falsecount="1"/>
        <line num="541" count="0" type="stmt"/>
        <line num="542" count="0" type="stmt"/>
        <line num="547" count="10" type="cond" truecount="1" falsecount="1"/>
        <line num="548" count="0" type="stmt"/>
        <line num="549" count="0" type="stmt"/>
        <line num="555" count="22" type="stmt"/>
        <line num="562" count="5" type="stmt"/>
        <line num="563" count="22" type="stmt"/>
        <line num="564" count="22" type="stmt"/>
        <line num="568" count="22" type="stmt"/>
        <line num="572" count="0" type="cond" truecount="0" falsecount="2"/>
        <line num="573" count="0" type="stmt"/>
        <line num="575" count="0" type="stmt"/>
        <line num="579" count="0" type="stmt"/>
        <line num="581" count="0" type="cond" truecount="0" falsecount="2"/>
        <line num="582" count="0" type="stmt"/>
        <line num="585" count="0" type="cond" truecount="0" falsecount="2"/>
        <line num="586" count="0" type="stmt"/>
        <line num="597" count="0" type="stmt"/>
        <line num="598" count="0" type="stmt"/>
        <line num="599" count="0" type="stmt"/>
        <line num="600" count="0" type="stmt"/>
        <line num="601" count="0" type="stmt"/>
        <line num="602" count="0" type="cond" truecount="0" falsecount="2"/>
        <line num="603" count="0" type="stmt"/>
        <line num="604" count="0" type="stmt"/>
        <line num="605" count="0" type="stmt"/>
        <line num="607" count="0" type="stmt"/>
        <line num="608" count="0" type="stmt"/>
        <line num="610" count="0" type="cond" truecount="0" falsecount="2"/>
        <line num="611" count="0" type="stmt"/>
        <line num="614" count="0" type="stmt"/>
        <line num="618" count="0" type="cond" truecount="0" falsecount="2"/>
        <line num="619" count="0" type="cond" truecount="0" falsecount="6"/>
        <line num="620" count="0" type="cond" truecount="0" falsecount="2"/>
        <line num="621" count="0" type="stmt"/>
        <line num="625" count="0" type="cond" truecount="0" falsecount="2"/>
        <line num="626" count="0" type="stmt"/>
        <line num="627" count="0" type="stmt"/>
        <line num="629" count="0" type="stmt"/>
        <line num="630" count="0" type="cond" truecount="0" falsecount="2"/>
        <line num="631" count="0" type="cond" truecount="0" falsecount="2"/>
        <line num="634" count="0" type="stmt"/>
        <line num="636" count="0" type="cond" truecount="0" falsecount="7"/>
        <line num="637" count="0" type="cond" truecount="0" falsecount="2"/>
        <line num="640" count="0" type="stmt"/>
        <line num="642" count="0" type="cond" truecount="0" falsecount="2"/>
        <line num="643" count="0" type="cond" truecount="0" falsecount="6"/>
        <line num="644" count="0" type="cond" truecount="0" falsecount="2"/>
        <line num="645" count="0" type="stmt"/>
        <line num="648" count="0" type="stmt"/>
        <line num="649" count="0" type="stmt"/>
        <line num="651" count="0" type="stmt"/>
        <line num="652" count="0" type="stmt"/>
        <line num="654" count="0" type="cond" truecount="0" falsecount="7"/>
        <line num="655" count="0" type="cond" truecount="0" falsecount="2"/>
        <line num="658" count="0" type="stmt"/>
        <line num="662" count="0" type="cond" truecount="0" falsecount="2"/>
        <line num="664" count="0" type="stmt"/>
        <line num="666" count="0" type="stmt"/>
        <line num="669" count="0" type="cond" truecount="0" falsecount="2"/>
        <line num="670" count="0" type="stmt"/>
        <line num="671" count="0" type="stmt"/>
        <line num="674" count="0" type="stmt"/>
        <line num="677" count="0" type="cond" truecount="0" falsecount="2"/>
        <line num="678" count="0" type="stmt"/>
        <line num="684" count="22" type="stmt"/>
      </file>
      <file name="useOverscrollEffect.js" path="/Users/RyanDuffy/dev/sandstone/useScroll/useOverscrollEffect.js">
        <metrics statements="37" coveredstatements="23" conditionals="23" coveredconditionals="3" methods="8" coveredmethods="5"/>
        <line num="6" count="5" type="stmt"/>
        <line num="7" count="5" type="stmt"/>
        <line num="8" count="5" type="stmt"/>
        <line num="10" count="5" type="stmt"/>
        <line num="11" count="22" type="stmt"/>
        <line num="15" count="22" type="stmt"/>
        <line num="24" count="22" type="stmt"/>
        <line num="25" count="0" type="stmt"/>
        <line num="27" count="0" type="cond" truecount="0" falsecount="2"/>
        <line num="28" count="0" type="stmt"/>
        <line num="30" count="0" type="cond" truecount="0" falsecount="2"/>
        <line num="31" count="0" type="stmt"/>
        <line num="36" count="22" type="stmt"/>
        <line num="38" count="88" type="cond" truecount="2" falsecount="0"/>
        <line num="39" count="48" type="stmt"/>
        <line num="44" count="40" type="stmt"/>
        <line num="46" count="40" type="cond" truecount="1" falsecount="1"/>
        <line num="47" count="40" type="stmt"/>
        <line num="51" count="22" type="stmt"/>
        <line num="52" count="22" type="stmt"/>
        <line num="53" count="22" type="stmt"/>
        <line num="54" count="22" type="stmt"/>
        <line num="56" count="22" type="stmt"/>
        <line num="57" count="10" type="stmt"/>
        <line num="58" count="10" type="stmt"/>
        <line num="59" count="10" type="stmt"/>
        <line num="60" count="10" type="stmt"/>
        <line num="67" count="0" type="stmt"/>
        <line num="68" count="0" type="stmt"/>
        <line num="73" count="0" type="cond" truecount="0" falsecount="4"/>
        <line num="74" count="0" type="stmt"/>
        <line num="75" count="0" type="cond" truecount="0" falsecount="2"/>
        <line num="77" count="0" type="cond" truecount="0" falsecount="2"/>
        <line num="79" count="0" type="stmt"/>
        <line num="80" count="0" type="cond" truecount="0" falsecount="7"/>
        <line num="82" count="0" type="stmt"/>
        <line num="88" count="22" type="stmt"/>
      </file>
      <file name="useScroll.js" path="/Users/RyanDuffy/dev/sandstone/useScroll/useScroll.js">
        <metrics statements="100" coveredstatements="76" conditionals="85" coveredconditionals="43" methods="17" coveredmethods="10"/>
        <line num="36" count="5" type="stmt"/>
        <line num="51" count="5" type="stmt"/>
        <line num="53" count="5" type="cond" truecount="0" falsecount="2"/>
        <line num="54" count="5" type="cond" truecount="0" falsecount="2"/>
        <line num="55" count="5" type="stmt"/>
        <line num="56" count="0" type="stmt"/>
        <line num="57" count="0" type="stmt"/>
        <line num="60" count="5" type="stmt"/>
        <line num="61" count="22" type="stmt"/>
        <line num="62" count="22" type="stmt"/>
        <line num="63" count="22" type="stmt"/>
        <line num="67" count="22" type="stmt"/>
        <line num="80" count="22" type="stmt"/>
        <line num="82" count="22" type="stmt"/>
        <line num="88" count="22" type="stmt"/>
        <line num="90" count="22" type="stmt"/>
        <line num="92" count="22" type="stmt"/>
        <line num="94" count="22" type="stmt"/>
        <line num="96" count="22" type="stmt"/>
        <line num="98" count="22" type="stmt"/>
        <line num="100" count="22" type="stmt"/>
        <line num="106" count="22" type="stmt"/>
        <line num="111" count="0" type="cond" truecount="0" falsecount="2"/>
        <line num="115" count="6" type="cond" truecount="2" falsecount="2"/>
        <line num="116" count="6" type="cond" truecount="2" falsecount="3"/>
        <line num="120" count="0" type="cond" truecount="0" falsecount="4"/>
        <line num="121" count="0" type="stmt"/>
        <line num="126" count="6" type="cond" truecount="1" falsecount="1"/>
        <line num="127" count="6" type="stmt"/>
        <line num="130" count="6" type="stmt"/>
        <line num="131" count="6" type="stmt"/>
        <line num="132" count="6" type="stmt"/>
        <line num="133" count="6" type="stmt"/>
        <line num="137" count="0" type="stmt"/>
        <line num="141" count="6" type="cond" truecount="2" falsecount="2"/>
        <line num="142" count="0" type="stmt"/>
        <line num="143" count="0" type="stmt"/>
        <line num="146" count="6" type="cond" truecount="2" falsecount="2"/>
        <line num="147" count="0" type="stmt"/>
        <line num="148" count="0" type="stmt"/>
        <line num="151" count="6" type="cond" truecount="1" falsecount="1"/>
        <line num="153" count="0" type="cond" truecount="0" falsecount="2"/>
        <line num="155" count="0" type="stmt"/>
        <line num="156" count="0" type="stmt"/>
        <line num="157" count="0" type="stmt"/>
        <line num="159" count="0" type="cond" truecount="0" falsecount="5"/>
        <line num="163" count="0" type="cond" truecount="0" falsecount="2"/>
        <line num="164" count="0" type="stmt"/>
        <line num="168" count="0" type="stmt"/>
        <line num="174" count="6" type="stmt"/>
        <line num="175" count="6" type="stmt"/>
        <line num="177" count="6" type="stmt"/>
        <line num="179" count="6" type="cond" truecount="2" falsecount="3"/>
        <line num="180" count="0" type="stmt"/>
        <line num="181" count="0" type="stmt"/>
        <line num="187" count="2" type="cond" truecount="1" falsecount="1"/>
        <line num="188" count="2" type="stmt"/>
        <line num="190" count="2" type="cond" truecount="1" falsecount="1"/>
        <line num="191" count="0" type="stmt"/>
        <line num="198" count="2" type="stmt"/>
        <line num="202" count="0" type="stmt"/>
        <line num="204" count="0" type="cond" truecount="0" falsecount="2"/>
        <line num="205" count="0" type="stmt"/>
        <line num="211" count="22" type="stmt"/>
        <line num="213" count="22" type="cond" truecount="1" falsecount="1"/>
        <line num="214" count="22" type="stmt"/>
        <line num="220" count="10" type="stmt"/>
        <line num="222" count="10" type="cond" truecount="1" falsecount="1"/>
        <line num="223" count="10" type="stmt"/>
        <line num="229" count="22" type="stmt"/>
        <line num="258" count="5" type="stmt"/>
        <line num="269" count="22" type="stmt"/>
        <line num="273" count="22" type="stmt"/>
        <line num="274" count="22" type="stmt"/>
        <line num="275" count="22" type="stmt"/>
        <line num="276" count="22" type="stmt"/>
        <line num="278" count="22" type="stmt"/>
        <line num="283" count="22" type="stmt"/>
        <line num="284" count="22" type="stmt"/>
        <line num="288" count="22" type="stmt"/>
        <line num="290" count="22" type="stmt"/>
        <line num="321" count="22" type="stmt"/>
        <line num="322" count="22" type="stmt"/>
        <line num="327" count="22" type="stmt"/>
        <line num="340" count="22" type="stmt"/>
        <line num="341" count="22" type="stmt"/>
        <line num="342" count="22" type="stmt"/>
        <line num="362" count="22" type="stmt"/>
        <line num="366" count="22" type="cond" truecount="2" falsecount="0"/>
        <line num="367" count="12" type="stmt"/>
        <line num="369" count="10" type="stmt"/>
        <line num="370" count="10" type="stmt"/>
        <line num="377" count="22" type="stmt"/>
        <line num="402" count="22" type="stmt"/>
        <line num="419" count="22" type="stmt"/>
        <line num="428" count="22" type="stmt"/>
        <line num="433" count="22" type="stmt"/>
        <line num="449" count="22" type="stmt"/>
        <line num="456" count="22" type="stmt"/>
        <line num="463" count="22" type="stmt"/>
      </file>
      <file name="useScrollbar.js" path="/Users/RyanDuffy/dev/sandstone/useScroll/useScrollbar.js">
        <metrics statements="23" coveredstatements="9" conditionals="13" coveredconditionals="2" methods="4" coveredmethods="2"/>
        <line num="5" count="5" type="stmt"/>
        <line num="6" count="5" type="stmt"/>
        <line num="8" count="5" type="stmt"/>
        <line num="9" count="22" type="stmt"/>
        <line num="10" count="22" type="stmt"/>
        <line num="12" count="22" type="stmt"/>
        <line num="20" count="0" type="stmt"/>
        <line num="21" count="0" type="stmt"/>
        <line num="22" count="0" type="cond" truecount="0" falsecount="2"/>
        <line num="23" count="0" type="cond" truecount="0" falsecount="2"/>
        <line num="24" count="0" type="cond" truecount="0" falsecount="2"/>
        <line num="26" count="0" type="stmt"/>
        <line num="28" count="0" type="cond" truecount="0" falsecount="2"/>
        <line num="29" count="0" type="stmt"/>
        <line num="30" count="0" type="stmt"/>
        <line num="33" count="0" type="stmt"/>
        <line num="37" count="0" type="stmt"/>
        <line num="39" count="0" type="stmt"/>
        <line num="40" count="0" type="stmt"/>
        <line num="44" count="9" type="stmt"/>
        <line num="46" count="9" type="cond" truecount="2" falsecount="3"/>
        <line num="47" count="0" type="stmt"/>
        <line num="53" count="22" type="stmt"/>
      </file>
      <file name="useSpotlight.js" path="/Users/RyanDuffy/dev/sandstone/useScroll/useSpotlight.js">
        <metrics statements="10" coveredstatements="7" conditionals="7" coveredconditionals="2" methods="3" coveredmethods="3"/>
        <line num="5" count="5" type="stmt"/>
        <line num="6" count="22" type="stmt"/>
        <line num="7" count="22" type="stmt"/>
        <line num="11" count="22" type="stmt"/>
        <line num="15" count="22" type="stmt"/>
        <line num="16" count="22" type="cond" truecount="2" falsecount="3"/>
        <line num="17" count="0" type="stmt"/>
        <line num="19" count="0" type="cond" truecount="0" falsecount="2"/>
        <line num="20" count="0" type="stmt"/>
        <line num="28" count="22" type="stmt"/>
      </file>
      <file name="useThemeScrollContentHandle.js" path="/Users/RyanDuffy/dev/sandstone/useScroll/useThemeScrollContentHandle.js">
        <metrics statements="5" coveredstatements="5" conditionals="0" coveredconditionals="0" methods="2" coveredmethods="2"/>
        <line num="3" count="5" type="stmt"/>
        <line num="6" count="22" type="stmt"/>
        <line num="20" count="22" type="stmt"/>
        <line num="21" count="22" type="stmt"/>
        <line num="26" count="22" type="stmt"/>
      </file>
    </package>
  </project>
</coverage>
