TN:
SF:/Users/RyanDuffy/dev/sandstone/index.js
FNF:0
FNH:0
LF:0
LH:0
BRF:0
BRH:0
end_of_record
TN:
SF:/Users/RyanDuffy/dev/sandstone/ActionGuide/ActionGuide.js
FN:81,(anonymous_0)
FNF:1
FNH:1
FNDA:3,(anonymous_0)
DA:36,1
DA:82,3
DA:99,1
DA:121,1
LF:4
LH:4
BRF:0
BRH:0
end_of_record
TN:
SF:/Users/RyanDuffy/dev/sandstone/Alert/Alert.js
FN:160,(anonymous_0)
FN:162,(anonymous_1)
FN:171,(anonymous_2)
FN:178,(anonymous_3)
FN:179,(anonymous_4)
FN:182,(anonymous_5)
FNF:6
FNH:6
FNDA:11,(anonymous_0)
FNDA:4,(anonymous_1)
FNDA:11,(anonymous_2)
FNDA:11,(anonymous_3)
FNDA:11,(anonymous_4)
FNDA:11,(anonymous_5)
DA:32,1
DA:161,11
DA:162,4
DA:163,4
DA:168,7
DA:171,11
DA:178,11
DA:179,11
DA:183,11
DA:184,11
DA:185,11
DA:248,1
LF:12
LH:12
BRDA:161,0,0,4
BRDA:161,0,1,7
BRDA:173,1,0,11
BRDA:173,1,1,4
BRDA:178,2,0,5
BRDA:178,2,1,6
BRDA:179,3,0,4
BRDA:179,3,1,7
BRDA:184,4,0,7
BRDA:184,4,1,4
BRDA:190,5,0,4
BRDA:190,5,1,7
BRDA:191,6,0,7
BRDA:191,6,1,4
BRDA:206,7,0,7
BRDA:206,7,1,4
BRF:16
BRH:16
end_of_record
TN:
SF:/Users/RyanDuffy/dev/sandstone/Alert/AlertImage.js
FN:57,(anonymous_0)
FN:59,(anonymous_1)
FNF:2
FNH:2
FNDA:4,(anonymous_0)
FNDA:4,(anonymous_1)
DA:16,1
DA:57,4
DA:60,4
DA:61,4
LF:4
LH:4
BRF:0
BRH:0
end_of_record
TN:
SF:/Users/RyanDuffy/dev/sandstone/BodyText/BodyText.js
FN:100,(anonymous_0)
FN:103,(anonymous_1)
FNF:2
FNH:2
FNDA:3,(anonymous_0)
FNDA:3,(anonymous_1)
DA:26,1
DA:40,1
DA:100,3
DA:104,3
DA:106,3
DA:107,2
DA:118,1
DA:136,1
DA:161,1
LF:9
LH:9
BRDA:106,0,0,2
BRDA:106,0,1,1
BRDA:112,1,0,0
BRDA:112,1,1,2
BRF:4
BRH:3
end_of_record
TN:
SF:/Users/RyanDuffy/dev/sandstone/Button/Button.js
FN:144,(anonymous_0)
FN:154,(anonymous_1)
FN:157,(anonymous_2)
FN:182,(anonymous_3)
FN:186,(anonymous_4)
FN:188,(anonymous_5)
FNF:6
FNH:6
FNDA:567,(anonymous_0)
FNDA:567,(anonymous_1)
FNDA:567,(anonymous_2)
FNDA:19,(anonymous_3)
FNDA:267,(anonymous_4)
FNDA:267,(anonymous_5)
DA:31,19
DA:45,19
DA:144,567
DA:154,567
DA:158,567
DA:159,567
DA:160,567
DA:161,567
DA:163,567
DA:182,19
DA:183,19
DA:186,267
DA:189,267
DA:207,19
DA:238,19
LF:15
LH:15
BRDA:149,0,0,567
BRDA:149,0,1,199
BRDA:149,1,0,118
BRDA:149,1,1,81
BRDA:154,2,0,53
BRDA:154,2,1,514
BRF:6
BRH:6
end_of_record
TN:
SF:/Users/RyanDuffy/dev/sandstone/Checkbox/Checkbox.js
FN:87,(anonymous_0)
FN:90,(anonymous_1)
FNF:2
FNH:2
FNDA:2,(anonymous_0)
FNDA:2,(anonymous_1)
DA:37,4
DA:87,2
DA:91,2
LF:3
LH:3
BRF:0
BRH:0
end_of_record
TN:
SF:/Users/RyanDuffy/dev/sandstone/CheckboxItem/CheckboxItem.js
FN:104,(anonymous_0)
FNF:1
FNH:1
FNDA:1,(anonymous_0)
DA:51,3
DA:105,1
DA:118,3
DA:124,3
LF:4
LH:4
BRF:0
BRH:0
end_of_record
TN:
SF:/Users/RyanDuffy/dev/sandstone/ContextualMenuDecorator/ContextualMenuDecorator.js
FN:54,(anonymous_0)
FN:156,(anonymous_1)
FN:161,(anonymous_2)
FN:164,(anonymous_3)
FNF:4
FNH:0
FNDA:0,(anonymous_0)
FNDA:0,(anonymous_1)
FNDA:0,(anonymous_2)
FNDA:0,(anonymous_3)
DA:30,0
DA:54,0
DA:57,0
DA:64,0
DA:156,0
DA:161,0
DA:165,0
DA:166,0
DA:168,0
DA:190,0
LF:10
LH:0
BRF:0
BRH:0
end_of_record
TN:
SF:/Users/RyanDuffy/dev/sandstone/ContextualPopupDecorator/ContextualPopup.js
FN:36,(anonymous_0)
FN:39,(anonymous_1)
FN:159,(anonymous_2)
FN:163,(anonymous_3)
FN:164,(anonymous_4)
FN:180,(anonymous_5)
FNF:6
FNH:0
FNDA:0,(anonymous_0)
FNDA:0,(anonymous_1)
FNDA:0,(anonymous_2)
FNDA:0,(anonymous_3)
FNDA:0,(anonymous_4)
FNDA:0,(anonymous_5)
DA:19,1
DA:36,0
DA:40,0
DA:47,1
DA:63,1
DA:160,0
DA:161,0
DA:163,0
DA:165,0
DA:166,0
DA:181,0
DA:182,0
DA:183,0
DA:185,0
LF:14
LH:3
BRDA:165,0,0,0
BRDA:165,0,1,0
BRDA:191,1,0,0
BRDA:191,1,1,0
BRF:4
BRH:0
end_of_record
TN:
SF:/Users/RyanDuffy/dev/sandstone/ContextualPopupDecorator/ContextualPopupDecorator.js
FN:75,(anonymous_0)
FN:245,(anonymous_1)
FN:267,(anonymous_2)
FN:274,(anonymous_3)
FN:291,(anonymous_4)
FN:310,(anonymous_5)
FN:318,(anonymous_6)
FN:329,(anonymous_7)
FN:344,(anonymous_8)
FN:366,(anonymous_9)
FN:416,(anonymous_10)
FN:464,(anonymous_11)
FN:492,(anonymous_12)
FN:506,(anonymous_13)
FN:527,(anonymous_14)
FN:546,(anonymous_15)
FN:550,(anonymous_16)
FN:559,(anonymous_17)
FN:564,(anonymous_18)
FN:575,(anonymous_19)
FN:582,(anonymous_20)
FN:592,(anonymous_21)
FN:616,(anonymous_22)
FN:630,(anonymous_23)
FN:639,(anonymous_24)
FN:652,(anonymous_25)
FNF:26
FNH:5
FNDA:1,(anonymous_0)
FNDA:6,(anonymous_1)
FNDA:6,(anonymous_2)
FNDA:0,(anonymous_3)
FNDA:0,(anonymous_4)
FNDA:0,(anonymous_5)
FNDA:0,(anonymous_6)
FNDA:0,(anonymous_7)
FNDA:0,(anonymous_8)
FNDA:0,(anonymous_9)
FNDA:0,(anonymous_10)
FNDA:0,(anonymous_11)
FNDA:0,(anonymous_12)
FNDA:0,(anonymous_13)
FNDA:0,(anonymous_14)
FNDA:0,(anonymous_15)
FNDA:6,(anonymous_16)
FNDA:0,(anonymous_17)
FNDA:0,(anonymous_18)
FNDA:0,(anonymous_19)
FNDA:0,(anonymous_20)
FNDA:0,(anonymous_21)
FNDA:0,(anonymous_22)
FNDA:0,(anonymous_23)
FNDA:0,(anonymous_24)
FNDA:6,(anonymous_25)
DA:36,1
DA:70,1
DA:75,1
DA:76,1
DA:78,1
DA:79,1
DA:81,1
DA:236,1
DA:246,6
DA:247,6
DA:254,6
DA:255,6
DA:257,6
DA:258,6
DA:259,6
DA:260,6
DA:262,6
DA:263,6
DA:268,6
DA:269,0
DA:270,0
DA:275,0
DA:276,0
DA:277,0
DA:288,0
DA:292,0
DA:293,0
DA:295,0
DA:298,0
DA:299,0
DA:300,0
DA:301,0
DA:302,0
DA:303,0
DA:304,0
DA:305,0
DA:311,0
DA:312,0
DA:313,0
DA:315,0
DA:319,0
DA:329,6
DA:330,0
DA:331,0
DA:332,0
DA:333,0
DA:335,0
DA:336,0
DA:338,0
DA:341,0
DA:345,0
DA:346,0
DA:348,0
DA:350,0
DA:351,0
DA:353,0
DA:354,0
DA:356,0
DA:357,0
DA:359,0
DA:360,0
DA:363,0
DA:367,0
DA:368,0
DA:370,0
DA:371,0
DA:373,0
DA:374,0
DA:376,0
DA:377,0
DA:378,0
DA:380,0
DA:381,0
DA:383,0
DA:386,0
DA:390,0
DA:391,0
DA:394,0
DA:395,0
DA:397,0
DA:398,0
DA:400,0
DA:401,0
DA:403,0
DA:404,0
DA:406,0
DA:409,0
DA:413,0
DA:417,0
DA:418,0
DA:420,0
DA:421,0
DA:422,0
DA:423,0
DA:424,0
DA:425,0
DA:426,0
DA:427,0
DA:428,0
DA:430,0
DA:432,0
DA:433,0
DA:434,0
DA:435,0
DA:436,0
DA:437,0
DA:438,0
DA:439,0
DA:441,0
DA:444,0
DA:446,0
DA:447,0
DA:449,0
DA:450,0
DA:452,0
DA:453,0
DA:455,0
DA:456,0
DA:458,0
DA:461,0
DA:466,0
DA:468,0
DA:469,0
DA:470,0
DA:472,0
DA:473,0
DA:476,0
DA:493,0
DA:495,0
DA:496,0
DA:497,0
DA:498,0
DA:499,0
DA:500,0
DA:501,0
DA:502,0
DA:507,0
DA:508,0
DA:509,0
DA:510,0
DA:511,0
DA:513,0
DA:527,6
DA:528,0
DA:529,0
DA:530,0
DA:531,0
DA:532,0
DA:533,0
DA:535,0
DA:536,0
DA:538,0
DA:546,6
DA:547,0
DA:550,6
DA:551,6
DA:554,6
DA:556,6
DA:559,0
DA:564,6
DA:565,0
DA:566,0
DA:567,0
DA:568,0
DA:569,0
DA:572,0
DA:575,6
DA:576,0
DA:577,0
DA:584,0
DA:586,0
DA:588,0
DA:592,6
DA:593,0
DA:594,0
DA:595,0
DA:596,0
DA:598,0
DA:600,0
DA:601,0
DA:602,0
DA:604,0
DA:605,0
DA:609,0
DA:610,0
DA:616,6
DA:618,0
DA:620,0
DA:622,0
DA:625,0
DA:626,0
DA:630,6
DA:631,0
DA:632,0
DA:634,0
DA:635,0
DA:639,6
DA:640,0
DA:641,0
DA:642,0
DA:643,0
DA:644,0
DA:647,0
DA:648,0
DA:653,6
DA:654,6
DA:655,6
DA:656,6
DA:658,6
DA:659,6
DA:662,6
DA:663,6
DA:664,6
DA:665,6
DA:667,6
DA:669,6
DA:729,1
LF:217
LH:45
BRDA:258,0,0,6
BRDA:258,0,1,0
BRDA:259,1,0,6
BRDA:259,1,1,0
BRDA:262,2,0,6
BRDA:262,2,1,0
BRDA:268,3,0,0
BRDA:268,3,1,6
BRDA:275,4,0,0
BRDA:275,4,1,0
BRDA:275,5,0,0
BRDA:275,5,1,0
BRDA:280,6,0,0
BRDA:280,6,1,0
BRDA:280,6,2,0
BRDA:292,7,0,0
BRDA:292,7,1,0
BRDA:298,8,0,0
BRDA:298,8,1,0
BRDA:298,9,0,0
BRDA:298,9,1,0
BRDA:301,10,0,0
BRDA:301,10,1,0
BRDA:301,11,0,0
BRDA:301,11,1,0
BRDA:304,12,0,0
BRDA:304,12,1,0
BRDA:304,13,0,0
BRDA:304,13,1,0
BRDA:311,14,0,0
BRDA:311,14,1,0
BRDA:335,15,0,0
BRDA:335,15,1,0
BRDA:348,16,0,0
BRDA:348,16,1,0
BRDA:348,16,2,0
BRDA:348,16,3,0
BRDA:356,17,0,0
BRDA:356,17,1,0
BRDA:359,18,0,0
BRDA:359,18,1,0
BRDA:370,19,0,0
BRDA:370,19,1,0
BRDA:370,20,0,0
BRDA:370,20,1,0
BRDA:371,21,0,0
BRDA:371,21,1,0
BRDA:374,22,0,0
BRDA:374,22,1,0
BRDA:377,23,0,0
BRDA:377,23,1,0
BRDA:378,24,0,0
BRDA:378,24,1,0
BRDA:381,25,0,0
BRDA:381,25,1,0
BRDA:394,26,0,0
BRDA:394,26,1,0
BRDA:394,27,0,0
BRDA:394,27,1,0
BRDA:395,28,0,0
BRDA:395,28,1,0
BRDA:398,29,0,0
BRDA:398,29,1,0
BRDA:401,30,0,0
BRDA:401,30,1,0
BRDA:404,31,0,0
BRDA:404,31,1,0
BRDA:420,32,0,0
BRDA:420,32,1,0
BRDA:420,33,0,0
BRDA:420,33,1,0
BRDA:421,34,0,0
BRDA:421,34,1,0
BRDA:421,35,0,0
BRDA:421,35,1,0
BRDA:423,36,0,0
BRDA:423,36,1,0
BRDA:423,37,0,0
BRDA:423,37,1,0
BRDA:425,38,0,0
BRDA:425,38,1,0
BRDA:427,39,0,0
BRDA:427,39,1,0
BRDA:432,40,0,0
BRDA:432,40,1,0
BRDA:432,41,0,0
BRDA:432,41,1,0
BRDA:434,42,0,0
BRDA:434,42,1,0
BRDA:434,43,0,0
BRDA:434,43,1,0
BRDA:436,44,0,0
BRDA:436,44,1,0
BRDA:438,45,0,0
BRDA:438,45,1,0
BRDA:444,46,0,0
BRDA:444,46,1,0
BRDA:444,46,2,0
BRDA:444,46,3,0
BRDA:444,46,4,0
BRDA:452,47,0,0
BRDA:452,47,1,0
BRDA:455,48,0,0
BRDA:455,48,1,0
BRDA:468,49,0,0
BRDA:468,49,1,0
BRDA:468,50,0,0
BRDA:468,50,1,0
BRDA:477,51,0,0
BRDA:477,51,1,0
BRDA:477,52,0,0
BRDA:477,52,1,0
BRDA:477,52,2,0
BRDA:480,53,0,0
BRDA:480,53,1,0
BRDA:480,54,0,0
BRDA:480,54,1,0
BRDA:480,54,2,0
BRDA:483,55,0,0
BRDA:483,55,1,0
BRDA:483,56,0,0
BRDA:483,56,1,0
BRDA:483,56,2,0
BRDA:486,57,0,0
BRDA:486,57,1,0
BRDA:486,58,0,0
BRDA:486,58,1,0
BRDA:486,58,2,0
BRDA:495,59,0,0
BRDA:495,59,1,0
BRDA:495,60,0,0
BRDA:495,60,1,0
BRDA:495,60,2,0
BRDA:496,61,0,0
BRDA:496,61,1,0
BRDA:497,62,0,0
BRDA:497,62,1,0
BRDA:497,63,0,0
BRDA:497,63,1,0
BRDA:497,63,2,0
BRDA:498,64,0,0
BRDA:498,64,1,0
BRDA:499,65,0,0
BRDA:499,65,1,0
BRDA:499,66,0,0
BRDA:499,66,1,0
BRDA:499,66,2,0
BRDA:499,66,3,0
BRDA:500,67,0,0
BRDA:500,67,1,0
BRDA:501,68,0,0
BRDA:501,68,1,0
BRDA:501,69,0,0
BRDA:501,69,1,0
BRDA:501,69,2,0
BRDA:501,69,3,0
BRDA:502,70,0,0
BRDA:502,70,1,0
BRDA:508,71,0,0
BRDA:508,71,1,0
BRDA:528,72,0,0
BRDA:528,72,1,0
BRDA:528,73,0,0
BRDA:528,73,1,0
BRDA:532,74,0,0
BRDA:532,74,1,0
BRDA:533,75,0,0
BRDA:533,75,1,0
BRDA:598,76,0,0
BRDA:598,76,1,0
BRDA:601,77,0,0
BRDA:601,77,1,0
BRDA:602,78,0,0
BRDA:602,78,1,0
BRDA:602,78,2,0
BRDA:604,79,0,0
BRDA:604,79,1,0
BRDA:604,80,0,0
BRDA:604,80,1,0
BRDA:609,81,0,0
BRDA:609,81,1,0
BRDA:609,82,0,0
BRDA:609,82,1,0
BRDA:620,83,0,0
BRDA:620,83,1,0
BRDA:625,84,0,0
BRDA:625,84,1,0
BRDA:625,85,0,0
BRDA:625,85,1,0
BRDA:631,86,0,0
BRDA:631,86,1,0
BRDA:631,87,0,0
BRDA:631,87,1,0
BRDA:631,87,2,0
BRDA:634,88,0,0
BRDA:634,88,1,0
BRDA:643,89,0,0
BRDA:643,89,1,0
BRDA:643,90,0,0
BRDA:643,90,1,0
BRDA:643,90,2,0
BRDA:647,91,0,0
BRDA:647,91,1,0
BRDA:654,92,0,0
BRDA:654,92,1,6
BRDA:658,93,0,6
BRDA:658,93,1,0
BRDA:667,94,0,6
BRDA:667,94,1,0
BRF:209
BRH:7
end_of_record
TN:
SF:/Users/RyanDuffy/dev/sandstone/DatePicker/DatePicker.js
FN:25,(anonymous_0)
FN:48,(anonymous_1)
FN:53,(anonymous_2)
FN:58,(anonymous_3)
FN:63,(anonymous_4)
FN:74,(anonymous_5)
FN:83,(anonymous_6)
FNF:7
FNH:5
FNDA:15,(anonymous_0)
FNDA:0,(anonymous_1)
FNDA:1,(anonymous_2)
FNDA:0,(anonymous_3)
FNDA:2,(anonymous_4)
FNDA:6,(anonymous_5)
FNDA:6,(anonymous_6)
DA:24,1
DA:26,15
DA:34,15
DA:35,3
DA:36,3
DA:37,3
DA:38,3
DA:39,3
DA:40,3
DA:41,3
DA:44,15
DA:49,0
DA:50,0
DA:54,1
DA:55,1
DA:59,0
DA:60,0
DA:64,2
DA:71,2
DA:74,6
DA:83,2
DA:84,6
DA:96,2
DA:141,1
LF:24
LH:20
BRDA:34,0,0,3
BRDA:34,0,1,12
BRDA:34,1,0,15
BRDA:34,1,1,3
BRDA:40,2,0,3
BRDA:40,2,1,3
BRDA:41,3,0,3
BRDA:41,3,1,3
BRF:8
BRH:8
end_of_record
TN:
SF:/Users/RyanDuffy/dev/sandstone/DatePicker/DatePickerBase.js
FN:291,(anonymous_0)
FN:333,(anonymous_1)
FNF:2
FNH:2
FNDA:15,(anonymous_0)
FNDA:45,(anonymous_1)
DA:25,1
DA:320,15
DA:334,45
DA:335,45
DA:336,45
DA:337,45
DA:339,45
DA:341,15
DA:363,15
DA:385,15
DA:407,0
LF:11
LH:10
BRDA:295,0,0,14
BRDA:303,1,0,14
BRDA:316,2,0,14
BRDA:336,3,0,45
BRDA:336,3,1,15
BRDA:336,3,2,30
BRDA:336,3,3,15
BRDA:337,4,0,45
BRDA:337,4,1,15
BRDA:337,4,2,45
BRDA:337,4,3,15
BRDA:339,5,0,15
BRDA:339,5,1,15
BRDA:339,5,2,15
BRDA:349,6,0,1
BRDA:349,6,1,14
BRDA:354,7,0,0
BRDA:354,7,1,15
BRDA:355,8,0,0
BRDA:355,8,1,15
BRDA:371,9,0,1
BRDA:371,9,1,14
BRDA:376,10,0,15
BRDA:376,10,1,0
BRDA:377,11,0,0
BRDA:377,11,1,15
BRDA:393,12,0,1
BRDA:393,12,1,14
BRDA:398,13,0,0
BRDA:398,13,1,15
BRDA:399,14,0,15
BRDA:399,14,1,0
BRF:32
BRH:26
end_of_record
TN:
SF:/Users/RyanDuffy/dev/sandstone/DayPicker/DayPicker.js
FN:109,(anonymous_0)
FN:109,(anonymous_1)
FN:112,(anonymous_2)
FNF:3
FNH:3
FNDA:6,(anonymous_0)
FNDA:42,(anonymous_1)
FNDA:6,(anonymous_2)
DA:46,1
DA:109,42
DA:113,6
DA:127,1
DA:176,1
LF:5
LH:5
BRF:0
BRH:0
end_of_record
TN:
SF:/Users/RyanDuffy/dev/sandstone/DaySelector/DaySelector.js
FN:87,(anonymous_0)
FNF:1
FNH:1
FNDA:15,(anonymous_0)
DA:45,1
DA:88,15
DA:108,1
DA:142,1
LF:4
LH:4
BRF:0
BRH:0
end_of_record
TN:
SF:/Users/RyanDuffy/dev/sandstone/DaySelector/DaySelectorCheckbox.js
FN:48,(anonymous_0)
FN:51,(anonymous_1)
FNF:2
FNH:2
FNDA:168,(anonymous_0)
FNDA:168,(anonymous_1)
DA:21,1
DA:48,168
DA:52,168
DA:53,168
DA:61,1
LF:5
LH:5
BRF:0
BRH:0
end_of_record
TN:
SF:/Users/RyanDuffy/dev/sandstone/DaySelector/DaySelectorDecorator.js
FN:21,adjustWeekends
FN:25,(anonymous_1)
FN:58,getLocaleState
FN:85,(anonymous_3)
FN:190,(anonymous_4)
FN:231,(anonymous_5)
FN:243,(anonymous_6)
FN:257,(anonymous_7)
FN:263,(anonymous_8)
FN:276,(anonymous_9)
FN:284,(anonymous_10)
FN:301,(anonymous_11)
FNF:12
FNH:12
FNDA:8,adjustWeekends
FNDA:4,(anonymous_1)
FNDA:74,getLocaleState
FNDA:2,(anonymous_3)
FNDA:32,(anonymous_4)
FNDA:32,(anonymous_5)
FNDA:14,(anonymous_6)
FNDA:26,(anonymous_7)
FNDA:21,(anonymous_8)
FNDA:6,(anonymous_9)
FNDA:21,(anonymous_10)
FNDA:147,(anonymous_11)
DA:12,2
DA:13,2
DA:22,8
DA:25,2
DA:26,4
DA:27,4
DA:28,4
DA:29,4
DA:30,4
DA:31,4
DA:33,4
DA:41,4
DA:42,4
DA:45,4
DA:46,4
DA:49,4
DA:50,28
DA:51,28
DA:52,28
DA:55,4
DA:59,74
DA:60,0
DA:69,74
DA:85,2
DA:86,2
DA:88,2
DA:90,2
DA:178,2
DA:191,32
DA:193,26
DA:196,26
DA:197,26
DA:201,26
DA:202,26
DA:204,26
DA:206,22
DA:207,154
DA:208,154
DA:209,154
DA:212,22
DA:213,4
DA:214,18
DA:215,4
DA:217,14
DA:236,32
DA:238,32
DA:239,26
DA:242,32
DA:243,32
DA:244,14
DA:246,14
DA:249,32
DA:251,4
DA:253,4
DA:255,4
DA:257,26
DA:259,6
DA:264,21
DA:265,21
DA:267,21
DA:268,16
DA:271,5
DA:273,5
DA:276,14
DA:277,6
DA:278,6
DA:279,6
DA:281,6
DA:285,21
DA:286,21
DA:287,21
DA:289,21
DA:290,21
DA:291,21
DA:293,21
DA:301,147
LF:76
LH:75
BRDA:41,0,0,4
BRDA:41,0,1,0
BRDA:45,1,0,4
BRDA:45,1,1,0
BRDA:59,2,0,0
BRDA:59,2,1,74
BRDA:191,3,0,6
BRDA:191,3,1,26
BRDA:202,4,0,0
BRDA:202,4,1,26
BRDA:204,5,0,4
BRDA:204,5,1,22
BRDA:208,6,0,154
BRDA:208,6,1,110
BRDA:209,7,0,154
BRDA:209,7,1,70
BRDA:212,8,0,4
BRDA:212,8,1,18
BRDA:212,9,0,22
BRDA:212,9,1,8
BRDA:212,9,2,4
BRDA:214,10,0,4
BRDA:214,10,1,14
BRDA:214,11,0,18
BRDA:214,11,1,14
BRDA:214,11,2,4
BRDA:233,12,0,30
BRDA:234,13,0,30
BRDA:235,14,0,30
BRDA:238,15,0,26
BRDA:238,15,1,6
BRDA:244,16,0,0
BRDA:244,16,1,14
BRDA:249,17,0,4
BRDA:249,17,1,4
BRDA:249,17,2,4
BRDA:249,17,3,14
BRDA:249,17,4,6
BRDA:267,18,0,16
BRDA:267,18,1,5
BRDA:267,19,0,21
BRDA:267,19,1,21
BRDA:267,19,2,6
BRDA:267,19,3,5
BRF:44
BRH:39
end_of_record
TN:
SF:/Users/RyanDuffy/dev/sandstone/DaySelector/DaySelectorItem.js
FN:103,(anonymous_0)
FN:106,(anonymous_1)
FNF:2
FNH:2
FNDA:105,(anonymous_0)
FNDA:105,(anonymous_1)
DA:25,1
DA:103,105
DA:107,105
LF:3
LH:3
BRF:0
BRH:0
end_of_record
TN:
SF:/Users/RyanDuffy/dev/sandstone/Dialog/Dialog.js
FN:178,(anonymous_0)
FN:179,(anonymous_1)
FN:182,(anonymous_2)
FNF:3
FNH:0
FNDA:0,(anonymous_0)
FNDA:0,(anonymous_1)
FNDA:0,(anonymous_2)
DA:23,0
DA:24,0
DA:37,0
DA:178,0
DA:179,0
DA:183,0
DA:185,0
DA:241,0
LF:8
LH:0
BRDA:179,0,0,0
BRDA:179,0,1,0
BRF:2
BRH:0
end_of_record
TN:
SF:/Users/RyanDuffy/dev/sandstone/Dropdown/Dropdown.js
FN:42,(anonymous_0)
FN:178,(anonymous_1)
FN:206,(anonymous_2)
FN:209,(anonymous_3)
FN:236,(anonymous_4)
FN:237,(anonymous_5)
FN:238,(anonymous_6)
FN:248,(anonymous_7)
FNF:8
FNH:7
FNDA:6,(anonymous_0)
FNDA:0,(anonymous_1)
FNDA:10,(anonymous_2)
FNDA:13,(anonymous_3)
FNDA:10,(anonymous_4)
FNDA:10,(anonymous_5)
FNDA:10,(anonymous_6)
FNDA:10,(anonymous_7)
DA:39,1
DA:43,6
DA:51,1
DA:64,1
DA:179,0
DA:180,0
DA:181,0
DA:182,0
DA:183,0
DA:185,0
DA:207,10
DA:209,8
DA:210,13
DA:217,13
DA:222,13
DA:223,11
DA:230,2
DA:236,10
DA:237,10
DA:239,10
DA:240,3
DA:241,3
DA:244,7
DA:249,10
DA:253,10
DA:254,10
DA:256,10
DA:258,10
DA:289,1
DA:350,1
LF:30
LH:24
BRDA:182,0,0,0
BRDA:182,0,1,0
BRDA:182,0,2,0
BRDA:182,0,3,0
BRDA:183,1,0,0
BRDA:183,1,1,0
BRDA:183,1,2,0
BRDA:183,1,3,0
BRDA:185,2,0,0
BRDA:185,2,1,0
BRDA:185,2,2,0
BRDA:207,3,0,2
BRDA:207,3,1,8
BRDA:222,4,0,11
BRDA:222,4,1,2
BRDA:239,5,0,3
BRDA:239,5,1,7
BRDA:241,6,0,1
BRDA:241,6,1,2
BRDA:254,7,0,10
BRDA:254,7,1,7
BRDA:254,7,2,7
BRDA:261,8,0,7
BRDA:261,8,1,3
BRDA:262,9,0,0
BRDA:262,9,1,10
BRF:26
BRH:14
end_of_record
TN:
SF:/Users/RyanDuffy/dev/sandstone/Dropdown/DropdownList.js
FN:20,(anonymous_0)
FN:83,(anonymous_1)
FN:98,(anonymous_2)
FN:105,(anonymous_3)
FN:106,(anonymous_4)
FN:107,(anonymous_5)
FN:110,(anonymous_6)
FN:139,(anonymous_7)
FN:152,(anonymous_8)
FN:160,(anonymous_9)
FN:170,(anonymous_10)
FN:178,(anonymous_11)
FN:182,(anonymous_12)
FN:196,(anonymous_13)
FN:202,(anonymous_14)
FNF:15
FNH:12
FNDA:11,(anonymous_0)
FNDA:3,(anonymous_1)
FNDA:1,(anonymous_2)
FNDA:1,(anonymous_3)
FNDA:1,(anonymous_4)
FNDA:1,(anonymous_5)
FNDA:1,(anonymous_6)
FNDA:1,(anonymous_7)
FNDA:1,(anonymous_8)
FNDA:1,(anonymous_9)
FNDA:0,(anonymous_10)
FNDA:1,(anonymous_11)
FNDA:0,(anonymous_12)
FNDA:0,(anonymous_13)
FNDA:1,(anonymous_14)
DA:18,1
DA:20,11
DA:22,1
DA:84,3
DA:86,3
DA:87,3
DA:88,3
DA:90,3
DA:92,3
DA:98,1
DA:105,1
DA:106,1
DA:107,1
DA:111,1
DA:112,1
DA:113,1
DA:114,1
DA:115,1
DA:117,1
DA:130,1
DA:139,1
DA:140,1
DA:141,1
DA:143,1
DA:153,1
DA:155,1
DA:162,1
DA:163,1
DA:171,0
DA:172,0
DA:173,0
DA:174,0
DA:178,1
DA:179,1
DA:182,1
DA:183,0
DA:184,0
DA:186,0
DA:187,0
DA:189,0
DA:190,0
DA:193,0
DA:197,0
DA:198,0
DA:203,1
DA:210,1
DA:215,1
LF:47
LH:34
BRDA:20,0,0,11
BRDA:20,0,1,9
BRDA:87,1,0,3
BRDA:87,1,1,0
BRDA:106,2,0,1
BRDA:106,2,1,0
BRDA:107,3,0,0
BRDA:107,3,1,1
BRDA:107,4,0,1
BRDA:107,4,1,1
BRDA:156,5,0,0
BRDA:156,5,1,1
BRDA:171,6,0,0
BRDA:171,6,1,0
BRDA:173,7,0,0
BRDA:173,7,1,0
BRDA:186,8,0,0
BRDA:186,8,1,0
BRDA:187,9,0,0
BRDA:187,9,1,0
BRDA:197,10,0,0
BRDA:197,10,1,0
BRF:22
BRH:8
end_of_record
TN:
SF:/Users/RyanDuffy/dev/sandstone/EditableIntegerPicker/EditableIntegerPicker.js
FN:32,(anonymous_0)
FN:259,(anonymous_1)
FN:265,(anonymous_2)
FN:266,(anonymous_3)
FN:306,(anonymous_4)
FN:307,(anonymous_5)
FN:308,(anonymous_6)
FN:311,(anonymous_7)
FNF:8
FNH:7
FNDA:0,(anonymous_0)
FNDA:31,(anonymous_1)
FNDA:31,(anonymous_2)
FNDA:31,(anonymous_3)
FNDA:31,(anonymous_4)
FNDA:31,(anonymous_5)
FNDA:31,(anonymous_6)
FNDA:31,(anonymous_7)
DA:32,1
DA:34,0
DA:51,1
DA:260,31
DA:261,31
DA:263,31
DA:265,31
DA:268,31
DA:270,31
DA:271,0
DA:272,0
DA:273,0
DA:274,0
DA:276,0
DA:278,31
DA:281,31
DA:282,9
DA:292,22
DA:293,22
DA:294,0
DA:297,22
DA:306,31
DA:307,31
DA:308,31
DA:312,31
DA:313,31
DA:314,31
DA:315,31
DA:316,31
DA:317,31
DA:319,31
DA:343,1
LF:32
LH:25
BRDA:34,0,0,0
BRDA:34,0,1,0
BRDA:34,0,2,0
BRDA:34,0,3,0
BRDA:34,0,4,0
BRDA:34,0,5,0
BRDA:34,0,6,0
BRDA:34,0,7,0
BRDA:34,0,8,0
BRDA:34,0,9,0
BRDA:260,1,0,31
BRDA:260,1,1,0
BRDA:265,2,0,31
BRDA:265,2,1,0
BRDA:270,3,0,0
BRDA:270,3,1,31
BRDA:273,4,0,0
BRDA:273,4,1,0
BRDA:281,5,0,9
BRDA:281,5,1,22
BRDA:293,6,0,0
BRDA:293,6,1,22
BRDA:306,7,0,0
BRDA:306,7,1,31
BRDA:307,8,0,9
BRDA:307,8,1,22
BRDA:308,9,0,1
BRDA:308,9,1,30
BRF:28
BRH:11
end_of_record
TN:
SF:/Users/RyanDuffy/dev/sandstone/EditableIntegerPicker/EditableIntegerPickerDecorator.js
FN:25,(anonymous_0)
FN:86,(anonymous_1)
FN:98,(anonymous_2)
FN:108,(anonymous_3)
FN:116,(anonymous_4)
FN:123,(anonymous_5)
FN:130,(anonymous_6)
FN:134,(anonymous_7)
FN:142,(anonymous_8)
FN:153,(anonymous_9)
FN:161,(anonymous_10)
FN:168,(anonymous_11)
FN:172,(anonymous_12)
FNF:13
FNH:13
FNDA:1,(anonymous_0)
FNDA:12,(anonymous_1)
FNDA:3,(anonymous_2)
FNDA:9,(anonymous_3)
FNDA:7,(anonymous_4)
FNDA:16,(anonymous_5)
FNDA:12,(anonymous_6)
FNDA:16,(anonymous_7)
FNDA:2,(anonymous_8)
FNDA:7,(anonymous_9)
FNDA:7,(anonymous_10)
FNDA:9,(anonymous_11)
FNDA:30,(anonymous_12)
DA:10,1
DA:25,1
DA:27,1
DA:28,1
DA:29,1
DA:30,1
DA:32,1
DA:34,1
DA:36,1
DA:82,1
DA:87,12
DA:88,12
DA:89,12
DA:98,12
DA:99,3
DA:100,2
DA:104,2
DA:108,12
DA:109,9
DA:113,9
DA:116,12
DA:117,7
DA:118,7
DA:120,7
DA:123,12
DA:124,16
DA:125,9
DA:126,9
DA:130,12
DA:131,12
DA:134,12
DA:135,16
DA:136,7
DA:138,9
DA:142,12
DA:143,2
DA:144,2
DA:145,2
DA:146,2
DA:147,0
DA:148,0
DA:150,2
DA:153,12
DA:154,7
DA:155,7
DA:156,3
DA:158,7
DA:162,7
DA:163,7
DA:165,7
DA:168,12
DA:169,9
DA:173,30
LF:53
LH:51
BRDA:99,0,0,2
BRDA:99,0,1,1
BRDA:117,1,0,7
BRDA:117,1,1,0
BRDA:117,2,0,7
BRDA:117,2,1,7
BRDA:124,3,0,9
BRDA:124,3,1,7
BRDA:135,4,0,7
BRDA:135,4,1,9
BRDA:144,5,0,0
BRDA:144,5,1,2
BRDA:145,6,0,2
BRDA:145,6,1,0
BRDA:145,7,0,2
BRDA:145,7,1,0
BRDA:145,7,2,2
BRDA:145,7,3,2
BRDA:145,7,4,0
BRDA:145,7,5,0
BRDA:147,8,0,0
BRDA:147,8,1,0
BRDA:147,9,0,0
BRDA:147,9,1,0
BRDA:147,9,2,0
BRDA:147,9,3,0
BRDA:147,9,4,0
BRDA:155,10,0,3
BRDA:155,10,1,4
BRDA:169,11,0,5
BRDA:169,11,1,4
BRDA:169,12,0,9
BRDA:169,12,1,5
BRDA:179,13,0,30
BRDA:179,13,1,14
BRF:35
BRH:22
end_of_record
TN:
SF:/Users/RyanDuffy/dev/sandstone/ExpandableInput/ExpandableInput.js
FN:32,(anonymous_0)
FN:197,(anonymous_1)
FN:215,(anonymous_2)
FN:221,(anonymous_3)
FN:225,(anonymous_4)
FN:231,(anonymous_5)
FN:240,(anonymous_6)
FN:247,(anonymous_7)
FN:259,(anonymous_8)
FN:263,(anonymous_9)
FN:265,(anonymous_10)
FN:271,(anonymous_11)
FN:274,(anonymous_12)
FN:278,(anonymous_13)
FN:280,(anonymous_14)
FNF:15
FNH:5
FNDA:0,(anonymous_0)
FNDA:8,(anonymous_1)
FNDA:0,(anonymous_2)
FNDA:0,(anonymous_3)
FNDA:8,(anonymous_4)
FNDA:8,(anonymous_5)
FNDA:0,(anonymous_6)
FNDA:0,(anonymous_7)
FNDA:0,(anonymous_8)
FNDA:0,(anonymous_9)
FNDA:0,(anonymous_10)
FNDA:0,(anonymous_11)
FNDA:0,(anonymous_12)
FNDA:8,(anonymous_13)
FNDA:8,(anonymous_14)
DA:29,1
DA:32,0
DA:38,1
DA:57,1
DA:59,1
DA:193,1
DA:198,8
DA:200,8
DA:201,8
DA:202,8
DA:206,8
DA:207,8
DA:209,8
DA:216,0
DA:217,0
DA:222,0
DA:226,8
DA:227,8
DA:228,8
DA:232,8
DA:233,8
DA:234,3
DA:236,5
DA:240,8
DA:241,0
DA:242,0
DA:248,0
DA:251,8
DA:259,8
DA:260,0
DA:263,8
DA:265,8
DA:266,0
DA:269,8
DA:271,0
DA:274,8
DA:275,0
DA:278,8
DA:292,8
DA:294,8
DA:295,8
DA:297,8
DA:355,1
LF:43
LH:32
BRDA:216,0,0,0
BRDA:216,0,1,0
BRDA:216,1,0,0
BRDA:216,1,1,0
BRDA:227,2,0,3
BRDA:227,2,1,5
BRDA:227,3,0,5
BRDA:227,3,1,3
BRDA:233,4,0,3
BRDA:233,4,1,5
BRDA:236,5,0,5
BRDA:236,5,1,3
BRDA:248,6,0,0
BRDA:248,6,1,0
BRDA:278,7,0,0
BRDA:278,7,1,8
BRDA:309,8,0,3
BRDA:309,8,1,5
BRF:18
BRH:11
end_of_record
TN:
SF:/Users/RyanDuffy/dev/sandstone/ExpandableItem/Expandable.js
FN:20,(anonymous_0)
FN:73,(anonymous_1)
FNF:2
FNH:1
FNDA:0,(anonymous_0)
FNDA:16,(anonymous_1)
DA:20,8
DA:21,0
DA:22,0
DA:23,0
DA:33,8
DA:73,8
DA:74,16
LF:7
LH:4
BRDA:21,0,0,0
BRDA:21,0,1,0
BRF:2
BRH:0
end_of_record
TN:
SF:/Users/RyanDuffy/dev/sandstone/ExpandableItem/ExpandableItem.js
FN:46,wouldDirectionLeaveContainer
FN:308,(anonymous_1)
FN:329,(anonymous_2)
FN:349,(anonymous_3)
FN:353,(anonymous_4)
FN:354,(anonymous_5)
FN:355,(anonymous_6)
FN:356,(anonymous_7)
FN:359,(anonymous_8)
FNF:9
FNH:6
FNDA:0,wouldDirectionLeaveContainer
FNDA:0,(anonymous_1)
FNDA:0,(anonymous_2)
FNDA:58,(anonymous_3)
FNDA:60,(anonymous_4)
FNDA:58,(anonymous_5)
FNDA:59,(anonymous_6)
FNDA:58,(anonymous_7)
FNDA:58,(anonymous_8)
DA:38,8
DA:39,8
DA:41,8
DA:47,0
DA:50,0
DA:51,0
DA:54,0
DA:55,0
DA:57,0
DA:69,8
DA:309,0
DA:310,0
DA:315,0
DA:316,0
DA:317,0
DA:318,0
DA:319,0
DA:320,0
DA:321,0
DA:322,0
DA:323,0
DA:324,0
DA:330,0
DA:331,0
DA:349,58
DA:353,60
DA:354,58
DA:355,59
DA:356,58
DA:381,58
DA:382,58
DA:383,58
DA:384,58
DA:385,58
DA:386,58
DA:387,58
DA:389,58
DA:390,58
DA:392,58
DA:456,8
LF:40
LH:20
BRDA:50,0,0,0
BRDA:50,0,1,0
BRDA:309,1,0,0
BRDA:309,1,1,0
BRDA:309,2,0,0
BRDA:309,2,1,0
BRDA:309,2,2,0
BRDA:315,3,0,0
BRDA:315,3,1,0
BRDA:315,4,0,0
BRDA:315,4,1,0
BRDA:315,4,2,0
BRDA:315,4,3,0
BRDA:319,5,0,0
BRDA:319,5,1,0
BRDA:319,6,0,0
BRDA:319,6,1,0
BRDA:320,7,0,0
BRDA:320,7,1,0
BRDA:323,8,0,0
BRDA:323,8,1,0
BRDA:330,9,0,0
BRDA:330,9,1,0
BRDA:330,10,0,0
BRDA:330,10,1,0
BRDA:330,10,2,0
BRDA:350,11,0,58
BRDA:350,11,1,43
BRDA:351,12,0,58
BRDA:351,12,1,28
BRDA:351,12,2,10
BRDA:353,13,0,60
BRDA:353,13,1,35
BRDA:355,14,0,59
BRDA:355,14,1,44
BRDA:356,15,0,58
BRDA:356,15,1,58
BRDA:416,16,0,47
BRDA:416,16,1,11
BRF:39
BRH:13
end_of_record
TN:
SF:/Users/RyanDuffy/dev/sandstone/ExpandableItem/ExpandableSpotlightDecorator.js
FN:11,(anonymous_0)
FN:55,(anonymous_1)
FN:96,(anonymous_2)
FN:108,(anonymous_3)
FN:119,(anonymous_4)
FN:126,(anonymous_5)
FN:131,(anonymous_6)
FN:154,(anonymous_7)
FN:182,(anonymous_8)
FN:189,(anonymous_9)
FN:209,(anonymous_10)
FN:213,(anonymous_11)
FN:217,(anonymous_12)
FN:234,(anonymous_13)
FN:239,(anonymous_14)
FN:243,(anonymous_15)
FN:249,(anonymous_16)
FN:255,(anonymous_17)
FN:259,(anonymous_18)
FNF:19
FNH:8
FNDA:59,(anonymous_0)
FNDA:16,(anonymous_1)
FNDA:49,(anonymous_2)
FNDA:54,(anonymous_3)
FNDA:5,(anonymous_4)
FNDA:0,(anonymous_5)
FNDA:0,(anonymous_6)
FNDA:0,(anonymous_7)
FNDA:0,(anonymous_8)
FNDA:0,(anonymous_9)
FNDA:3,(anonymous_10)
FNDA:0,(anonymous_11)
FNDA:0,(anonymous_12)
FNDA:0,(anonymous_13)
FNDA:0,(anonymous_14)
FNDA:0,(anonymous_15)
FNDA:0,(anonymous_16)
FNDA:48,(anonymous_17)
FNDA:54,(anonymous_18)
DA:11,59
DA:20,8
DA:55,8
DA:56,16
DA:58,16
DA:59,16
DA:61,16
DA:91,16
DA:97,49
DA:99,49
DA:100,49
DA:105,49
DA:109,54
DA:111,54
DA:112,0
DA:113,54
DA:114,1
DA:116,53
DA:120,5
DA:122,0
DA:127,0
DA:128,0
DA:131,49
DA:132,0
DA:133,0
DA:134,0
DA:135,0
DA:136,0
DA:139,0
DA:140,0
DA:142,0
DA:143,0
DA:147,0
DA:148,0
DA:154,49
DA:155,0
DA:156,0
DA:158,0
DA:160,0
DA:161,0
DA:164,0
DA:167,0
DA:169,0
DA:179,0
DA:180,0
DA:181,0
DA:182,0
DA:185,0
DA:189,49
DA:190,0
DA:192,0
DA:193,0
DA:195,0
DA:198,0
DA:201,0
DA:203,0
DA:204,0
DA:209,49
DA:210,3
DA:213,49
DA:214,0
DA:217,49
DA:218,0
DA:219,0
DA:222,49
DA:224,49
DA:229,49
DA:234,49
DA:235,0
DA:236,0
DA:239,49
DA:240,0
DA:243,49
DA:244,0
DA:245,0
DA:249,49
DA:250,0
DA:255,49
DA:256,48
DA:260,54
DA:261,54
DA:262,54
DA:264,54
LF:83
LH:38
BRDA:11,0,0,59
BRDA:11,0,1,14
BRDA:11,0,2,0
BRDA:101,1,0,49
BRDA:101,1,1,37
BRDA:102,2,0,49
BRDA:102,2,1,37
BRDA:109,3,0,54
BRDA:109,3,1,40
BRDA:111,4,0,0
BRDA:111,4,1,54
BRDA:113,5,0,1
BRDA:113,5,1,53
BRDA:120,6,0,0
BRDA:120,6,1,5
BRDA:133,7,0,0
BRDA:133,7,1,0
BRDA:133,8,0,0
BRDA:133,8,1,0
BRDA:135,9,0,0
BRDA:135,9,1,0
BRDA:135,10,0,0
BRDA:135,10,1,0
BRDA:135,10,2,0
BRDA:139,11,0,0
BRDA:139,11,1,0
BRDA:142,12,0,0
BRDA:142,12,1,0
BRDA:147,13,0,0
BRDA:147,13,1,0
BRDA:158,14,0,0
BRDA:158,14,1,0
BRDA:160,15,0,0
BRDA:160,15,1,0
BRDA:161,16,0,0
BRDA:161,16,1,0
BRDA:179,17,0,0
BRDA:179,17,1,0
BRDA:179,17,2,0
BRDA:180,18,0,0
BRDA:180,18,1,0
BRDA:190,19,0,0
BRDA:190,19,1,0
BRDA:193,20,0,0
BRDA:193,20,1,0
BRDA:195,21,0,0
BRDA:195,21,1,0
BRDA:203,22,0,0
BRDA:203,22,1,0
BRDA:244,23,0,0
BRDA:244,23,1,0
BRF:51
BRH:12
end_of_record
TN:
SF:/Users/RyanDuffy/dev/sandstone/ExpandableItem/ExpandableTransitionContainer.js
FN:15,(anonymous_0)
FNF:1
FNH:0
FNDA:0,(anonymous_0)
DA:13,8
DA:15,0
LF:2
LH:1
BRF:0
BRH:0
end_of_record
TN:
SF:/Users/RyanDuffy/dev/sandstone/ExpandableList/ExpandableList.js
FN:39,(anonymous_0)
FN:258,(anonymous_1)
FN:276,(anonymous_2)
FN:278,(anonymous_3)
FN:282,(anonymous_4)
FN:298,(anonymous_5)
FN:304,(anonymous_6)
FN:304,(anonymous_7)
FN:314,(anonymous_8)
FN:319,(anonymous_9)
FN:321,(anonymous_10)
FN:326,(anonymous_11)
FN:394,(anonymous_12)
FNF:13
FNH:9
FNDA:1,(anonymous_0)
FNDA:0,(anonymous_1)
FNDA:14,(anonymous_2)
FNDA:14,(anonymous_3)
FNDA:14,(anonymous_4)
FNDA:14,(anonymous_5)
FNDA:0,(anonymous_6)
FNDA:0,(anonymous_7)
FNDA:14,(anonymous_8)
FNDA:14,(anonymous_9)
FNDA:14,(anonymous_10)
FNDA:14,(anonymous_11)
FNDA:0,(anonymous_12)
DA:36,2
DA:40,1
DA:59,2
DA:260,0
DA:261,0
DA:264,0
DA:265,0
DA:276,14
DA:279,14
DA:288,14
DA:299,14
DA:300,5
DA:301,9
DA:302,3
DA:303,3
DA:304,0
DA:305,3
DA:306,1
DA:308,2
DA:315,14
DA:319,14
DA:322,14
DA:337,14
DA:339,14
DA:386,2
DA:395,0
DA:396,0
DA:397,0
DA:400,0
DA:401,0
DA:402,0
DA:405,0
LF:32
LH:20
BRDA:40,0,0,1
BRDA:40,0,1,1
BRDA:40,0,2,1
BRDA:40,0,3,1
BRDA:260,1,0,0
BRDA:260,1,1,0
BRDA:260,2,0,0
BRDA:260,2,1,0
BRDA:260,2,2,0
BRDA:264,3,0,0
BRDA:264,3,1,0
BRDA:279,4,0,14
BRDA:279,4,1,14
BRDA:279,4,2,14
BRDA:299,5,0,5
BRDA:299,5,1,9
BRDA:301,6,0,3
BRDA:301,6,1,6
BRDA:301,7,0,9
BRDA:301,7,1,9
BRDA:301,7,2,6
BRDA:302,8,0,3
BRDA:302,8,1,0
BRDA:303,9,0,0
BRDA:303,9,1,3
BRDA:303,10,0,3
BRDA:303,10,1,0
BRDA:304,11,0,0
BRDA:304,11,1,0
BRDA:305,12,0,1
BRDA:305,12,1,2
BRDA:315,13,0,14
BRDA:315,13,1,7
BRDA:315,13,2,7
BRDA:315,13,3,7
BRDA:319,14,0,7
BRDA:319,14,1,7
BRDA:322,15,0,0
BRDA:322,15,1,14
BRDA:322,16,0,14
BRDA:322,16,1,0
BRDA:394,17,0,0
BRDA:396,18,0,0
BRDA:396,18,1,0
BRDA:396,19,0,0
BRDA:396,19,1,0
BRDA:401,20,0,0
BRDA:401,20,1,0
BRF:48
BRH:27
end_of_record
TN:
SF:/Users/RyanDuffy/dev/sandstone/ExpandablePicker/ExpandablePicker.js
FN:311,(anonymous_0)
FN:323,(anonymous_1)
FN:326,(anonymous_2)
FNF:3
FNH:3
FNDA:3,(anonymous_0)
FNDA:11,(anonymous_1)
FNDA:11,(anonymous_2)
DA:46,1
DA:312,3
DA:313,3
DA:316,3
DA:317,3
DA:323,11
DA:352,11
DA:354,11
DA:355,11
DA:357,11
DA:435,1
LF:11
LH:11
BRDA:312,0,0,3
BRDA:312,0,1,0
BRDA:316,1,0,3
BRDA:316,1,1,0
BRDA:363,2,0,1
BRDA:363,2,1,10
BRDA:383,3,0,11
BRDA:383,3,1,0
BRDA:384,4,0,0
BRDA:384,4,1,11
BRDA:400,5,0,0
BRDA:400,5,1,11
BRDA:401,6,0,11
BRDA:401,6,1,0
BRF:14
BRH:8
end_of_record
TN:
SF:/Users/RyanDuffy/dev/sandstone/ExpandablePicker/ExpandablePickerDecorator.js
FN:6,(anonymous_0)
FN:16,(anonymous_1)
FN:28,(anonymous_2)
FN:28,(anonymous_3)
FN:31,(anonymous_4)
FN:37,(anonymous_5)
FNF:6
FNH:3
FNDA:1,(anonymous_0)
FNDA:9,(anonymous_1)
FNDA:0,(anonymous_2)
FNDA:0,(anonymous_3)
FNDA:0,(anonymous_4)
FNDA:11,(anonymous_5)
DA:6,1
DA:8,1
DA:9,1
DA:11,1
DA:17,9
DA:19,9
DA:24,9
DA:26,9
DA:28,0
DA:31,9
DA:32,0
DA:38,11
DA:40,11
LF:13
LH:11
BRDA:28,0,0,0
BRDA:28,0,1,0
BRDA:38,1,0,10
BRDA:38,1,1,1
BRF:4
BRH:2
end_of_record
TN:
SF:/Users/RyanDuffy/dev/sandstone/FormCheckbox/FormCheckbox.js
FN:61,(anonymous_0)
FNF:1
FNH:0
FNDA:0,(anonymous_0)
DA:32,0
DA:62,0
LF:2
LH:0
BRF:0
BRH:0
end_of_record
TN:
SF:/Users/RyanDuffy/dev/sandstone/FormCheckboxItem/FormCheckboxItem.js
FN:55,(anonymous_0)
FNF:1
FNH:0
FNDA:0,(anonymous_0)
DA:31,0
DA:56,0
DA:67,0
LF:3
LH:0
BRF:0
BRH:0
end_of_record
TN:
SF:/Users/RyanDuffy/dev/sandstone/GridListImageItem/GridListImageItem.js
FN:41,(anonymous_0)
FN:175,(anonymous_1)
FN:176,(anonymous_2)
FN:198,(anonymous_3)
FNF:4
FNH:0
FNDA:0,(anonymous_0)
FNDA:0,(anonymous_1)
FNDA:0,(anonymous_2)
FNDA:0,(anonymous_3)
DA:37,0
DA:41,0
DA:42,0
DA:54,0
DA:176,0
DA:177,0
DA:183,0
DA:199,0
DA:200,0
DA:201,0
DA:202,0
DA:204,0
DA:205,0
DA:206,0
DA:209,0
DA:237,0
DA:263,0
LF:17
LH:0
BRDA:178,0,0,0
BRDA:178,0,1,0
BRDA:179,1,0,0
BRDA:179,1,1,0
BRDA:184,2,0,0
BRDA:184,2,1,0
BRDA:204,3,0,0
BRDA:204,3,1,0
BRF:8
BRH:0
end_of_record
TN:
SF:/Users/RyanDuffy/dev/sandstone/Heading/Heading.js
FN:83,(anonymous_0)
FN:86,(anonymous_1)
FNF:2
FNH:2
FNDA:91,(anonymous_0)
FNDA:91,(anonymous_1)
DA:42,7
DA:83,91
DA:87,91
DA:88,91
DA:101,7
DA:136,7
LF:6
LH:6
BRF:0
BRH:0
end_of_record
TN:
SF:/Users/RyanDuffy/dev/sandstone/Icon/Icon.js
FN:75,(anonymous_0)
FN:80,(anonymous_1)
FNF:2
FNH:2
FNDA:1088,(anonymous_0)
FNDA:1088,(anonymous_1)
DA:35,37
DA:75,1088
DA:80,1088
DA:234,37
DA:249,37
LF:5
LH:5
BRF:0
BRH:0
end_of_record
TN:
SF:/Users/RyanDuffy/dev/sandstone/Icon/IconList.js
FNF:0
FNH:0
LF:0
LH:0
BRF:0
BRH:0
end_of_record
TN:
SF:/Users/RyanDuffy/dev/sandstone/IconButton/IconButton.js
FN:42,(anonymous_0)
FNF:1
FNH:1
FNDA:2,(anonymous_0)
DA:39,1
DA:43,2
DA:49,2
DA:67,1
DA:92,1
LF:5
LH:5
BRF:0
BRH:0
end_of_record
TN:
SF:/Users/RyanDuffy/dev/sandstone/Image/Image.js
FN:58,(anonymous_0)
FN:79,(anonymous_1)
FN:87,(anonymous_2)
FN:94,(anonymous_3)
FN:98,(anonymous_4)
FN:102,(anonymous_5)
FN:103,(anonymous_6)
FN:114,(anonymous_7)
FNF:8
FNH:5
FNDA:7,(anonymous_0)
FNDA:2,(anonymous_1)
FNDA:4,(anonymous_2)
FNDA:4,(anonymous_3)
FNDA:0,(anonymous_4)
FNDA:0,(anonymous_5)
FNDA:0,(anonymous_6)
FNDA:4,(anonymous_7)
DA:35,2
DA:59,7
DA:79,2
DA:80,2
DA:81,2
DA:83,2
DA:88,4
DA:89,4
DA:95,4
DA:99,0
DA:102,4
DA:103,0
DA:104,0
DA:106,0
DA:107,0
DA:110,0
DA:115,4
DA:128,2
DA:154,2
LF:19
LH:13
BRDA:106,0,0,0
BRDA:106,0,1,0
BRF:2
BRH:0
end_of_record
TN:
SF:/Users/RyanDuffy/dev/sandstone/ImageItem/ImageItem.js
FN:204,(anonymous_0)
FN:228,(anonymous_1)
FNF:2
FNH:2
FNDA:9,(anonymous_0)
FNDA:9,(anonymous_1)
DA:35,1
DA:49,1
DA:205,9
DA:207,9
DA:209,5
DA:229,9
DA:230,9
DA:231,9
DA:233,9
DA:234,1
DA:235,1
DA:238,9
DA:273,1
DA:299,1
DA:300,1
LF:15
LH:15
BRDA:205,0,0,9
BRDA:205,0,1,1
BRDA:207,1,0,4
BRDA:207,1,1,5
BRDA:207,2,0,9
BRDA:207,2,1,8
BRDA:207,2,2,6
BRDA:211,3,0,1
BRDA:211,3,1,4
BRDA:233,4,0,1
BRDA:233,4,1,8
BRDA:244,5,0,2
BRDA:244,5,1,7
BRDA:246,6,0,1
BRDA:246,6,1,1
BRF:15
BRH:15
end_of_record
TN:
SF:/Users/RyanDuffy/dev/sandstone/IncrementSlider/IncrementSlider.js
FN:53,(anonymous_0)
FN:426,(anonymous_1)
FN:459,(anonymous_2)
FN:460,(anonymous_3)
FN:461,(anonymous_4)
FN:462,(anonymous_5)
FN:463,(anonymous_6)
FN:464,(anonymous_7)
FN:471,(anonymous_8)
FN:480,(anonymous_9)
FNF:10
FNH:10
FNDA:12,(anonymous_0)
FNDA:16,(anonymous_1)
FNDA:35,(anonymous_2)
FNDA:35,(anonymous_3)
FNDA:35,(anonymous_4)
FNDA:35,(anonymous_5)
FNDA:35,(anonymous_6)
FNDA:35,(anonymous_7)
FNDA:35,(anonymous_8)
FNDA:35,(anonymous_9)
DA:46,1
DA:47,1
DA:48,1
DA:49,1
DA:51,1
DA:53,12
DA:67,1
DA:427,16
DA:429,16
DA:432,16
DA:433,4
DA:434,4
DA:437,12
DA:438,12
DA:440,12
DA:441,3
DA:442,9
DA:443,3
DA:444,6
DA:445,3
DA:446,3
DA:447,3
DA:459,35
DA:460,35
DA:461,35
DA:462,35
DA:463,35
DA:465,35
DA:466,34
DA:469,35
DA:472,35
DA:473,34
DA:476,35
DA:513,35
DA:514,35
DA:515,35
DA:516,35
DA:518,35
DA:519,35
DA:520,35
DA:521,35
DA:522,35
DA:524,35
DA:579,1
DA:603,1
LF:45
LH:45
BRDA:432,0,0,4
BRDA:432,0,1,12
BRDA:440,1,0,3
BRDA:440,1,1,9
BRDA:440,2,0,12
BRDA:440,2,1,3
BRDA:440,2,2,1
BRDA:442,3,0,3
BRDA:442,3,1,6
BRDA:442,4,0,9
BRDA:442,4,1,3
BRDA:442,4,2,1
BRDA:444,5,0,3
BRDA:444,5,1,3
BRDA:444,6,0,6
BRDA:444,6,1,3
BRDA:444,6,2,1
BRDA:446,7,0,3
BRDA:446,7,1,0
BRDA:446,8,0,3
BRDA:446,8,1,3
BRDA:446,8,2,1
BRDA:460,9,0,14
BRDA:460,10,0,35
BRDA:460,10,1,33
BRDA:461,11,0,14
BRDA:461,12,0,35
BRDA:461,12,1,33
BRDA:462,13,0,35
BRDA:462,13,1,34
BRDA:462,14,0,9
BRDA:462,14,1,25
BRDA:463,15,0,35
BRDA:463,15,1,34
BRDA:463,16,0,9
BRDA:463,16,1,25
BRDA:464,17,0,14
BRDA:465,18,0,34
BRDA:465,18,1,1
BRDA:469,19,0,35
BRDA:469,19,1,0
BRDA:471,20,0,14
BRDA:472,21,0,34
BRDA:472,21,1,1
BRDA:476,22,0,35
BRDA:476,22,1,0
BRDA:528,23,0,30
BRDA:528,23,1,5
BRDA:564,24,0,16
BRDA:564,24,1,19
BRF:50
BRH:47
end_of_record
TN:
SF:/Users/RyanDuffy/dev/sandstone/IncrementSlider/IncrementSliderButton.js
FN:25,(anonymous_0)
FNF:1
FNH:1
FNDA:70,(anonymous_0)
DA:18,1
DA:26,70
DA:39,1
DA:40,1
LF:4
LH:4
BRF:0
BRH:0
end_of_record
TN:
SF:/Users/RyanDuffy/dev/sandstone/Input/Input.js
FN:23,(anonymous_0)
FN:192,(anonymous_1)
FN:195,(anonymous_2)
FN:196,(anonymous_3)
FN:214,(anonymous_4)
FN:217,(anonymous_5)
FNF:6
FNH:2
FNDA:0,(anonymous_0)
FNDA:0,(anonymous_1)
FNDA:0,(anonymous_2)
FNDA:0,(anonymous_3)
FNDA:12,(anonymous_4)
FNDA:12,(anonymous_5)
DA:23,3
DA:33,3
DA:192,0
DA:196,0
DA:197,0
DA:198,0
DA:200,0
DA:214,12
DA:239,12
DA:240,12
DA:241,12
DA:243,12
DA:244,12
DA:246,12
DA:306,3
DA:333,3
LF:16
LH:11
BRDA:240,0,0,12
BRDA:240,0,1,7
BRDA:241,1,0,12
BRDA:241,1,1,11
BRDA:251,2,0,12
BRDA:251,2,1,0
BRDA:254,3,0,12
BRDA:254,3,1,10
BRDA:256,4,0,5
BRDA:256,4,1,7
BRDA:262,5,0,5
BRDA:262,5,1,7
BRDA:269,6,0,0
BRDA:269,6,1,5
BRDA:287,7,0,12
BRDA:287,7,1,10
BRDA:287,8,0,1
BRDA:287,8,1,11
BRF:18
BRH:16
end_of_record
TN:
SF:/Users/RyanDuffy/dev/sandstone/Input/InputField.js
FN:224,(anonymous_0)
FN:231,(anonymous_1)
FN:235,(anonymous_2)
FN:236,(anonymous_3)
FN:237,(anonymous_4)
FN:248,(anonymous_5)
FN:251,(anonymous_6)
FNF:7
FNH:7
FNDA:1,(anonymous_0)
FNDA:30,(anonymous_1)
FNDA:30,(anonymous_2)
FNDA:30,(anonymous_3)
FNDA:30,(anonymous_4)
FNDA:30,(anonymous_5)
FNDA:30,(anonymous_6)
DA:32,3
DA:224,1
DA:232,30
DA:233,30
DA:235,30
DA:236,30
DA:238,30
DA:239,1
DA:240,1
DA:248,30
DA:252,30
DA:253,30
DA:254,30
DA:255,30
DA:256,30
DA:257,30
DA:259,30
DA:295,3
DA:319,3
LF:19
LH:19
BRDA:232,0,0,22
BRDA:232,0,1,8
BRDA:232,1,0,30
BRDA:232,1,1,13
BRDA:236,2,0,3
BRDA:236,2,1,27
BRDA:236,3,0,30
BRDA:236,3,1,22
BRDA:237,4,0,28
BRDA:238,5,0,1
BRDA:238,5,1,29
BRDA:238,6,0,30
BRDA:238,6,1,1
BRDA:239,7,0,0
BRDA:239,7,1,1
BRDA:248,8,0,0
BRDA:248,8,1,30
BRDA:248,9,0,30
BRDA:248,9,1,22
BRDA:263,10,0,8
BRDA:263,10,1,22
BRF:21
BRH:19
end_of_record
TN:
SF:/Users/RyanDuffy/dev/sandstone/Input/InputFieldDecoratorIcon.js
FN:45,(anonymous_0)
FN:50,(anonymous_1)
FNF:2
FNH:2
FNDA:48,(anonymous_0)
FNDA:48,(anonymous_1)
DA:18,3
DA:46,48
DA:51,48
DA:53,48
DA:67,3
LF:5
LH:5
BRDA:46,0,0,24
BRDA:46,0,1,24
BRDA:53,1,0,0
BRDA:53,1,1,48
BRF:4
BRH:3
end_of_record
TN:
SF:/Users/RyanDuffy/dev/sandstone/Input/InputFieldSpotlightDecorator.js
FN:12,(anonymous_0)
FN:17,(anonymous_1)
FN:57,(anonymous_2)
FN:133,(anonymous_3)
FN:145,(anonymous_4)
FN:149,(anonymous_5)
FN:165,(anonymous_6)
FN:193,(anonymous_7)
FN:197,(anonymous_8)
FN:198,(anonymous_9)
FN:203,(anonymous_10)
FN:207,(anonymous_11)
FN:211,(anonymous_12)
FN:238,(anonymous_13)
FN:251,(anonymous_14)
FN:262,(anonymous_15)
FN:318,(anonymous_16)
FN:339,(anonymous_17)
FN:347,(anonymous_18)
FNF:19
FNH:17
FNDA:3,(anonymous_0)
FNDA:0,(anonymous_1)
FNDA:3,(anonymous_2)
FNDA:24,(anonymous_3)
FNDA:6,(anonymous_4)
FNDA:1,(anonymous_5)
FNDA:6,(anonymous_6)
FNDA:4,(anonymous_7)
FNDA:1,(anonymous_8)
FNDA:1,(anonymous_9)
FNDA:1,(anonymous_10)
FNDA:3,(anonymous_11)
FNDA:1,(anonymous_12)
FNDA:3,(anonymous_13)
FNDA:2,(anonymous_14)
FNDA:0,(anonymous_15)
FNDA:1,(anonymous_16)
FNDA:3,(anonymous_17)
FNDA:30,(anonymous_18)
DA:12,3
DA:15,3
DA:17,3
DA:18,0
DA:19,0
DA:21,0
DA:25,3
DA:37,3
DA:57,3
DA:58,3
DA:59,3
DA:60,3
DA:61,3
DA:62,3
DA:63,3
DA:65,3
DA:66,3
DA:68,3
DA:134,24
DA:136,24
DA:141,24
DA:142,24
DA:146,6
DA:150,1
DA:152,1
DA:153,1
DA:155,1
DA:156,0
DA:159,1
DA:160,1
DA:165,24
DA:167,6
DA:172,4
DA:175,6
DA:176,6
DA:177,5
DA:178,3
DA:179,3
DA:180,3
DA:182,3
DA:183,2
DA:184,1
DA:185,1
DA:186,1
DA:188,1
DA:193,24
DA:194,4
DA:197,24
DA:198,1
DA:199,1
DA:203,24
DA:204,1
DA:207,24
DA:208,3
DA:211,24
DA:212,1
DA:213,1
DA:214,1
DA:215,1
DA:216,1
DA:218,0
DA:219,0
DA:221,0
DA:223,0
DA:224,0
DA:226,0
DA:227,0
DA:228,0
DA:229,0
DA:231,0
DA:232,0
DA:233,0
DA:238,24
DA:239,3
DA:241,3
DA:244,3
DA:245,3
DA:248,3
DA:251,24
DA:252,2
DA:256,2
DA:257,0
DA:258,0
DA:263,0
DA:267,0
DA:269,0
DA:270,0
DA:271,0
DA:272,0
DA:273,0
DA:278,0
DA:288,0
DA:289,0
DA:292,0
DA:293,0
DA:294,0
DA:296,0
DA:297,0
DA:300,0
DA:301,0
DA:304,0
DA:306,0
DA:309,0
DA:311,0
DA:313,0
DA:318,24
DA:319,1
DA:320,1
DA:324,1
DA:325,1
DA:327,1
DA:328,1
DA:330,1
DA:331,0
DA:332,0
DA:336,1
DA:340,3
DA:342,3
DA:343,3
DA:348,30
DA:349,30
DA:350,30
DA:351,30
DA:353,30
LF:124
LH:82
BRDA:18,0,0,0
BRDA:18,0,1,0
BRDA:152,1,0,1
BRDA:152,1,1,0
BRDA:155,2,0,0
BRDA:155,2,1,1
BRDA:159,3,0,1
BRDA:159,3,1,0
BRDA:167,4,0,4
BRDA:167,4,1,2
BRDA:168,5,0,6
BRDA:168,5,1,4
BRDA:168,5,2,4
BRDA:168,5,3,3
BRDA:176,6,0,5
BRDA:176,6,1,1
BRDA:177,7,0,3
BRDA:177,7,1,2
BRDA:179,8,0,3
BRDA:179,8,1,0
BRDA:183,9,0,1
BRDA:183,9,1,1
BRDA:185,10,0,1
BRDA:185,10,1,0
BRDA:199,11,0,1
BRDA:199,11,1,0
BRDA:199,12,0,1
BRDA:199,12,1,0
BRDA:212,13,0,1
BRDA:212,13,1,0
BRDA:213,14,0,1
BRDA:213,14,1,0
BRDA:214,15,0,1
BRDA:214,15,1,0
BRDA:221,16,0,0
BRDA:221,16,1,0
BRDA:226,17,0,0
BRDA:226,17,1,0
BRDA:227,18,0,0
BRDA:227,18,1,0
BRDA:227,19,0,0
BRDA:227,19,1,0
BRDA:227,19,2,0
BRDA:244,20,0,3
BRDA:244,20,1,0
BRDA:244,21,0,3
BRDA:244,21,1,3
BRDA:256,22,0,0
BRDA:256,22,1,2
BRDA:256,23,0,2
BRDA:256,23,1,1
BRDA:256,23,2,0
BRDA:256,23,3,0
BRDA:269,24,0,0
BRDA:269,24,1,0
BRDA:278,25,0,0
BRDA:278,25,1,0
BRDA:278,25,2,0
BRDA:278,25,3,0
BRDA:278,25,4,0
BRDA:278,25,5,0
BRDA:288,26,0,0
BRDA:288,26,1,0
BRDA:288,27,0,0
BRDA:288,27,1,0
BRDA:288,27,2,0
BRDA:292,28,0,0
BRDA:292,28,1,0
BRDA:296,29,0,0
BRDA:296,29,1,0
BRDA:304,30,0,0
BRDA:304,30,1,0
BRDA:311,31,0,0
BRDA:311,31,1,0
BRDA:311,32,0,0
BRDA:311,32,1,0
BRDA:324,33,0,1
BRDA:324,33,1,0
BRDA:327,34,0,1
BRDA:327,34,1,0
BRDA:327,35,0,1
BRDA:327,35,1,1
BRDA:327,35,2,1
BRDA:331,36,0,0
BRDA:331,36,1,0
BRDA:331,37,0,0
BRDA:331,37,1,0
BRDA:342,38,0,3
BRDA:342,38,1,0
BRF:89
BRH:34
end_of_record
TN:
SF:/Users/RyanDuffy/dev/sandstone/Input/Keypad.js
FN:43,(anonymous_0)
FN:47,(anonymous_1)
FN:73,(anonymous_2)
FN:76,(anonymous_3)
FNF:4
FNH:3
FNDA:0,(anonymous_0)
FNDA:44,(anonymous_1)
FNDA:4,(anonymous_2)
FNDA:44,(anonymous_3)
DA:18,3
DA:19,3
DA:21,3
DA:26,3
DA:43,0
DA:48,44
DA:49,44
DA:50,44
DA:60,3
DA:74,4
DA:77,44
DA:94,3
LF:12
LH:11
BRDA:48,0,0,4
BRDA:48,0,1,40
BRDA:82,1,0,4
BRDA:82,1,1,40
BRF:4
BRH:4
end_of_record
TN:
SF:/Users/RyanDuffy/dev/sandstone/Input/NumberField.js
FN:19,(anonymous_0)
FN:20,(anonymous_1)
FN:42,(anonymous_2)
FN:45,(anonymous_3)
FN:81,(anonymous_4)
FN:84,(anonymous_5)
FN:87,(anonymous_6)
FN:94,(anonymous_7)
FN:101,(anonymous_8)
FN:106,(anonymous_9)
FN:124,(anonymous_10)
FNF:11
FNH:7
FNDA:4,(anonymous_0)
FNDA:4,(anonymous_1)
FNDA:16,(anonymous_2)
FNDA:16,(anonymous_3)
FNDA:0,(anonymous_4)
FNDA:0,(anonymous_5)
FNDA:0,(anonymous_6)
FNDA:0,(anonymous_7)
FNDA:4,(anonymous_8)
FNDA:4,(anonymous_9)
FNDA:16,(anonymous_10)
DA:17,3
DA:19,4
DA:20,4
DA:22,3
DA:42,16
DA:46,16
DA:57,3
DA:81,0
DA:84,0
DA:87,0
DA:94,0
DA:101,4
DA:107,4
DA:108,4
DA:111,4
DA:112,4
DA:113,4
DA:114,4
DA:124,16
DA:128,0
DA:135,4
DA:145,3
DA:149,3
LF:23
LH:18
BRDA:19,0,0,4
BRDA:19,0,1,0
BRDA:51,1,0,0
BRDA:51,1,1,16
BRDA:51,2,0,16
BRDA:51,2,1,0
BRDA:101,3,0,4
BRDA:101,3,1,0
BRDA:111,4,0,4
BRDA:111,4,1,0
BRDA:116,5,0,4
BRDA:116,5,1,0
BRDA:130,6,0,0
BRDA:130,6,1,0
BRDA:139,7,0,4
BRDA:139,7,1,0
BRF:16
BRH:7
end_of_record
TN:
SF:/Users/RyanDuffy/dev/sandstone/Input/WindowEventable.js
FN:30,(anonymous_0)
FN:35,(anonymous_1)
FN:47,(anonymous_2)
FN:61,(anonymous_3)
FN:69,(anonymous_4)
FNF:5
FNH:3
FNDA:3,(anonymous_0)
FNDA:4,(anonymous_1)
FNDA:0,(anonymous_2)
FNDA:0,(anonymous_3)
FNDA:4,(anonymous_4)
DA:25,3
DA:30,3
DA:31,3
DA:33,3
DA:36,4
DA:38,4
DA:40,4
DA:41,4
DA:43,4
DA:45,4
DA:47,4
DA:48,0
DA:50,0
DA:54,4
DA:55,4
DA:56,4
DA:62,0
DA:63,0
DA:64,0
DA:70,4
DA:71,4
DA:72,4
DA:75,4
LF:23
LH:18
BRDA:38,0,0,1
BRDA:38,0,1,3
BRDA:38,1,0,4
BRDA:38,1,1,1
BRDA:43,2,0,4
BRDA:43,2,1,0
BRDA:45,3,0,4
BRDA:45,3,1,0
BRDA:48,4,0,0
BRDA:48,4,1,0
BRDA:54,5,0,4
BRDA:54,5,1,0
BRDA:62,6,0,0
BRDA:62,6,1,0
BRF:14
BRH:7
end_of_record
TN:
SF:/Users/RyanDuffy/dev/sandstone/Input/index.js
FNF:0
FNH:0
LF:0
LH:0
BRF:0
BRH:0
end_of_record
TN:
SF:/Users/RyanDuffy/dev/sandstone/Input/pointer.js
FN:7,(anonymous_0)
FN:8,(anonymous_1)
FN:9,(anonymous_2)
FN:9,(anonymous_3)
FN:34,(anonymous_4)
FN:44,(anonymous_5)
FN:54,(anonymous_6)
FNF:7
FNH:3
FNDA:0,(anonymous_0)
FNDA:0,(anonymous_1)
FNDA:9,(anonymous_2)
FNDA:0,(anonymous_3)
FNDA:0,(anonymous_4)
FNDA:3,(anonymous_5)
FNDA:2,(anonymous_6)
DA:4,3
DA:7,3
DA:8,3
DA:9,9
DA:11,3
DA:18,3
DA:29,3
DA:34,0
DA:37,3
DA:44,3
DA:45,3
DA:46,3
DA:47,3
DA:48,3
DA:49,3
DA:50,3
DA:54,3
DA:55,2
DA:56,2
DA:57,2
DA:58,2
DA:59,2
DA:60,2
DA:61,2
LF:24
LH:23
BRDA:7,0,0,0
BRDA:7,0,1,0
BRDA:8,1,0,0
BRDA:8,1,1,0
BRDA:55,2,0,2
BRDA:55,2,1,0
BRF:6
BRH:1
end_of_record
TN:
SF:/Users/RyanDuffy/dev/sandstone/Input/util.js
FN:14,(anonymous_0)
FN:25,(anonymous_1)
FN:41,(anonymous_2)
FN:43,(anonymous_3)
FN:83,(anonymous_4)
FN:85,(anonymous_5)
FNF:6
FNH:6
FNDA:38,(anonymous_0)
FNDA:1,(anonymous_1)
FNDA:20,(anonymous_2)
FNDA:70,(anonymous_3)
FNDA:30,(anonymous_4)
FNDA:364,(anonymous_5)
DA:14,3
DA:15,38
DA:17,38
DA:18,3
DA:19,3
DA:22,38
DA:25,3
DA:26,1
DA:41,3
DA:42,20
DA:43,20
DA:44,70
DA:63,0
DA:64,0
DA:68,20
DA:83,3
DA:84,30
DA:85,30
DA:86,364
DA:94,0
DA:95,0
DA:99,30
LF:22
LH:18
BRDA:14,0,0,18
BRDA:17,1,0,3
BRDA:17,1,1,35
BRDA:17,2,0,38
BRDA:17,2,1,4
BRDA:18,3,0,2
BRDA:18,3,1,1
BRDA:26,4,0,1
BRDA:26,4,1,0
BRDA:44,5,0,0
BRDA:44,5,1,0
BRDA:44,5,2,0
BRDA:44,5,3,0
BRDA:44,5,4,0
BRDA:44,5,5,0
BRDA:44,5,6,0
BRDA:44,5,7,0
BRDA:44,5,8,0
BRDA:44,5,9,0
BRDA:44,5,10,0
BRDA:44,5,11,0
BRDA:44,5,12,0
BRDA:44,5,13,0
BRDA:44,5,14,0
BRDA:44,5,15,0
BRDA:44,5,16,0
BRDA:44,5,17,0
BRDA:86,6,0,0
BRDA:86,6,1,0
BRDA:86,6,2,0
BRDA:86,6,3,0
BRDA:86,6,4,0
BRDA:86,6,5,0
BRDA:86,6,6,0
BRF:34
BRH:8
end_of_record
TN:
SF:/Users/RyanDuffy/dev/sandstone/InputPopup/InputPopup.js
FN:11,(anonymous_0)
FNF:1
FNH:0
FNDA:0,(anonymous_0)
DA:8,0
DA:12,0
LF:2
LH:0
BRF:0
BRH:0
end_of_record
TN:
SF:/Users/RyanDuffy/dev/sandstone/InputPopup/NumberInputPopup.js
FN:15,(anonymous_0)
FNF:1
FNH:0
FNDA:0,(anonymous_0)
DA:8,0
DA:16,0
LF:2
LH:0
BRDA:17,0,0,0
BRDA:17,0,1,0
BRF:2
BRH:0
end_of_record
TN:
SF:/Users/RyanDuffy/dev/sandstone/Item/Item.js
FN:44,(anonymous_0)
FN:50,(anonymous_1)
FN:56,(anonymous_2)
FN:202,(anonymous_3)
FN:205,(anonymous_4)
FNF:5
FNH:5
FNDA:535,(anonymous_0)
FNDA:535,(anonymous_1)
FNDA:535,(anonymous_2)
FNDA:537,(anonymous_3)
FNDA:537,(anonymous_4)
DA:28,19
DA:44,535
DA:51,535
DA:57,535
DA:59,535
DA:60,532
DA:66,3
DA:91,19
DA:202,537
DA:206,537
DA:253,19
DA:277,19
LF:12
LH:12
BRDA:51,0,0,535
BRDA:51,0,1,0
BRDA:51,1,0,535
BRDA:51,1,1,534
BRDA:59,2,0,532
BRDA:59,2,1,3
BRDA:217,3,0,191
BRDA:217,3,1,346
BRDA:229,4,0,175
BRDA:229,4,1,362
BRF:10
BRH:9
end_of_record
TN:
SF:/Users/RyanDuffy/dev/sandstone/KeyGuide/KeyGuide.js
FN:93,(anonymous_0)
FN:94,(anonymous_1)
FN:101,(anonymous_2)
FN:110,(anonymous_3)
FNF:4
FNH:0
FNDA:0,(anonymous_0)
FNDA:0,(anonymous_1)
FNDA:0,(anonymous_2)
FNDA:0,(anonymous_3)
DA:47,0
DA:94,0
DA:95,0
DA:101,0
DA:111,0
DA:136,0
DA:167,0
LF:7
LH:0
BRDA:101,0,0,0
BRDA:101,0,1,0
BRF:2
BRH:0
end_of_record
TN:
SF:/Users/RyanDuffy/dev/sandstone/LabeledIcon/LabeledIcon.js
FN:66,(anonymous_0)
FNF:1
FNH:0
FNDA:0,(anonymous_0)
DA:30,0
DA:40,0
DA:67,0
DA:83,0
DA:105,0
LF:5
LH:0
BRF:0
BRH:0
end_of_record
TN:
SF:/Users/RyanDuffy/dev/sandstone/LabeledIconButton/LabeledIconButton.js
FN:137,(anonymous_0)
FNF:1
FNH:0
FNDA:0,(anonymous_0)
DA:33,0
DA:48,0
DA:138,0
DA:164,0
DA:186,0
LF:5
LH:0
BRF:0
BRH:0
end_of_record
TN:
SF:/Users/RyanDuffy/dev/sandstone/LabeledItem/LabeledItem.js
FN:118,(anonymous_0)
FNF:1
FNH:1
FNDA:57,(anonymous_0)
DA:26,9
DA:50,9
DA:119,57
DA:143,9
LF:4
LH:4
BRDA:122,0,0,54
BRDA:122,0,1,3
BRDA:124,1,0,24
BRDA:124,1,1,33
BRF:4
BRH:4
end_of_record
TN:
SF:/Users/RyanDuffy/dev/sandstone/Marquee/Marquee.js
FN:25,(anonymous_0)
FN:26,(anonymous_1)
FNF:2
FNH:2
FNDA:964,(anonymous_0)
FNDA:63,(anonymous_1)
DA:24,33
DA:25,964
DA:27,63
DA:36,33
LF:4
LH:4
BRDA:25,0,0,0
BRDA:25,0,1,964
BRF:2
BRH:1
end_of_record
TN:
SF:/Users/RyanDuffy/dev/sandstone/MediaOverlay/MediaOverlay.js
FN:206,(anonymous_0)
FNF:1
FNH:0
FNDA:0,(anonymous_0)
DA:41,0
DA:207,0
DA:275,0
DA:300,0
LF:4
LH:0
BRDA:220,0,0,0
BRDA:220,0,1,0
BRDA:228,1,0,0
BRDA:228,1,1,0
BRDA:240,2,0,0
BRDA:240,2,1,0
BRDA:249,3,0,0
BRDA:249,3,1,0
BRDA:252,4,0,0
BRDA:252,4,1,0
BRDA:255,5,0,0
BRDA:255,5,1,0
BRF:12
BRH:0
end_of_record
TN:
SF:/Users/RyanDuffy/dev/sandstone/Notification/Notification.js
FN:21,(anonymous_0)
FN:140,(anonymous_1)
FN:143,(anonymous_2)
FN:143,(anonymous_3)
FN:152,(anonymous_4)
FNF:5
FNH:0
FNDA:0,(anonymous_0)
FNDA:0,(anonymous_1)
FNDA:0,(anonymous_2)
FNDA:0,(anonymous_3)
FNDA:0,(anonymous_4)
DA:21,0
DA:22,0
DA:24,0
DA:25,0
DA:26,0
DA:27,0
DA:28,0
DA:30,0
DA:31,0
DA:46,0
DA:140,0
DA:143,0
DA:144,0
DA:145,0
DA:147,0
DA:153,0
DA:180,0
LF:17
LH:0
BRDA:22,0,0,0
BRDA:22,0,1,0
BRDA:28,1,0,0
BRDA:28,1,1,0
BRDA:28,2,0,0
BRDA:28,2,1,0
BRDA:141,3,0,0
BRDA:141,3,1,0
BRDA:144,4,0,0
BRDA:144,4,1,0
BRDA:144,5,0,0
BRDA:144,5,1,0
BRDA:144,5,2,0
BRDA:158,6,0,0
BRDA:158,6,1,0
BRF:15
BRH:0
end_of_record
TN:
SF:/Users/RyanDuffy/dev/sandstone/Panels/ActivityPanels.js
FN:42,(anonymous_0)
FN:51,(anonymous_1)
FNF:2
FNH:0
FNDA:0,(anonymous_0)
FNDA:0,(anonymous_1)
DA:14,0
DA:43,0
DA:44,0
DA:52,0
DA:56,0
LF:5
LH:0
BRF:0
BRH:0
end_of_record
TN:
SF:/Users/RyanDuffy/dev/sandstone/Panels/AlwaysViewingPanels.js
FN:25,(anonymous_0)
FN:55,(anonymous_1)
FN:64,(anonymous_2)
FNF:3
FNH:0
FNDA:0,(anonymous_0)
FNDA:0,(anonymous_1)
FNDA:0,(anonymous_2)
DA:25,0
DA:26,0
DA:27,0
DA:31,0
DA:56,0
DA:57,0
DA:65,0
DA:68,0
LF:8
LH:0
BRDA:26,0,0,0
BRDA:26,0,1,0
BRF:2
BRH:0
end_of_record
TN:
SF:/Users/RyanDuffy/dev/sandstone/Panels/ApplicationCloseButton.js
FN:56,(anonymous_0)
FN:59,(anonymous_1)
FNF:2
FNH:0
FNDA:0,(anonymous_0)
FNDA:0,(anonymous_1)
DA:19,2
DA:56,0
DA:60,0
LF:3
LH:1
BRDA:56,0,0,0
BRDA:56,0,1,0
BRF:2
BRH:0
end_of_record
TN:
SF:/Users/RyanDuffy/dev/sandstone/Panels/Arrangers.js
FN:9,(anonymous_0)
FN:24,(anonymous_1)
FN:36,(anonymous_2)
FN:60,(anonymous_3)
FN:74,(anonymous_4)
FN:86,(anonymous_5)
FN:98,(anonymous_6)
FN:115,(anonymous_7)
FN:127,(anonymous_8)
FN:139,(anonymous_9)
FNF:10
FNH:0
FNDA:0,(anonymous_0)
FNDA:0,(anonymous_1)
FNDA:0,(anonymous_2)
FNDA:0,(anonymous_3)
FNDA:0,(anonymous_4)
FNDA:0,(anonymous_5)
FNDA:0,(anonymous_6)
FNDA:0,(anonymous_7)
FNDA:0,(anonymous_8)
FNDA:0,(anonymous_9)
DA:6,0
DA:7,0
DA:9,0
DA:10,0
DA:12,0
DA:23,0
DA:25,0
DA:26,0
DA:28,0
DA:37,0
DA:38,0
DA:40,0
DA:60,0
DA:61,0
DA:63,0
DA:73,0
DA:75,0
DA:76,0
DA:78,0
DA:87,0
DA:88,0
DA:90,0
DA:99,0
DA:101,0
DA:114,0
DA:116,0
DA:117,0
DA:119,0
DA:128,0
DA:129,0
DA:131,0
DA:140,0
LF:32
LH:0
BRDA:9,0,0,0
BRDA:30,1,0,0
BRDA:30,1,1,0
BRDA:42,2,0,0
BRDA:42,2,1,0
BRDA:61,3,0,0
BRDA:61,3,1,0
BRDA:61,3,2,0
BRDA:63,4,0,0
BRDA:63,4,1,0
BRDA:80,5,0,0
BRDA:80,5,1,0
BRDA:92,6,0,0
BRDA:92,6,1,0
BRDA:121,7,0,0
BRDA:121,7,1,0
BRDA:133,8,0,0
BRDA:133,8,1,0
BRF:18
BRH:0
end_of_record
TN:
SF:/Users/RyanDuffy/dev/sandstone/Panels/Breadcrumb.js
FN:73,(anonymous_0)
FN:77,(anonymous_1)
FNF:2
FNH:2
FNDA:3,(anonymous_0)
FNDA:3,(anonymous_1)
DA:14,3
DA:25,3
DA:35,3
DA:73,3
DA:78,3
LF:5
LH:5
BRF:0
BRH:0
end_of_record
TN:
SF:/Users/RyanDuffy/dev/sandstone/Panels/BreadcrumbArranger.js
FN:11,(anonymous_0)
FN:19,(anonymous_1)
FNF:2
FNH:0
FNDA:0,(anonymous_0)
FNDA:0,(anonymous_1)
DA:11,1
DA:12,0
DA:13,0
DA:14,0
DA:16,0
DA:19,1
DA:20,0
DA:21,0
DA:31,0
DA:40,1
LF:10
LH:3
BRDA:21,0,0,0
BRDA:21,0,1,0
BRF:2
BRH:0
end_of_record
TN:
SF:/Users/RyanDuffy/dev/sandstone/Panels/BreadcrumbDecorator.js
FN:67,(anonymous_0)
FN:157,(anonymous_1)
FN:170,(anonymous_2)
FN:179,(anonymous_3)
FN:196,(anonymous_4)
FN:218,(anonymous_5)
FNF:6
FNH:0
FNDA:0,(anonymous_0)
FNDA:0,(anonymous_1)
FNDA:0,(anonymous_2)
FNDA:0,(anonymous_3)
FNDA:0,(anonymous_4)
FNDA:0,(anonymous_5)
DA:27,1
DA:67,1
DA:68,0
DA:69,0
DA:71,0
DA:158,0
DA:159,0
DA:161,0
DA:162,0
DA:163,0
DA:171,0
DA:172,0
DA:174,0
DA:175,0
DA:179,0
DA:180,0
DA:186,0
DA:187,0
DA:189,0
DA:193,0
DA:197,0
DA:198,0
DA:201,0
DA:202,0
DA:203,0
DA:204,0
DA:205,0
DA:208,0
DA:209,0
DA:212,0
DA:214,0
DA:219,0
DA:221,0
DA:222,0
DA:227,0
DA:258,0
LF:36
LH:2
BRDA:159,0,0,0
BRDA:159,0,1,0
BRDA:162,1,0,0
BRDA:162,1,1,0
BRDA:162,2,0,0
BRDA:162,2,1,0
BRDA:172,3,0,0
BRDA:172,3,1,0
BRDA:186,4,0,0
BRDA:186,4,1,0
BRDA:197,5,0,0
BRDA:197,5,1,0
BRDA:197,6,0,0
BRDA:197,6,1,0
BRDA:208,7,0,0
BRDA:208,7,1,0
BRDA:223,8,0,0
BRDA:223,8,1,0
BRDA:223,8,2,0
BRF:19
BRH:0
end_of_record
TN:
SF:/Users/RyanDuffy/dev/sandstone/Panels/CancelDecorator.js
FN:11,(anonymous_0)
FN:14,handleCancel
FNF:2
FNH:1
FNDA:2,(anonymous_0)
FNDA:0,handleCancel
DA:7,2
DA:11,2
DA:12,2
DA:15,0
DA:17,0
DA:19,0
DA:20,0
DA:21,0
DA:24,0
DA:28,0
DA:32,2
LF:11
LH:4
BRDA:17,0,0,0
BRDA:17,0,1,0
BRDA:17,1,0,0
BRDA:17,1,1,0
BRDA:17,1,2,0
BRDA:20,2,0,0
BRDA:20,2,1,0
BRF:7
BRH:0
end_of_record
TN:
SF:/Users/RyanDuffy/dev/sandstone/Panels/Controls.js
FN:82,(anonymous_0)
FNF:1
FNH:0
FNDA:0,(anonymous_0)
DA:19,2
DA:83,0
DA:85,0
DA:117,2
LF:4
LH:2
BRDA:83,0,0,0
BRDA:83,0,1,0
BRDA:83,1,0,0
BRDA:83,1,1,0
BRDA:88,2,0,0
BRDA:88,2,1,0
BRF:6
BRH:0
end_of_record
TN:
SF:/Users/RyanDuffy/dev/sandstone/Panels/Header.js
FN:217,(anonymous_0)
FN:223,(anonymous_1)
FN:224,(anonymous_2)
FN:227,(anonymous_3)
FNF:4
FNH:4
FNDA:25,(anonymous_0)
FNDA:25,(anonymous_1)
FNDA:25,(anonymous_2)
FNDA:25,(anonymous_3)
DA:24,2
DA:217,25
DA:223,25
DA:224,25
DA:231,25
DA:244,25
DA:247,25
DA:248,1
DA:267,25
DA:269,25
DA:297,2
DA:301,2
LF:12
LH:12
BRDA:220,0,0,25
BRDA:220,0,1,25
BRDA:223,1,0,0
BRDA:223,1,1,25
BRDA:223,2,0,25
BRDA:223,2,1,25
BRDA:224,3,0,25
BRDA:224,3,1,1
BRDA:237,4,0,18
BRDA:237,4,1,7
BRDA:247,5,0,1
BRDA:247,5,1,24
BRDA:267,6,0,25
BRDA:267,6,1,18
BRDA:267,6,2,1
BRDA:271,7,0,18
BRDA:271,7,1,7
BRDA:273,8,0,18
BRDA:273,8,1,7
BRDA:273,9,0,25
BRDA:273,9,1,8
BRDA:281,10,0,18
BRDA:281,10,1,7
BRDA:287,11,0,18
BRDA:287,11,1,7
BRDA:287,12,0,25
BRDA:287,12,1,8
BRDA:289,13,0,0
BRDA:289,13,1,25
BRF:29
BRH:27
end_of_record
TN:
SF:/Users/RyanDuffy/dev/sandstone/Panels/IndexedBreadcrumbs.js
FN:14,(anonymous_0)
FNF:1
FNH:1
FNDA:4,(anonymous_0)
DA:14,2
DA:15,4
DA:16,4
DA:18,4
DA:19,6
DA:21,6
DA:33,4
LF:7
LH:7
BRDA:15,0,0,2
BRDA:15,0,1,2
BRDA:19,1,0,6
BRDA:19,1,1,0
BRF:4
BRH:3
end_of_record
TN:
SF:/Users/RyanDuffy/dev/sandstone/Panels/OptionPanels.js
FNF:0
FNH:0
DA:10,0
DA:29,0
LF:2
LH:0
BRF:0
BRH:0
end_of_record
TN:
SF:/Users/RyanDuffy/dev/sandstone/Panels/Panel.js
FN:123,(anonymous_0)
FN:128,(anonymous_1)
FN:150,(anonymous_2)
FN:151,(anonymous_3)
FN:161,(anonymous_4)
FN:162,(anonymous_5)
FN:170,(anonymous_6)
FN:173,(anonymous_7)
FNF:8
FNH:7
FNDA:0,(anonymous_0)
FNDA:10,(anonymous_1)
FNDA:17,(anonymous_2)
FNDA:17,(anonymous_3)
FNDA:17,(anonymous_4)
FNDA:17,(anonymous_5)
FNDA:17,(anonymous_6)
FNDA:17,(anonymous_7)
DA:15,1
DA:29,1
DA:124,0
DA:125,0
DA:129,10
DA:130,10
DA:131,10
DA:135,10
DA:136,0
DA:138,0
DA:139,0
DA:143,10
DA:144,10
DA:150,17
DA:155,17
DA:156,0
DA:159,17
DA:161,17
DA:162,17
DA:170,17
DA:174,17
DA:175,17
DA:177,17
DA:199,1
LF:24
LH:18
BRDA:129,0,0,10
BRDA:129,0,1,0
BRDA:129,1,0,10
BRDA:129,1,1,10
BRDA:135,2,0,0
BRDA:135,2,1,10
BRDA:138,3,0,0
BRDA:138,3,1,0
BRDA:150,4,0,0
BRDA:150,4,1,17
BRDA:155,5,0,0
BRDA:155,5,1,17
BRDA:155,6,0,17
BRDA:155,6,1,17
BRDA:161,7,0,0
BRDA:161,7,1,17
BRDA:170,8,0,0
BRDA:170,8,1,17
BRF:18
BRH:10
end_of_record
TN:
SF:/Users/RyanDuffy/dev/sandstone/Panels/Panels.js
FN:18,(anonymous_0)
FN:207,(anonymous_1)
FN:210,(anonymous_2)
FN:227,(anonymous_3)
FN:231,(anonymous_4)
FN:234,(anonymous_5)
FNF:6
FNH:2
FNDA:3,(anonymous_0)
FNDA:0,(anonymous_1)
FNDA:5,(anonymous_2)
FNDA:0,(anonymous_3)
FNDA:0,(anonymous_4)
FNDA:0,(anonymous_5)
DA:18,3
DA:28,2
DA:207,0
DA:211,5
DA:212,2
DA:215,3
DA:216,3
DA:217,3
DA:219,3
DA:220,2
DA:222,1
DA:225,3
DA:227,0
DA:231,0
DA:235,0
DA:236,0
DA:238,0
DA:240,0
DA:269,2
DA:277,2
LF:20
LH:13
BRDA:18,0,0,3
BRDA:18,0,1,3
BRDA:208,1,0,0
BRDA:208,1,1,0
BRDA:211,2,0,2
BRDA:211,2,1,3
BRDA:211,3,0,5
BRDA:211,3,1,2
BRDA:211,3,2,4
BRDA:219,4,0,2
BRDA:219,4,1,1
BRDA:227,5,0,0
BRDA:227,6,0,0
BRDA:227,6,1,0
BRDA:231,7,0,0
BRDA:231,7,1,0
BRF:16
BRH:9
end_of_record
TN:
SF:/Users/RyanDuffy/dev/sandstone/Panels/PopupDecorator.js
FN:57,(anonymous_0)
FN:144,(anonymous_1)
FNF:2
FNH:0
FNDA:0,(anonymous_0)
FNDA:0,(anonymous_1)
DA:16,0
DA:27,0
DA:57,0
DA:58,0
DA:60,0
DA:145,0
DA:147,0
DA:148,0
DA:154,0
DA:155,0
DA:156,0
DA:157,0
DA:158,0
DA:162,0
DA:180,0
LF:15
LH:0
BRDA:149,0,0,0
BRDA:149,0,1,0
BRDA:149,0,2,0
BRDA:156,1,0,0
BRDA:156,1,1,0
BRF:5
BRH:0
end_of_record
TN:
SF:/Users/RyanDuffy/dev/sandstone/Panels/Viewport.js
FN:78,(anonymous_0)
FN:88,(anonymous_1)
FN:95,(anonymous_2)
FN:100,(anonymous_3)
FN:106,(anonymous_4)
FN:110,(anonymous_5)
FN:118,(anonymous_6)
FN:126,(anonymous_7)
FN:128,(anonymous_8)
FN:144,(anonymous_9)
FN:144,(anonymous_10)
FN:162,(anonymous_11)
FN:164,(anonymous_12)
FNF:13
FNH:0
FNDA:0,(anonymous_0)
FNDA:0,(anonymous_1)
FNDA:0,(anonymous_2)
FNDA:0,(anonymous_3)
FNDA:0,(anonymous_4)
FNDA:0,(anonymous_5)
FNDA:0,(anonymous_6)
FNDA:0,(anonymous_7)
FNDA:0,(anonymous_8)
FNDA:0,(anonymous_9)
FNDA:0,(anonymous_10)
FNDA:0,(anonymous_11)
FNDA:0,(anonymous_12)
DA:15,3
DA:24,3
DA:25,3
DA:27,3
DA:29,3
DA:73,3
DA:79,0
DA:81,0
DA:82,0
DA:89,0
DA:97,0
DA:101,0
DA:102,0
DA:107,0
DA:110,0
DA:111,0
DA:112,0
DA:115,0
DA:118,0
DA:119,0
DA:120,0
DA:123,0
DA:126,0
DA:128,0
DA:130,0
DA:132,0
DA:138,0
DA:144,0
DA:145,0
DA:146,0
DA:147,0
DA:152,0
DA:153,0
DA:156,0
DA:158,0
DA:162,0
DA:165,0
DA:166,0
DA:167,0
DA:168,0
DA:170,0
DA:171,0
DA:176,0
DA:198,3
LF:44
LH:7
BRDA:91,0,0,0
BRDA:91,0,1,0
BRDA:101,1,0,0
BRDA:101,1,1,0
BRDA:111,2,0,0
BRDA:111,2,1,0
BRDA:119,3,0,0
BRDA:119,3,1,0
BRDA:145,4,0,0
BRDA:145,4,1,0
BRDA:146,5,0,0
BRDA:152,6,0,0
BRDA:152,6,1,0
BRDA:152,7,0,0
BRDA:152,7,1,0
BRDA:162,8,0,0
BRDA:162,8,1,0
BRDA:172,9,0,0
BRDA:172,9,1,0
BRDA:172,9,2,0
BRF:20
BRH:0
end_of_record
TN:
SF:/Users/RyanDuffy/dev/sandstone/Panels/WizardPanel.js
FN:145,(anonymous_0)
FN:152,(anonymous_1)
FN:161,(anonymous_2)
FN:227,useReverseTransition
FN:248,(anonymous_4)
FN:249,(anonymous_5)
FN:335,ViewBase
FN:338,(anonymous_7)
FNF:8
FNH:6
FNDA:0,(anonymous_0)
FNDA:0,(anonymous_1)
FNDA:17,(anonymous_2)
FNDA:27,useReverseTransition
FNDA:1,(anonymous_4)
FNDA:27,(anonymous_5)
FNDA:7,ViewBase
FNDA:7,(anonymous_7)
DA:17,1
DA:43,1
DA:146,0
DA:147,0
DA:149,0
DA:153,0
DA:154,0
DA:156,0
DA:162,17
DA:228,27
DA:229,27
DA:231,27
DA:232,10
DA:233,10
DA:234,10
DA:237,27
DA:248,1
DA:249,1
DA:250,27
DA:251,27
DA:252,27
DA:253,27
DA:255,27
DA:276,1
DA:301,1
DA:306,1
DA:320,1
DA:336,7
DA:338,7
DA:339,7
DA:340,7
DA:344,7
DA:355,1
DA:360,1
LF:34
LH:28
BRDA:146,0,0,0
BRDA:146,0,1,0
BRDA:146,1,0,0
BRDA:146,1,1,0
BRDA:147,2,0,0
BRDA:147,2,1,0
BRDA:153,3,0,0
BRDA:153,3,1,0
BRDA:153,4,0,0
BRDA:153,4,1,0
BRDA:154,5,0,0
BRDA:154,5,1,0
BRDA:200,6,0,3
BRDA:200,6,1,14
BRDA:227,7,0,0
BRDA:231,8,0,10
BRDA:231,8,1,17
BRDA:253,9,0,1
BRDA:253,9,1,26
BRDA:253,10,0,27
BRDA:253,10,1,7
BRDA:266,11,0,3
BRDA:266,11,1,24
BRDA:266,12,0,27
BRDA:266,12,1,7
BRDA:339,13,0,7
BRDA:339,13,1,0
BRF:27
BRH:13
end_of_record
TN:
SF:/Users/RyanDuffy/dev/sandstone/Panels/index.js
FNF:0
FNH:0
LF:0
LH:0
BRF:0
BRH:0
end_of_record
TN:
SF:/Users/RyanDuffy/dev/sandstone/Picker/Picker.js
FN:204,(anonymous_0)
FN:205,(anonymous_1)
FN:206,(anonymous_2)
FN:206,(anonymous_3)
FN:217,(anonymous_4)
FN:218,(anonymous_5)
FN:225,(anonymous_6)
FN:230,(anonymous_7)
FN:238,(anonymous_8)
FNF:9
FNH:9
FNDA:14,(anonymous_0)
FNDA:14,(anonymous_1)
FNDA:14,(anonymous_2)
FNDA:43,(anonymous_3)
FNDA:14,(anonymous_4)
FNDA:14,(anonymous_5)
FNDA:14,(anonymous_6)
FNDA:43,(anonymous_7)
FNDA:14,(anonymous_8)
DA:36,2
DA:204,14
DA:205,14
DA:206,14
DA:207,43
DA:208,43
DA:217,14
DA:219,14
DA:220,14
DA:221,14
DA:223,14
DA:227,14
DA:228,0
DA:230,14
DA:231,43
DA:234,14
DA:239,14
DA:241,14
DA:264,2
LF:19
LH:18
BRDA:204,0,0,13
BRDA:204,0,1,1
BRDA:204,1,0,14
BRDA:204,1,1,14
BRDA:207,2,0,3
BRDA:207,2,1,40
BRDA:207,3,0,43
BRDA:207,3,1,43
BRDA:217,4,0,13
BRDA:217,4,1,1
BRDA:219,5,0,13
BRDA:219,5,1,1
BRDA:219,6,0,14
BRDA:219,6,1,14
BRDA:220,7,0,14
BRDA:220,7,1,0
BRDA:227,8,0,0
BRDA:227,8,1,14
BRDA:231,9,0,43
BRDA:231,9,1,0
BRDA:231,10,0,43
BRDA:231,10,1,27
BRF:22
BRH:19
end_of_record
TN:
SF:/Users/RyanDuffy/dev/sandstone/Popup/Popup.js
FN:35,(anonymous_0)
FN:175,(anonymous_1)
FN:176,(anonymous_2)
FN:177,(anonymous_3)
FN:180,(anonymous_4)
FN:216,(anonymous_5)
FN:358,(anonymous_6)
FN:379,(anonymous_7)
FN:393,(anonymous_8)
FN:399,(anonymous_9)
FN:415,(anonymous_10)
FN:422,(anonymous_11)
FN:432,(anonymous_12)
FN:461,(anonymous_13)
FN:478,(anonymous_14)
FN:494,(anonymous_15)
FN:510,(anonymous_16)
FN:528,(anonymous_17)
FNF:18
FNH:12
FNDA:18,(anonymous_0)
FNDA:39,(anonymous_1)
FNDA:39,(anonymous_2)
FNDA:39,(anonymous_3)
FNDA:39,(anonymous_4)
FNDA:23,(anonymous_5)
FNDA:23,(anonymous_6)
FNDA:23,(anonymous_7)
FNDA:23,(anonymous_8)
FNDA:0,(anonymous_9)
FNDA:0,(anonymous_10)
FNDA:18,(anonymous_11)
FNDA:0,(anonymous_12)
FNDA:0,(anonymous_13)
FNDA:0,(anonymous_14)
FNDA:0,(anonymous_15)
FNDA:18,(anonymous_16)
FNDA:23,(anonymous_17)
DA:29,5
DA:30,5
DA:35,5
DA:36,18
DA:39,5
DA:40,5
DA:42,5
DA:59,5
DA:175,39
DA:176,39
DA:177,39
DA:182,39
DA:211,5
DA:216,5
DA:217,23
DA:218,23
DA:222,5
DA:240,5
DA:350,5
DA:359,23
DA:360,0
DA:361,0
DA:368,0
DA:376,23
DA:380,23
DA:381,23
DA:382,23
DA:389,23
DA:394,23
DA:395,0
DA:400,0
DA:401,0
DA:402,0
DA:403,0
DA:404,0
DA:405,0
DA:406,0
DA:407,0
DA:408,0
DA:412,0
DA:416,0
DA:417,0
DA:419,0
DA:422,23
DA:423,18
DA:424,0
DA:427,18
DA:428,18
DA:432,23
DA:433,0
DA:434,0
DA:435,0
DA:436,0
DA:438,0
DA:441,0
DA:442,0
DA:443,0
DA:445,0
DA:449,0
DA:451,0
DA:453,0
DA:455,0
DA:456,0
DA:461,23
DA:462,0
DA:464,0
DA:469,0
DA:470,0
DA:472,0
DA:473,0
DA:478,23
DA:479,0
DA:481,0
DA:485,0
DA:486,0
DA:488,0
DA:489,0
DA:494,23
DA:495,0
DA:496,0
DA:498,0
DA:502,0
DA:504,0
DA:505,0
DA:510,23
DA:511,18
DA:513,18
DA:515,18
DA:516,18
DA:521,18
DA:522,0
DA:524,18
DA:529,23
DA:530,23
DA:532,23
LF:95
LH:44
BRDA:188,0,0,16
BRDA:188,0,1,23
BRDA:217,1,0,23
BRDA:217,1,1,0
BRDA:359,2,0,0
BRDA:359,2,1,23
BRDA:360,3,0,0
BRDA:360,3,1,0
BRDA:362,4,0,0
BRDA:362,4,1,0
BRDA:362,5,0,0
BRDA:362,5,1,0
BRDA:370,6,0,0
BRDA:370,6,1,0
BRDA:371,7,0,0
BRDA:371,7,1,0
BRDA:384,8,0,18
BRDA:384,8,1,5
BRDA:394,9,0,0
BRDA:394,9,1,23
BRDA:394,10,0,23
BRDA:394,10,1,18
BRDA:400,11,0,0
BRDA:400,11,1,0
BRDA:401,12,0,0
BRDA:401,12,1,0
BRDA:403,13,0,0
BRDA:403,13,1,0
BRDA:406,14,0,0
BRDA:406,14,1,0
BRDA:416,15,0,0
BRDA:416,15,1,0
BRDA:423,16,0,0
BRDA:423,16,1,18
BRDA:423,17,0,18
BRDA:423,17,1,2
BRDA:427,18,0,18
BRDA:427,18,1,0
BRDA:427,19,0,18
BRDA:427,19,1,18
BRDA:438,20,0,0
BRDA:438,20,1,0
BRDA:438,21,0,0
BRDA:438,21,1,0
BRDA:441,22,0,0
BRDA:441,22,1,0
BRDA:441,23,0,0
BRDA:441,23,1,0
BRDA:441,23,2,0
BRDA:443,24,0,0
BRDA:443,24,1,0
BRDA:449,25,0,0
BRDA:449,25,1,0
BRDA:449,26,0,0
BRDA:449,26,1,0
BRDA:449,26,2,0
BRDA:469,27,0,0
BRDA:469,27,1,0
BRDA:469,28,0,0
BRDA:469,28,1,0
BRDA:472,29,0,0
BRDA:472,29,1,0
BRDA:485,30,0,0
BRDA:485,30,1,0
BRDA:485,31,0,0
BRDA:485,31,1,0
BRDA:488,32,0,0
BRDA:488,32,1,0
BRDA:502,33,0,0
BRDA:502,33,1,0
BRDA:502,34,0,0
BRDA:502,34,1,0
BRDA:502,34,2,0
BRDA:504,35,0,0
BRDA:504,35,1,0
BRDA:515,36,0,18
BRDA:515,36,1,0
BRDA:521,37,0,0
BRDA:521,37,1,18
BRF:79
BRH:17
end_of_record
TN:
SF:/Users/RyanDuffy/dev/sandstone/ProgressBar/ProgressBar.js
FN:143,(anonymous_0)
FN:149,(anonymous_1)
FN:152,(anonymous_2)
FNF:3
FNH:3
FNDA:2,(anonymous_0)
FNDA:2,(anonymous_1)
FNDA:2,(anonymous_2)
DA:36,3
DA:143,2
DA:149,2
DA:153,2
DA:154,2
DA:156,2
DA:183,3
DA:199,3
LF:8
LH:8
BRDA:149,0,0,2
BRDA:149,0,1,0
BRF:2
BRH:1
end_of_record
TN:
SF:/Users/RyanDuffy/dev/sandstone/ProgressBar/ProgressBarTooltip.js
FN:14,(anonymous_0)
FN:38,(anonymous_1)
FN:43,(anonymous_2)
FN:46,(anonymous_3)
FN:249,(anonymous_4)
FN:258,(anonymous_5)
FN:274,(anonymous_6)
FN:291,(anonymous_7)
FN:311,(anonymous_8)
FN:317,(anonymous_9)
FNF:10
FNH:10
FNDA:15,(anonymous_0)
FNDA:1,(anonymous_1)
FNDA:15,(anonymous_2)
FNDA:15,(anonymous_3)
FNDA:5,(anonymous_4)
FNDA:5,(anonymous_5)
FNDA:5,(anonymous_6)
FNDA:5,(anonymous_7)
FNDA:5,(anonymous_8)
FNDA:5,(anonymous_9)
DA:13,3
DA:14,15
DA:38,3
DA:43,15
DA:46,3
DA:47,15
DA:49,15
DA:50,15
DA:53,15
DA:64,0
DA:67,0
DA:69,0
DA:70,0
DA:75,0
DA:78,0
DA:81,0
DA:84,0
DA:95,0
DA:100,0
DA:103,0
DA:119,3
DA:250,5
DA:251,2
DA:253,2
DA:256,3
DA:259,5
DA:261,5
DA:275,5
DA:277,5
DA:278,5
DA:280,5
DA:282,0
DA:284,0
DA:288,0
DA:292,5
DA:294,5
DA:295,5
DA:296,0
DA:304,0
DA:307,5
DA:309,5
DA:311,5
DA:318,5
DA:320,3
DA:321,3
DA:322,3
DA:323,3
DA:324,3
DA:326,3
DA:334,3
DA:338,3
LF:51
LH:35
BRDA:14,0,0,15
BRDA:14,0,1,0
BRDA:43,1,0,15
BRDA:43,1,1,0
BRDA:47,2,0,15
BRDA:47,2,1,15
BRDA:49,3,0,15
BRDA:49,3,1,0
BRDA:50,4,0,15
BRDA:50,4,1,15
BRDA:50,4,2,0
BRDA:50,4,3,0
BRDA:50,4,4,0
BRDA:50,4,5,0
BRDA:50,4,6,0
BRDA:50,4,7,0
BRDA:50,4,8,0
BRDA:50,4,9,0
BRDA:50,4,10,0
BRDA:50,4,11,0
BRDA:50,4,12,0
BRDA:69,5,0,0
BRDA:69,5,1,0
BRDA:70,6,0,0
BRDA:70,6,1,0
BRDA:70,6,2,0
BRDA:70,6,3,0
BRDA:70,6,4,0
BRDA:81,7,0,0
BRDA:81,7,1,0
BRDA:81,7,2,0
BRDA:81,7,3,0
BRDA:81,7,4,0
BRDA:81,7,5,0
BRDA:81,7,6,0
BRDA:81,7,7,0
BRDA:81,7,8,0
BRDA:81,7,9,0
BRDA:81,7,10,0
BRDA:81,7,11,0
BRDA:81,7,12,0
BRDA:81,7,13,0
BRDA:81,7,14,0
BRDA:81,7,15,0
BRDA:81,7,16,0
BRDA:250,8,0,2
BRDA:250,8,1,3
BRDA:264,9,0,5
BRDA:264,9,1,5
BRDA:265,10,0,5
BRDA:265,10,1,0
BRDA:269,11,0,5
BRDA:269,11,1,5
BRDA:269,11,2,5
BRDA:270,12,0,5
BRDA:270,12,1,5
BRDA:270,12,2,5
BRDA:275,13,0,0
BRDA:275,13,1,5
BRDA:275,14,0,5
BRDA:275,14,1,5
BRDA:278,15,0,5
BRDA:278,15,1,0
BRDA:278,15,2,0
BRDA:278,15,3,0
BRDA:278,15,4,0
BRDA:278,15,5,0
BRDA:280,16,0,1
BRDA:280,16,1,4
BRDA:282,17,0,0
BRDA:282,17,1,0
BRDA:284,18,0,0
BRDA:284,18,1,0
BRDA:295,19,0,0
BRDA:295,19,1,5
BRDA:295,20,0,5
BRDA:295,20,1,5
BRDA:296,21,0,0
BRDA:296,21,1,0
BRDA:298,22,0,0
BRDA:298,22,1,0
BRDA:298,22,2,0
BRDA:298,22,3,0
BRDA:298,22,4,0
BRDA:307,23,0,5
BRDA:307,23,1,0
BRDA:318,24,0,2
BRDA:318,24,1,3
BRF:88
BRH:30
end_of_record
TN:
SF:/Users/RyanDuffy/dev/sandstone/RadioItem/RadioItem.js
FN:72,(anonymous_0)
FNF:1
FNH:1
FNDA:15,(anonymous_0)
DA:35,3
DA:73,15
DA:94,3
DA:108,3
LF:4
LH:4
BRF:0
BRH:0
end_of_record
TN:
SF:/Users/RyanDuffy/dev/sandstone/RangePicker/RangePicker.js
FN:24,(anonymous_0)
FN:240,(anonymous_1)
FN:241,(anonymous_2)
FN:253,(anonymous_3)
FN:254,(anonymous_4)
FN:260,(anonymous_5)
FN:265,(anonymous_6)
FNF:7
FNH:7
FNDA:30,(anonymous_0)
FNDA:60,(anonymous_1)
FNDA:60,(anonymous_2)
FNDA:60,(anonymous_3)
FNDA:60,(anonymous_4)
FNDA:60,(anonymous_5)
FNDA:60,(anonymous_6)
DA:24,3
DA:26,30
DA:40,3
DA:240,60
DA:242,60
DA:243,15
DA:244,15
DA:245,15
DA:246,15
DA:248,15
DA:251,45
DA:253,60
DA:255,60
DA:256,60
DA:258,60
DA:261,60
DA:266,60
DA:267,60
DA:288,3
LF:19
LH:19
BRDA:26,0,0,30
BRDA:26,0,1,30
BRDA:26,0,2,11
BRDA:26,0,3,19
BRDA:26,0,4,19
BRDA:26,0,5,17
BRDA:26,0,6,2
BRDA:26,0,7,2
BRDA:26,0,8,1
BRDA:26,0,9,1
BRDA:240,1,0,1
BRDA:240,1,1,59
BRDA:242,2,0,15
BRDA:242,2,1,45
BRDA:245,3,0,0
BRDA:245,3,1,15
BRDA:253,4,0,60
BRDA:253,4,1,8
BRDA:255,5,0,60
BRDA:255,5,1,0
BRF:20
BRH:18
end_of_record
TN:
SF:/Users/RyanDuffy/dev/sandstone/Region/Region.js
FN:62,(anonymous_0)
FN:65,(anonymous_1)
FNF:2
FNH:1
FNDA:2,(anonymous_0)
FNDA:0,(anonymous_1)
DA:27,1
DA:62,2
DA:66,0
LF:3
LH:2
BRDA:62,0,0,2
BRDA:62,0,1,1
BRF:2
BRH:2
end_of_record
TN:
SF:/Users/RyanDuffy/dev/sandstone/Scroller/Scroller.js
FN:33,(anonymous_0)
FN:49,(anonymous_1)
FNF:2
FNH:2
FNDA:2,(anonymous_0)
FNDA:2,(anonymous_1)
DA:33,3
DA:49,3
DA:65,2
DA:67,2
DA:71,2
DA:84,2
DA:85,0
DA:86,0
DA:92,2
DA:96,3
DA:98,3
DA:345,3
DA:359,3
LF:13
LH:11
BRDA:78,0,0,0
BRDA:78,0,1,2
BRDA:79,1,0,0
BRDA:79,1,1,2
BRDA:84,2,0,0
BRDA:84,2,1,2
BRF:6
BRH:3
end_of_record
TN:
SF:/Users/RyanDuffy/dev/sandstone/Scroller/useEvent.js
FN:4,(anonymous_0)
FN:13,addGlobalKeyDownEventListener
FN:18,removeGlobalKeyDownEventListener
FNF:3
FNH:1
FNDA:2,(anonymous_0)
FNDA:0,addGlobalKeyDownEventListener
FNDA:0,removeGlobalKeyDownEventListener
DA:4,3
DA:7,2
DA:14,0
DA:15,0
DA:19,0
DA:20,0
DA:25,2
LF:7
LH:3
BRF:0
BRH:0
end_of_record
TN:
SF:/Users/RyanDuffy/dev/sandstone/Scroller/useThemeScroller.js
FN:21,(anonymous_0)
FN:23,(anonymous_1)
FN:26,(anonymous_2)
FN:30,(anonymous_3)
FN:36,(anonymous_4)
FN:56,(anonymous_5)
FN:105,(anonymous_6)
FN:112,(anonymous_7)
FN:117,(anonymous_8)
FN:126,(anonymous_9)
FN:127,(anonymous_10)
FN:130,(anonymous_11)
FN:140,getContentSize
FN:155,getSpotlightContainerForNode
FN:172,getFocusedItemBounds
FN:190,calculateScrollTop
FN:192,(anonymous_16)
FN:198,(anonymous_17)
FN:207,(anonymous_18)
FN:208,(anonymous_19)
FN:209,(anonymous_20)
FN:210,(anonymous_21)
FN:211,(anonymous_22)
FN:212,(anonymous_23)
FN:232,(anonymous_24)
FN:276,calculateScrollLeft
FN:318,calculatePositionOnFocus
FN:341,focusOnNode
FN:357,(anonymous_28)
FN:374,(anonymous_29)
FNF:30
FNH:6
FNDA:0,(anonymous_0)
FNDA:0,(anonymous_1)
FNDA:0,(anonymous_2)
FNDA:0,(anonymous_3)
FNDA:0,(anonymous_4)
FNDA:0,(anonymous_5)
FNDA:2,(anonymous_6)
FNDA:0,(anonymous_7)
FNDA:0,(anonymous_8)
FNDA:2,(anonymous_9)
FNDA:0,(anonymous_10)
FNDA:2,(anonymous_11)
FNDA:2,getContentSize
FNDA:0,getSpotlightContainerForNode
FNDA:0,getFocusedItemBounds
FNDA:0,calculateScrollTop
FNDA:0,(anonymous_16)
FNDA:0,(anonymous_17)
FNDA:0,(anonymous_18)
FNDA:0,(anonymous_19)
FNDA:0,(anonymous_20)
FNDA:0,(anonymous_21)
FNDA:0,(anonymous_22)
FNDA:0,(anonymous_23)
FNDA:0,(anonymous_24)
FNDA:0,calculateScrollLeft
FNDA:0,calculatePositionOnFocus
FNDA:0,focusOnNode
FNDA:2,(anonymous_28)
FNDA:2,(anonymous_29)
DA:15,3
DA:18,3
DA:19,3
DA:20,3
DA:21,3
DA:23,3
DA:24,0
DA:26,0
DA:27,0
DA:28,0
DA:29,0
DA:30,0
DA:32,0
DA:36,0
DA:37,0
DA:38,0
DA:40,0
DA:41,0
DA:42,0
DA:43,0
DA:44,0
DA:45,0
DA:51,0
DA:56,0
DA:57,0
DA:60,0
DA:63,0
DA:64,0
DA:66,0
DA:69,0
DA:70,0
DA:75,0
DA:78,0
DA:79,0
DA:80,0
DA:81,0
DA:85,0
DA:105,3
DA:106,2
DA:110,2
DA:112,2
DA:113,0
DA:114,0
DA:116,0
DA:117,0
DA:118,0
DA:121,0
DA:126,2
DA:127,2
DA:130,2
DA:131,2
DA:133,2
DA:134,2
DA:141,2
DA:156,0
DA:157,0
DA:158,0
DA:173,0
DA:174,0
DA:191,0
DA:192,0
DA:194,0
DA:196,0
DA:198,0
DA:200,0
DA:202,0
DA:207,0
DA:208,0
DA:209,0
DA:210,0
DA:211,0
DA:212,0
DA:213,0
DA:214,0
DA:215,0
DA:216,0
DA:218,0
DA:221,0
DA:222,0
DA:223,0
DA:225,0
DA:230,0
DA:232,0
DA:233,0
DA:234,0
DA:237,0
DA:238,0
DA:241,0
DA:242,0
DA:246,0
DA:248,0
DA:262,0
DA:264,0
DA:277,0
DA:281,0
DA:284,0
DA:285,0
DA:286,0
DA:287,0
DA:288,0
DA:289,0
DA:291,0
DA:292,0
DA:294,0
DA:298,0
DA:299,0
DA:301,0
DA:304,0
DA:319,0
DA:320,0
DA:321,0
DA:323,0
DA:324,0
DA:327,0
DA:328,0
DA:330,0
DA:331,0
DA:334,0
DA:335,0
DA:338,0
DA:342,0
DA:343,0
DA:349,2
DA:357,3
DA:358,2
DA:359,2
DA:361,2
DA:362,2
DA:363,2
DA:364,2
DA:365,2
DA:366,2
DA:367,2
DA:371,2
DA:372,2
DA:374,2
DA:375,2
DA:384,2
DA:389,2
DA:391,2
LF:140
LH:35
BRDA:24,0,0,0
BRDA:24,0,1,0
BRDA:27,1,0,0
BRDA:27,1,1,0
BRDA:27,2,0,0
BRDA:27,2,1,0
BRDA:28,3,0,0
BRDA:28,3,1,0
BRDA:30,4,0,0
BRDA:30,4,1,0
BRDA:40,5,0,0
BRDA:40,5,1,0
BRDA:41,6,0,0
BRDA:41,6,1,0
BRDA:42,7,0,0
BRDA:42,7,1,0
BRDA:44,8,0,0
BRDA:44,8,1,0
BRDA:46,9,0,0
BRDA:46,9,1,0
BRDA:46,9,2,0
BRDA:46,9,3,0
BRDA:46,9,4,0
BRDA:46,9,5,0
BRDA:46,9,6,0
BRDA:60,10,0,0
BRDA:60,10,1,0
BRDA:64,11,0,0
BRDA:64,11,1,0
BRDA:70,12,0,0
BRDA:70,12,1,0
BRDA:70,13,0,0
BRDA:70,13,1,0
BRDA:78,14,0,0
BRDA:78,14,1,0
BRDA:113,15,0,0
BRDA:113,15,1,0
BRDA:116,16,0,0
BRDA:116,16,1,0
BRDA:133,17,0,2
BRDA:133,17,1,0
BRDA:160,18,0,0
BRDA:160,18,1,0
BRDA:157,19,0,0
BRDA:157,19,1,0
BRDA:157,20,0,0
BRDA:157,20,1,0
BRDA:157,20,2,0
BRDA:173,21,0,0
BRDA:173,21,1,0
BRDA:194,22,0,0
BRDA:194,22,1,0
BRDA:200,23,0,0
BRDA:200,23,1,0
BRDA:213,24,0,0
BRDA:213,24,1,0
BRDA:215,25,0,0
BRDA:215,25,1,0
BRDA:237,26,0,0
BRDA:237,26,1,0
BRDA:241,27,0,0
BRDA:241,27,1,0
BRDA:246,28,0,0
BRDA:246,28,1,0
BRDA:286,29,0,0
BRDA:286,29,1,0
BRDA:288,30,0,0
BRDA:288,30,1,0
BRDA:289,31,0,0
BRDA:289,31,1,0
BRDA:294,32,0,0
BRDA:294,32,1,0
BRDA:294,33,0,0
BRDA:294,33,1,0
BRDA:299,34,0,0
BRDA:299,34,1,0
BRDA:323,35,0,0
BRDA:323,35,1,0
BRDA:323,36,0,0
BRDA:323,36,1,0
BRDA:323,36,2,0
BRDA:323,36,3,0
BRDA:330,37,0,0
BRDA:330,37,1,0
BRDA:330,38,0,0
BRDA:330,38,1,0
BRDA:330,39,0,0
BRDA:330,39,1,0
BRDA:334,40,0,0
BRDA:334,40,1,0
BRDA:334,41,0,0
BRDA:334,41,1,0
BRDA:334,42,0,0
BRDA:334,42,1,0
BRDA:342,43,0,0
BRDA:342,43,1,0
BRDA:372,44,0,0
BRDA:372,44,1,2
BRF:98
BRH:2
end_of_record
TN:
SF:/Users/RyanDuffy/dev/sandstone/SelectableItem/SelectableIcon.js
FN:38,(anonymous_0)
FNF:1
FNH:1
FNDA:4,(anonymous_0)
DA:27,1
DA:39,4
LF:2
LH:2
BRF:0
BRH:0
end_of_record
TN:
SF:/Users/RyanDuffy/dev/sandstone/SelectableItem/SelectableItem.js
FN:59,(anonymous_0)
FNF:1
FNH:1
FNDA:4,(anonymous_0)
DA:35,1
DA:60,4
DA:82,1
DA:94,1
LF:4
LH:4
BRF:0
BRH:0
end_of_record
TN:
SF:/Users/RyanDuffy/dev/sandstone/Skinnable/Skinnable.js
FNF:0
FNH:0
DA:12,49
DA:36,49
LF:2
LH:2
BRF:0
BRH:0
end_of_record
TN:
SF:/Users/RyanDuffy/dev/sandstone/Slider/Slider.js
FN:265,(anonymous_0)
FN:269,(anonymous_1)
FN:274,(anonymous_2)
FN:278,(anonymous_3)
FN:281,(anonymous_4)
FNF:5
FNH:5
FNDA:104,(anonymous_0)
FNDA:104,(anonymous_1)
FNDA:104,(anonymous_2)
FNDA:104,(anonymous_3)
FNDA:104,(anonymous_4)
DA:56,2
DA:265,104
DA:269,104
DA:274,104
DA:278,104
DA:282,104
DA:283,104
DA:284,104
DA:285,104
DA:287,104
DA:317,2
DA:355,2
LF:12
LH:12
BRDA:278,0,0,3
BRDA:278,0,1,101
BRF:2
BRH:2
end_of_record
TN:
SF:/Users/RyanDuffy/dev/sandstone/Slider/SliderBehaviorDecorator.js
FN:13,(anonymous_0)
FN:19,(anonymous_1)
FN:46,(anonymous_2)
FN:66,(anonymous_3)
FN:87,(anonymous_4)
FN:97,(anonymous_5)
FN:101,(anonymous_6)
FN:119,(anonymous_7)
FN:127,(anonymous_8)
FN:133,(anonymous_9)
FN:138,(anonymous_10)
FN:147,(anonymous_11)
FN:152,(anonymous_12)
FN:157,(anonymous_13)
FN:165,(anonymous_14)
FNF:15
FNH:11
FNDA:11,(anonymous_0)
FNDA:11,(anonymous_1)
FNDA:3,(anonymous_2)
FNDA:64,(anonymous_3)
FNDA:104,(anonymous_4)
FNDA:0,(anonymous_5)
FNDA:104,(anonymous_6)
FNDA:0,(anonymous_7)
FNDA:11,(anonymous_8)
FNDA:1,(anonymous_9)
FNDA:0,(anonymous_10)
FNDA:0,(anonymous_11)
FNDA:17,(anonymous_12)
FNDA:26,(anonymous_13)
FNDA:104,(anonymous_14)
DA:13,2
DA:14,11
DA:19,2
DA:20,11
DA:25,2
DA:46,2
DA:47,3
DA:49,3
DA:50,3
DA:52,3
DA:60,3
DA:67,64
DA:69,64
DA:70,64
DA:71,64
DA:72,64
DA:73,64
DA:74,64
DA:75,64
DA:76,64
DA:78,64
DA:88,104
DA:89,10
DA:94,94
DA:98,0
DA:102,104
DA:103,104
DA:105,104
DA:106,104
DA:108,104
DA:109,10
DA:112,94
DA:113,0
DA:116,94
DA:120,0
DA:121,0
DA:122,0
DA:124,0
DA:128,11
DA:129,11
DA:130,11
DA:134,1
DA:135,1
DA:140,0
DA:141,0
DA:143,0
DA:144,0
DA:148,0
DA:149,0
DA:153,17
DA:154,17
DA:158,26
DA:159,22
DA:162,26
DA:166,104
DA:168,104
DA:170,69
DA:171,69
DA:172,69
DA:173,69
DA:175,69
DA:177,35
DA:180,104
LF:63
LH:51
BRDA:88,0,0,10
BRDA:88,0,1,94
BRDA:102,1,0,33
BRDA:108,2,0,10
BRDA:108,2,1,94
BRDA:109,3,0,7
BRDA:109,3,1,3
BRDA:112,4,0,0
BRDA:112,4,1,94
BRDA:121,5,0,0
BRDA:121,5,1,0
BRDA:140,6,0,0
BRDA:140,6,1,0
BRDA:158,7,0,22
BRDA:158,7,1,4
BRDA:168,8,0,69
BRDA:168,8,1,35
BRDA:186,9,0,104
BRDA:186,9,1,83
BRF:19
BRH:14
end_of_record
TN:
SF:/Users/RyanDuffy/dev/sandstone/Slider/utils.js
FN:6,(anonymous_0)
FN:20,(anonymous_1)
FN:24,(anonymous_2)
FN:28,(anonymous_3)
FN:32,(anonymous_4)
FN:36,(anonymous_5)
FN:37,(anonymous_6)
FN:49,(anonymous_7)
FN:71,(anonymous_8)
FN:71,(anonymous_9)
FN:72,(anonymous_10)
FN:73,(anonymous_11)
FN:74,(anonymous_12)
FN:74,(anonymous_13)
FNF:14
FNH:14
FNDA:12,(anonymous_0)
FNDA:10,(anonymous_1)
FNDA:5,(anonymous_2)
FNDA:5,(anonymous_3)
FNDA:5,(anonymous_4)
FNDA:6,(anonymous_5)
FNDA:12,(anonymous_6)
FNDA:47,(anonymous_7)
FNDA:8,(anonymous_8)
FNDA:26,(anonymous_9)
FNDA:11,(anonymous_10)
FNDA:11,(anonymous_11)
FNDA:8,(anonymous_12)
FNDA:13,(anonymous_13)
DA:6,2
DA:9,12
DA:10,0
DA:11,12
DA:12,12
DA:17,12
DA:20,2
DA:21,10
DA:24,2
DA:25,5
DA:28,2
DA:29,5
DA:32,2
DA:33,5
DA:36,6
DA:38,12
DA:40,12
DA:49,2
DA:50,47
DA:53,2
DA:62,2
DA:71,26
DA:72,11
DA:73,11
DA:74,13
DA:76,2
LF:26
LH:25
BRDA:9,0,0,0
BRDA:9,0,1,12
BRDA:11,1,0,12
BRDA:11,1,1,0
BRDA:17,2,0,12
BRDA:17,2,1,0
BRDA:21,3,0,4
BRDA:21,3,1,6
BRDA:25,4,0,2
BRDA:25,4,1,3
BRDA:32,5,0,1
BRDA:37,6,0,1
BRDA:50,7,0,47
BRDA:50,7,1,38
BRDA:71,8,0,26
BRDA:71,8,1,22
BRDA:72,9,0,1
BRDA:73,10,0,1
BRF:18
BRH:15
end_of_record
TN:
SF:/Users/RyanDuffy/dev/sandstone/SlotItem/SlotItem.js
FN:74,(anonymous_0)
FNF:1
FNH:0
FNDA:0,(anonymous_0)
DA:51,0
DA:75,0
DA:102,0
DA:135,0
LF:4
LH:0
BRF:0
BRH:0
end_of_record
TN:
SF:/Users/RyanDuffy/dev/sandstone/Spinner/Spinner.js
FN:50,(anonymous_0)
FN:59,(anonymous_1)
FN:140,(anonymous_2)
FN:146,(anonymous_3)
FN:172,(anonymous_4)
FN:190,(anonymous_5)
FN:205,(anonymous_6)
FN:214,(anonymous_7)
FNF:8
FNH:7
FNDA:6,(anonymous_0)
FNDA:6,(anonymous_1)
FNDA:6,(anonymous_2)
FNDA:6,(anonymous_3)
FNDA:1,(anonymous_4)
FNDA:6,(anonymous_5)
FNDA:0,(anonymous_6)
FNDA:6,(anonymous_7)
DA:38,1
DA:51,6
DA:52,0
DA:53,6
DA:54,3
DA:60,6
DA:89,1
DA:140,6
DA:147,6
DA:149,6
DA:172,1
DA:173,1
DA:174,1
DA:176,1
DA:191,6
DA:193,6
DA:194,6
DA:195,6
DA:197,6
DA:198,0
DA:199,0
DA:200,0
DA:206,0
DA:208,0
DA:209,0
DA:210,0
DA:215,6
DA:230,1
DA:246,1
LF:29
LH:21
BRDA:51,0,0,0
BRDA:51,0,1,6
BRDA:53,1,0,3
BRDA:53,1,1,3
BRDA:70,2,0,3
BRDA:70,2,1,3
BRDA:197,3,0,0
BRDA:197,3,1,6
BRDA:199,4,0,0
BRDA:199,4,1,0
BRDA:208,5,0,0
BRDA:208,5,1,0
BRF:12
BRH:6
end_of_record
TN:
SF:/Users/RyanDuffy/dev/sandstone/Steps/Steps.js
FN:186,(anonymous_0)
FN:188,(anonymous_1)
FN:221,(anonymous_2)
FNF:3
FNH:3
FNDA:32,(anonymous_0)
FNDA:77,(anonymous_1)
FNDA:32,(anonymous_2)
DA:37,2
DA:187,32
DA:188,32
DA:189,77
DA:190,77
DA:191,77
DA:192,77
DA:193,77
DA:195,77
DA:196,77
DA:197,29
DA:198,29
DA:199,48
DA:200,21
DA:201,21
DA:202,27
DA:203,27
DA:204,27
DA:207,77
DA:208,6
DA:209,6
DA:212,77
DA:222,32
DA:223,32
DA:224,32
DA:225,32
DA:226,32
DA:227,32
DA:228,32
DA:229,32
DA:250,2
DA:264,2
LF:32
LH:32
BRDA:196,0,0,29
BRDA:196,0,1,48
BRDA:198,1,0,28
BRDA:198,1,1,1
BRDA:199,2,0,21
BRDA:199,2,1,27
BRDA:201,3,0,1
BRDA:201,3,1,20
BRDA:202,4,0,27
BRDA:202,4,1,0
BRDA:204,5,0,26
BRDA:204,5,1,1
BRDA:207,6,0,6
BRDA:207,6,1,71
BRDA:207,7,0,77
BRDA:207,7,1,7
BRDA:209,8,0,0
BRDA:209,8,1,6
BRDA:213,9,0,77
BRDA:213,9,1,7
BRF:20
BRH:18
end_of_record
TN:
SF:/Users/RyanDuffy/dev/sandstone/Switch/Switch.js
FN:74,(anonymous_0)
FN:80,(anonymous_1)
FNF:2
FNH:2
FNDA:5,(anonymous_0)
FNDA:5,(anonymous_1)
DA:34,2
DA:74,5
DA:81,5
DA:83,5
DA:96,2
DA:102,2
LF:6
LH:6
BRF:0
BRH:0
end_of_record
TN:
SF:/Users/RyanDuffy/dev/sandstone/SwitchItem/SwitchItem.js
FN:75,(anonymous_0)
FNF:1
FNH:1
FNDA:2,(anonymous_0)
DA:26,1
DA:38,1
DA:76,2
DA:88,1
DA:92,1
LF:5
LH:5
BRF:0
BRH:0
end_of_record
TN:
SF:/Users/RyanDuffy/dev/sandstone/TabLayout/TabGroup.js
FN:37,(anonymous_0)
FN:39,(anonymous_1)
FN:45,(anonymous_2)
FN:89,(anonymous_3)
FN:89,(anonymous_4)
FN:98,(anonymous_5)
FN:98,(anonymous_6)
FN:101,(anonymous_7)
FNF:8
FNH:6
FNDA:0,(anonymous_0)
FNDA:0,(anonymous_1)
FNDA:3,(anonymous_2)
FNDA:2,(anonymous_3)
FNDA:6,(anonymous_4)
FNDA:2,(anonymous_5)
FNDA:3,(anonymous_6)
FNDA:2,(anonymous_7)
DA:18,2
DA:37,0
DA:39,0
DA:46,3
DA:47,3
DA:49,3
DA:63,2
DA:73,2
DA:89,2
DA:90,6
DA:98,3
DA:102,2
DA:103,2
DA:104,2
DA:106,2
DA:128,2
DA:134,2
LF:17
LH:15
BRDA:54,0,0,3
BRDA:54,0,1,0
BRDA:92,1,0,6
BRDA:92,1,1,6
BRDA:98,2,0,2
BRDA:98,2,1,1
BRDA:98,2,2,1
BRDA:108,3,0,1
BRDA:108,3,1,1
BRF:9
BRH:8
end_of_record
TN:
SF:/Users/RyanDuffy/dev/sandstone/TabLayout/TabLayout.js
FN:136,(anonymous_0)
FN:141,(anonymous_1)
FN:145,(anonymous_2)
FN:147,(anonymous_3)
FN:152,(anonymous_4)
FNF:5
FNH:4
FNDA:0,(anonymous_0)
FNDA:3,(anonymous_1)
FNDA:3,(anonymous_2)
FNDA:3,(anonymous_3)
FNDA:3,(anonymous_4)
DA:30,1
DA:136,0
DA:141,3
DA:145,3
DA:148,3
DA:153,3
DA:154,3
DA:182,1
DA:188,1
LF:9
LH:8
BRDA:142,0,0,3
BRDA:142,0,1,2
BRDA:145,1,0,2
BRDA:145,1,1,1
BRDA:148,2,0,0
BRDA:148,2,1,3
BRDA:148,3,0,3
BRDA:148,3,1,1
BRDA:153,4,0,1
BRDA:153,4,1,2
BRF:10
BRH:9
end_of_record
TN:
SF:/Users/RyanDuffy/dev/sandstone/ThemeDecorator/AccessibilityDecorator.js
FN:15,(anonymous_0)
FN:53,(anonymous_1)
FN:57,(anonymous_2)
FN:63,(anonymous_3)
FN:69,(anonymous_4)
FNF:5
FNH:3
FNDA:4,(anonymous_0)
FNDA:4,(anonymous_1)
FNDA:0,(anonymous_2)
FNDA:0,(anonymous_3)
FNDA:4,(anonymous_4)
DA:15,1
DA:16,4
DA:17,4
DA:19,4
DA:21,4
DA:48,4
DA:54,4
DA:58,0
DA:59,0
DA:64,0
DA:67,4
DA:70,4
DA:71,4
DA:72,4
DA:73,4
DA:74,4
DA:75,4
DA:77,4
LF:18
LH:15
BRDA:58,0,0,0
BRDA:58,0,1,0
BRDA:71,1,0,0
BRDA:71,1,1,4
BRDA:72,2,0,4
BRDA:72,2,1,0
BRDA:74,3,0,0
BRDA:74,3,1,4
BRDA:75,4,0,0
BRDA:75,4,1,4
BRF:10
BRH:4
end_of_record
TN:
SF:/Users/RyanDuffy/dev/sandstone/ThemeDecorator/I18nFontDecorator.js
FN:8,(anonymous_0)
FN:16,(anonymous_1)
FN:24,(anonymous_2)
FN:29,(anonymous_3)
FN:33,(anonymous_4)
FN:39,(anonymous_5)
FNF:6
FNH:0
FNDA:0,(anonymous_0)
FNDA:0,(anonymous_1)
FNDA:0,(anonymous_2)
FNDA:0,(anonymous_3)
FNDA:0,(anonymous_4)
FNDA:0,(anonymous_5)
DA:8,1
DA:9,0
DA:10,0
DA:12,0
DA:17,0
DA:19,0
DA:25,0
DA:26,0
DA:30,0
DA:34,0
DA:35,0
DA:40,0
LF:12
LH:1
BRDA:20,0,0,0
BRDA:20,0,1,0
BRDA:25,1,0,0
BRDA:25,1,1,0
BRDA:26,2,0,0
BRDA:26,2,1,0
BRDA:34,3,0,0
BRDA:34,3,1,0
BRF:8
BRH:0
end_of_record
TN:
SF:/Users/RyanDuffy/dev/sandstone/ThemeDecorator/ThemeDecorator.js
FN:158,(anonymous_0)
FN:231,(anonymous_1)
FNF:2
FNH:2
FNDA:4,(anonymous_0)
FNDA:4,(anonymous_1)
DA:31,1
DA:158,1
DA:160,4
DA:163,4
DA:168,4
DA:169,4
DA:170,4
DA:171,4
DA:174,0
DA:189,4
DA:190,4
DA:191,4
DA:194,4
DA:220,4
DA:228,4
DA:229,4
DA:232,4
DA:237,4
DA:243,4
LF:19
LH:18
BRDA:169,0,0,1
BRDA:169,0,1,3
BRDA:170,1,0,0
BRDA:170,1,1,4
BRDA:171,2,0,0
BRDA:171,2,1,4
BRDA:189,3,0,0
BRDA:189,3,1,4
BRDA:190,4,0,4
BRDA:190,4,1,0
BRDA:191,5,0,4
BRDA:191,5,1,0
BRF:12
BRH:7
end_of_record
TN:
SF:/Users/RyanDuffy/dev/sandstone/ThemeDecorator/fontGenerator.js
FNF:0
FNH:0
DA:9,1
DA:11,1
DA:31,1
DA:44,1
DA:46,1
DA:48,1
DA:49,1
DA:50,1
DA:51,1
LF:9
LH:9
BRF:0
BRH:0
end_of_record
TN:
SF:/Users/RyanDuffy/dev/sandstone/TimePicker/TimePicker.js
FN:31,(anonymous_0)
FN:49,(anonymous_1)
FN:63,(anonymous_2)
FN:76,(anonymous_3)
FN:108,(anonymous_4)
FN:124,(anonymous_5)
FN:129,(anonymous_6)
FN:154,(anonymous_7)
FN:176,(anonymous_8)
FN:187,(anonymous_9)
FNF:10
FNH:8
FNDA:8,(anonymous_0)
FNDA:4,(anonymous_1)
FNDA:3,(anonymous_2)
FNDA:15,(anonymous_3)
FNDA:0,(anonymous_4)
FNDA:1,(anonymous_5)
FNDA:0,(anonymous_6)
FNDA:2,(anonymous_7)
FNDA:4,(anonymous_8)
FNDA:6,(anonymous_9)
DA:31,1
DA:32,8
DA:33,8
DA:34,8
DA:35,8
DA:49,4
DA:63,1
DA:64,3
DA:65,3
DA:66,4
DA:67,4
DA:68,3
DA:72,0
DA:75,1
DA:77,15
DA:88,15
DA:89,14
DA:90,0
DA:92,14
DA:96,15
DA:97,3
DA:98,3
DA:100,3
DA:101,3
DA:104,15
DA:109,0
DA:110,0
DA:112,0
DA:116,0
DA:117,0
DA:118,0
DA:121,0
DA:125,1
DA:126,1
DA:130,0
DA:131,0
DA:133,0
DA:136,0
DA:139,0
DA:140,0
[...]
FNF:11
FNH:11
FNDA:17,(anonymous_0)
FNDA:26,(anonymous_1)
FNDA:26,(anonymous_2)
FNDA:11,(anonymous_3)
FNDA:38,(anonymous_4)
FNDA:26,(anonymous_5)
FNDA:17,(anonymous_6)
FNDA:20,(anonymous_7)
FNDA:1,(anonymous_8)
FNDA:26,(anonymous_9)
FNDA:37,(anonymous_10)
DA:5,9
DA:7,9
DA:40,9
DA:41,17
DA:43,17
DA:44,17
DA:46,17
DA:48,17
DA:60,26
DA:62,26
DA:63,26
DA:64,26
DA:70,26
DA:74,11
DA:75,0
DA:76,11
DA:77,0
DA:82,38
DA:84,38
DA:88,26
DA:90,17
DA:92,17
DA:93,13
DA:94,13
DA:99,20
DA:101,20
DA:105,1
DA:107,1
DA:108,1
DA:115,26
DA:117,26
DA:118,3
DA:120,3
DA:121,1
DA:123,2
DA:126,3
DA:127,2
DA:133,37
DA:135,37
DA:137,37
LF:40
LH:38
BRDA:74,0,0,0
BRDA:74,0,1,11
BRDA:74,1,0,11
BRDA:74,1,1,11
BRDA:76,2,0,0
BRDA:76,2,1,11
BRDA:76,3,0,11
BRDA:76,3,1,0
BRDA:84,4,0,38
BRDA:84,4,1,36
BRDA:84,4,2,8
BRDA:92,5,0,13
BRDA:92,5,1,4
BRDA:93,6,0,13
BRDA:93,6,1,8
BRDA:101,7,0,15
BRDA:101,7,1,5
BRDA:101,8,0,20
BRDA:101,8,1,16
BRDA:107,9,0,1
BRDA:107,9,1,0
BRDA:107,10,0,1
BRDA:107,10,1,1
BRDA:117,11,0,3
BRDA:117,11,1,23
BRDA:117,12,0,26
BRDA:117,12,1,25
BRDA:117,12,2,3
BRDA:120,13,0,1
BRDA:120,13,1,2
BRDA:126,14,0,2
BRDA:126,14,1,1
BRF:32
BRH:28
end_of_record
TN:
SF:/Users/RyanDuffy/dev/sandstone/internal/util/util.js
FN:13,(anonymous_0)
FN:15,(anonymous_1)
FN:36,(anonymous_2)
FNF:3
FNH:3
FNDA:316,(anonymous_0)
FNDA:2680,(anonymous_1)
FNDA:3,(anonymous_2)
DA:13,16
DA:14,316
DA:15,316
DA:16,2680
DA:17,374
DA:18,374
DA:22,316
DA:36,16
DA:37,3
DA:39,0
DA:40,0
DA:41,0
DA:42,0
DA:43,0
DA:44,0
DA:46,0
DA:47,0
DA:51,0
LF:18
LH:9
BRDA:16,0,0,374
BRDA:16,0,1,2306
BRDA:37,1,0,3
BRDA:37,1,1,0
BRDA:37,2,0,3
BRDA:37,2,1,3
BRDA:37,2,2,3
BRDA:41,3,0,0
BRDA:41,3,1,0
BRDA:42,4,0,0
BRDA:42,4,1,0
BRDA:43,5,0,0
BRDA:43,5,1,0
BRDA:46,6,0,0
BRDA:46,6,1,0
BRF:15
BRH:6
end_of_record
TN:
SF:/Users/RyanDuffy/dev/sandstone/internal/validators/validators.js
FN:20,(anonymous_0)
FN:44,(anonymous_1)
FN:62,(anonymous_2)
FN:65,(anonymous_3)
FN:92,(anonymous_4)
FN:103,(anonymous_5)
FN:106,(anonymous_6)
FNF:7
FNH:4
FNDA:0,(anonymous_0)
FNDA:287,(anonymous_1)
FNDA:0,(anonymous_2)
FNDA:0,(anonymous_3)
FNDA:572,(anonymous_4)
FNDA:4,(anonymous_5)
FNDA:208,(anonymous_6)
DA:20,9
DA:21,0
DA:22,0
DA:44,9
DA:45,287
DA:46,287
DA:47,287
DA:48,0
DA:49,0
DA:50,287
DA:51,0
DA:52,0
DA:54,287
DA:55,0
DA:56,0
DA:58,287
DA:62,9
DA:63,0
DA:65,0
DA:66,0
DA:67,0
DA:69,0
DA:72,0
DA:92,9
DA:93,572
DA:95,572
DA:96,0
DA:97,0
DA:100,572
DA:103,9
DA:104,4
DA:106,4
DA:107,208
DA:108,208
DA:110,208
DA:113,0
LF:36
LH:19
BRDA:21,0,0,0
BRDA:21,0,1,0
BRDA:44,1,0,273
BRDA:44,2,0,273
BRDA:44,3,0,273
BRDA:45,4,0,287
BRDA:45,4,1,0
BRDA:47,5,0,0
BRDA:47,5,1,287
BRDA:50,6,0,0
BRDA:50,6,1,287
BRDA:54,7,0,0
BRDA:54,7,1,287
BRDA:62,8,0,0
BRDA:62,9,0,0
BRDA:62,10,0,0
BRDA:63,11,0,0
BRDA:63,11,1,0
BRDA:66,12,0,0
BRDA:66,12,1,0
BRDA:92,13,0,182
BRDA:92,14,0,364
BRDA:93,15,0,572
BRDA:93,15,1,0
BRDA:95,16,0,0
BRDA:95,16,1,572
BRDA:95,17,0,572
BRDA:95,17,1,468
BRDA:95,17,2,468
BRDA:103,18,0,4
BRDA:103,19,0,2
BRDA:103,20,0,0
BRDA:104,21,0,4
BRDA:104,21,1,0
BRDA:107,22,0,208
BRDA:107,22,1,0
BRF:36
BRH:18
end_of_record
TN:
SF:/Users/RyanDuffy/dev/sandstone/useScroll/ScrollThumb.js
FN:10,(anonymous_0)
FN:29,(anonymous_1)
FN:35,(anonymous_2)
FN:39,(anonymous_3)
FN:41,(anonymous_4)
FN:46,(anonymous_5)
FN:52,(anonymous_6)
FN:79,(anonymous_7)
FNF:8
FNH:3
FNDA:0,(anonymous_0)
FNDA:9,(anonymous_1)
FNDA:9,(anonymous_2)
FNDA:9,(anonymous_3)
FNDA:0,(anonymous_4)
FNDA:0,(anonymous_5)
FNDA:0,(anonymous_6)
FNDA:0,(anonymous_7)
DA:10,5
DA:12,5
DA:13,5
DA:14,5
DA:15,5
DA:16,5
DA:17,5
DA:19,5
DA:29,5
DA:31,9
DA:32,9
DA:33,9
DA:35,9
DA:36,9
DA:39,9
DA:40,9
DA:41,9
DA:42,0
DA:46,9
DA:47,0
DA:48,0
DA:49,0
DA:52,9
DA:53,0
DA:54,0
DA:57,0
DA:58,0
DA:59,0
DA:60,0
DA:61,0
DA:68,0
DA:70,0
DA:73,0
DA:74,0
DA:79,9
DA:81,0
DA:83,0
DA:84,0
DA:86,0
DA:98,9
DA:108,5
DA:110,5
DA:152,5
LF:43
LH:24
BRDA:32,0,0,8
BRDA:32,0,1,1
BRDA:33,1,0,0
BRDA:33,1,1,9
BRDA:53,2,0,0
BRDA:53,2,1,0
BRDA:58,3,0,0
BRDA:58,3,1,0
BRDA:59,4,0,0
BRDA:59,4,1,0
BRDA:60,5,0,0
BRDA:60,5,1,0
BRDA:62,6,0,0
BRDA:62,6,1,0
BRDA:64,7,0,0
BRDA:64,7,1,0
BRDA:64,7,2,0
BRDA:64,7,3,0
BRDA:64,7,4,0
BRDA:64,7,5,0
BRDA:68,8,0,0
BRDA:68,8,1,0
BRDA:68,9,0,0
BRDA:68,9,1,0
BRDA:68,9,2,0
BRDA:68,9,3,0
BRDA:68,9,4,0
BRDA:73,10,0,0
BRDA:73,10,1,0
BRDA:81,11,0,0
BRDA:81,11,1,0
BRDA:81,12,0,0
BRDA:81,12,1,0
BRDA:83,13,0,0
BRDA:83,13,1,0
BRDA:84,14,0,0
BRDA:84,14,1,0
BRF:37
BRH:3
end_of_record
TN:
SF:/Users/RyanDuffy/dev/sandstone/useScroll/Scrollbar.js
FN:20,(anonymous_0)
FN:28,(anonymous_1)
FN:32,(anonymous_2)
FN:38,(anonymous_3)
FN:52,(anonymous_4)
FNF:5
FNH:4
FNDA:9,(anonymous_0)
FNDA:9,(anonymous_1)
FNDA:0,(anonymous_2)
FNDA:9,(anonymous_3)
FNDA:9,(anonymous_4)
DA:20,5
DA:22,9
DA:24,9
DA:26,9
DA:28,9
DA:29,9
DA:31,9
DA:33,0
DA:39,9
DA:44,9
DA:53,9
DA:65,5
DA:67,5
DA:100,5
DA:121,5
DA:123,5
LF:16
LH:15
BRF:0
BRH:0
end_of_record
TN:
SF:/Users/RyanDuffy/dev/sandstone/useScroll/useEvent.js
FN:16,(anonymous_0)
FN:23,(anonymous_1)
FN:63,calculateAndScrollTo
FN:111,handleFocus
FN:138,hasFocus
FN:155,(anonymous_5)
FN:162,handleKeyDown
FN:201,scrollByPage
FN:263,scrollByPageOnPointerMode
FN:305,(anonymous_9)
FN:310,(anonymous_10)
FN:335,(anonymous_11)
FN:347,(anonymous_12)
FN:348,(anonymous_13)
FN:352,(anonymous_14)
FN:358,(anonymous_15)
FN:365,(anonymous_16)
FN:370,(anonymous_17)
FN:376,handleFlick
FN:394,handleMouseDown
FN:410,(anonymous_20)
FN:413,handleTouchStart
FN:428,(anonymous_22)
FN:440,(anonymous_23)
FN:466,stopVoice
FN:473,(anonymous_25)
FN:478,(anonymous_26)
FN:539,addVoiceEventListener
FN:546,removeVoiceEventListener
FN:562,(anonymous_29)
FN:571,initializeWheeling
FN:578,handleWheel
FN:595,handleWheelNative
FNF:33
FNH:13
FNDA:22,(anonymous_0)
FNDA:0,(anonymous_1)
FNDA:0,calculateAndScrollTo
FNDA:0,handleFocus
FNDA:0,hasFocus
FNDA:22,(anonymous_5)
FNDA:0,handleKeyDown
FNDA:0,scrollByPage
FNDA:0,scrollByPageOnPointerMode
FNDA:0,(anonymous_9)
FNDA:0,(anonymous_10)
FNDA:22,(anonymous_11)
FNDA:12,(anonymous_12)
FNDA:12,(anonymous_13)
FNDA:0,(anonymous_14)
FNDA:0,(anonymous_15)
FNDA:5,(anonymous_16)
FNDA:22,(anonymous_17)
FNDA:0,handleFlick
FNDA:0,handleMouseDown
FNDA:22,(anonymous_20)
FNDA:0,handleTouchStart
FNDA:22,(anonymous_22)
FNDA:0,(anonymous_23)
FNDA:6,stopVoice
FNDA:0,(anonymous_25)
FNDA:0,(anonymous_26)
FNDA:22,addVoiceEventListener
FNDA:10,removeVoiceEventListener
FNDA:22,(anonymous_29)
FNDA:0,initializeWheeling
FNDA:0,handleWheel
FNDA:0,handleWheelNative
DA:13,5
DA:14,5
DA:16,5
DA:17,22
DA:18,22
DA:19,22
DA:23,22
DA:24,0
DA:26,0
DA:27,0
DA:29,0
DA:31,0
DA:32,0
DA:34,0
DA:35,0
DA:42,0
DA:46,0
DA:47,0
DA:49,0
DA:50,0
DA:57,0
DA:65,0
DA:66,0
DA:67,0
DA:69,0
DA:70,0
DA:75,0
DA:80,0
DA:81,0
DA:84,0
DA:85,0
DA:86,0
DA:87,0
DA:90,0
DA:94,0
DA:99,0
DA:102,0
DA:103,0
DA:107,0
DA:112,0
DA:116,0
DA:117,0
DA:118,0
DA:121,0
DA:122,0
DA:125,0
DA:127,0
DA:128,0
DA:130,0
DA:131,0
DA:133,0
DA:134,0
DA:139,0
DA:141,0
DA:142,0
DA:148,22
DA:155,5
DA:156,22
DA:157,22
DA:158,22
DA:163,0
DA:165,0
DA:167,0
DA:168,0
DA:171,0
DA:173,0
DA:174,0
DA:176,0
DA:177,0
DA:178,0
DA:180,0
DA:181,0
DA:182,0
DA:184,0
DA:185,0
DA:188,0
DA:189,0
DA:191,0
DA:192,0
DA:194,0
DA:195,0
DA:203,0
DA:204,0
DA:205,0
DA:206,0
DA:207,0
DA:208,0
DA:209,0
DA:211,0
DA:212,0
DA:214,0
DA:217,0
DA:219,0
DA:220,0
DA:221,0
DA:224,0
DA:225,0
DA:226,0
DA:229,0
DA:231,0
DA:232,0
DA:233,0
DA:234,0
DA:235,0
DA:237,0
DA:238,0
DA:242,0
DA:247,0
DA:249,0
DA:250,0
DA:253,0
DA:256,0
DA:259,0
DA:264,0
DA:266,0
DA:267,0
DA:269,0
DA:271,0
DA:272,0
DA:274,0
DA:276,0
DA:277,0
DA:280,0
DA:283,0
DA:288,22
DA:301,5
DA:305,5
DA:306,0
DA:307,0
DA:310,5
DA:311,0
DA:313,0
DA:315,0
DA:316,0
DA:318,0
DA:319,0
DA:320,0
DA:326,0
DA:327,0
DA:335,5
DA:336,22
DA:337,22
DA:341,22
DA:343,22
DA:347,22
DA:348,12
DA:349,12
DA:352,12
DA:353,0
DA:356,12
DA:358,12
DA:360,0
DA:365,5
DA:366,5
DA:367,5
DA:370,5
DA:371,22
DA:372,22
DA:378,0
DA:379,0
DA:380,0
DA:382,0
DA:383,0
DA:386,0
DA:390,0
DA:395,0
DA:396,0
DA:397,0
DA:398,0
DA:404,22
DA:410,5
DA:414,0
DA:416,0
DA:417,0
DA:423,22
DA:428,5
DA:429,22
DA:433,22
DA:440,22
DA:442,0
DA:443,0
DA:445,0
DA:447,0
DA:448,0
DA:449,0
DA:450,0
DA:451,0
DA:453,0
DA:454,0
DA:455,0
DA:457,0
DA:458,0
DA:459,0
DA:467,6
DA:468,0
DA:469,0
DA:473,22
DA:474,0
DA:475,0
DA:478,22
DA:480,0
DA:481,0
DA:482,0
DA:483,0
DA:484,0
DA:485,0
DA:486,0
DA:488,0
DA:489,0
DA:491,0
DA:492,0
DA:495,0
DA:498,0
DA:499,0
DA:501,0
DA:507,0
DA:508,0
DA:509,0
DA:513,0
DA:515,0
DA:517,0
DA:518,0
DA:519,0
DA:520,0
DA:521,0
DA:523,0
DA:525,0
DA:526,0
DA:527,0
DA:530,0
DA:532,0
DA:535,0
DA:540,22
DA:541,0
DA:542,0
DA:547,10
DA:548,0
DA:549,0
DA:555,22
DA:562,5
DA:563,22
DA:564,22
DA:568,22
DA:572,0
DA:573,0
DA:575,0
DA:579,0
DA:581,0
DA:582,0
DA:585,0
DA:586,0
DA:597,0
DA:598,0
DA:599,0
DA:600,0
DA:601,0
DA:602,0
DA:603,0
DA:604,0
DA:605,0
DA:607,0
DA:608,0
DA:610,0
DA:611,0
DA:614,0
DA:618,0
DA:619,0
DA:620,0
DA:621,0
DA:625,0
DA:626,0
DA:627,0
DA:629,0
DA:630,0
DA:631,0
DA:634,0
DA:636,0
DA:637,0
DA:640,0
DA:642,0
DA:643,0
DA:644,0
DA:645,0
DA:648,0
DA:649,0
DA:651,0
DA:652,0
DA:654,0
DA:655,0
DA:658,0
DA:662,0
DA:664,0
DA:666,0
DA:669,0
DA:670,0
DA:671,0
DA:674,0
DA:677,0
DA:678,0
DA:684,22
LF:300
LH:51
BRDA:24,0,0,0
BRDA:24,0,1,0
BRDA:29,1,0,0
BRDA:29,1,1,0
BRDA:31,2,0,0
BRDA:31,2,1,0
BRDA:32,3,0,0
BRDA:32,3,1,0
BRDA:34,4,0,0
BRDA:34,4,1,0
BRDA:34,5,0,0
BRDA:34,5,1,0
BRDA:38,6,0,0
BRDA:38,6,1,0
BRDA:39,7,0,0
BRDA:39,7,1,0
BRDA:39,7,2,0
BRDA:46,8,0,0
BRDA:46,8,1,0
BRDA:47,9,0,0
BRDA:47,9,1,0
BRDA:49,10,0,0
BRDA:49,10,1,0
BRDA:49,11,0,0
BRDA:49,11,1,0
BRDA:54,12,0,0
BRDA:54,12,1,0
BRDA:54,12,2,0
BRDA:69,13,0,0
BRDA:69,13,1,0
BRDA:69,14,0,0
BRDA:69,14,1,0
BRDA:69,14,2,0
BRDA:75,15,0,0
BRDA:75,15,1,0
BRDA:76,16,0,0
BRDA:76,16,1,0
BRDA:76,16,2,0
BRDA:76,16,3,0
BRDA:84,17,0,0
BRDA:84,17,1,0
BRDA:84,18,0,0
BRDA:84,18,1,0
BRDA:84,18,2,0
BRDA:84,19,0,0
BRDA:84,19,1,0
BRDA:86,20,0,0
BRDA:86,20,1,0
BRDA:86,21,0,0
BRDA:86,21,1,0
BRDA:86,21,2,0
BRDA:86,22,0,0
BRDA:86,22,1,0
BRDA:102,23,0,0
BRDA:102,23,1,0
BRDA:102,24,0,0
BRDA:102,24,1,0
BRDA:102,24,2,0
BRDA:112,25,0,0
BRDA:112,25,1,0
BRDA:116,26,0,0
BRDA:116,26,1,0
BRDA:116,27,0,0
BRDA:116,27,1,0
BRDA:121,28,0,0
BRDA:121,28,1,0
BRDA:125,29,0,0
BRDA:125,29,1,0
BRDA:125,30,0,0
BRDA:125,30,1,0
BRDA:125,30,2,0
BRDA:130,31,0,0
BRDA:130,31,1,0
BRDA:130,32,0,0
BRDA:130,32,1,0
BRDA:133,33,0,0
BRDA:133,33,1,0
BRDA:141,34,0,0
BRDA:141,34,1,0
BRDA:167,35,0,0
BRDA:167,35,1,0
BRDA:167,36,0,0
BRDA:167,36,1,0
BRDA:173,37,0,0
BRDA:173,37,1,0
BRDA:173,38,0,0
BRDA:173,38,1,0
BRDA:176,39,0,0
BRDA:176,39,1,0
BRDA:176,40,0,0
BRDA:176,40,1,0
BRDA:177,41,0,0
BRDA:177,41,1,0
BRDA:177,42,0,0
BRDA:177,42,1,0
BRDA:178,43,0,0
BRDA:178,43,1,0
BRDA:180,44,0,0
BRDA:180,44,1,0
BRDA:184,45,0,0
BRDA:184,45,1,0
BRDA:188,46,0,0
BRDA:188,46,1,0
BRDA:188,47,0,0
BRDA:188,47,1,0
BRDA:188,47,2,0
BRDA:188,47,3,0
BRDA:194,48,0,0
BRDA:194,48,1,0
BRDA:194,49,0,0
BRDA:194,49,1,0
BRDA:194,50,0,0
BRDA:194,50,1,0
BRDA:207,51,0,0
BRDA:207,51,1,0
BRDA:211,52,0,0
BRDA:211,52,1,0
BRDA:212,53,0,0
BRDA:212,53,1,0
BRDA:214,54,0,0
BRDA:214,54,1,0
BRDA:219,55,0,0
BRDA:219,55,1,0
BRDA:224,56,0,0
BRDA:224,56,1,0
BRDA:225,57,0,0
BRDA:225,57,1,0
BRDA:229,58,0,0
BRDA:229,58,1,0
BRDA:233,59,0,0
BRDA:233,59,1,0
BRDA:237,60,0,0
BRDA:237,60,1,0
BRDA:238,61,0,0
BRDA:238,61,1,0
BRDA:238,62,0,0
BRDA:238,62,1,0
BRDA:239,63,0,0
BRDA:239,63,1,0
BRDA:242,64,0,0
BRDA:242,64,1,0
BRDA:242,65,0,0
BRDA:242,65,1,0
BRDA:243,66,0,0
BRDA:243,66,1,0
BRDA:249,67,0,0
BRDA:249,67,1,0
BRDA:271,68,0,0
BRDA:271,68,1,0
BRDA:271,69,0,0
BRDA:271,69,1,0
BRDA:271,69,2,0
BRDA:272,70,0,0
BRDA:272,70,1,0
BRDA:276,71,0,0
BRDA:276,71,1,0
BRDA:313,72,0,0
BRDA:313,72,1,0
BRDA:313,73,0,0
BRDA:313,73,1,0
BRDA:313,73,2,0
BRDA:313,73,3,0
BRDA:318,74,0,0
BRDA:318,74,1,0
BRDA:320,75,0,0
BRDA:320,75,1,0
BRDA:326,76,0,0
BRDA:326,76,1,0
BRDA:382,77,0,0
BRDA:382,77,1,0
BRDA:386,78,0,0
BRDA:386,78,1,0
BRDA:386,79,0,0
BRDA:386,79,1,0
BRDA:386,79,2,0
BRDA:386,79,3,0
BRDA:386,79,4,0
BRDA:395,80,0,0
BRDA:395,80,1,0
BRDA:397,81,0,0
BRDA:397,81,1,0
BRDA:416,82,0,0
BRDA:416,82,1,0
BRDA:416,83,0,0
BRDA:416,83,1,0
BRDA:445,84,0,0
BRDA:445,84,1,0
BRDA:450,85,0,0
BRDA:450,85,1,0
BRDA:451,86,0,0
BRDA:451,86,1,0
BRDA:453,87,0,0
BRDA:453,87,1,0
BRDA:453,88,0,0
BRDA:453,88,1,0
BRDA:457,89,0,0
BRDA:457,89,1,0
BRDA:457,90,0,0
BRDA:457,90,1,0
BRDA:467,91,0,0
BRDA:467,91,1,6
BRDA:473,92,0,0
BRDA:474,93,0,0
BRDA:474,93,1,0
BRDA:475,94,0,0
BRDA:475,94,1,0
BRDA:475,94,2,0
BRDA:475,94,3,0
BRDA:485,95,0,0
BRDA:485,95,1,0
BRDA:488,96,0,0
BRDA:488,96,1,0
BRDA:488,96,2,0
BRDA:491,97,0,0
BRDA:491,97,1,0
BRDA:492,98,0,0
BRDA:492,98,1,0
BRDA:495,99,0,0
BRDA:495,99,1,0
BRDA:495,99,2,0
BRDA:495,99,3,0
BRDA:495,99,4,0
BRDA:498,100,0,0
BRDA:498,100,1,0
BRDA:501,101,0,0
BRDA:501,101,1,0
BRDA:502,102,0,0
BRDA:502,102,1,0
BRDA:502,102,2,0
BRDA:502,102,3,0
BRDA:502,102,4,0
BRDA:502,102,5,0
BRDA:502,102,6,0
BRDA:502,102,7,0
BRDA:507,103,0,0
BRDA:507,103,1,0
BRDA:515,104,0,0
BRDA:515,104,1,0
BRDA:518,105,0,0
BRDA:518,105,1,0
BRDA:518,105,2,0
BRDA:518,105,3,0
BRDA:518,105,4,0
BRDA:520,106,0,0
BRDA:520,106,1,0
BRDA:521,107,0,0
BRDA:521,107,1,0
BRDA:525,108,0,0
BRDA:525,108,1,0
BRDA:532,109,0,0
BRDA:532,109,1,0
BRDA:532,109,2,0
BRDA:532,109,3,0
BRDA:532,109,4,0
BRDA:532,109,5,0
BRDA:532,109,6,0
BRDA:532,109,7,0
BRDA:540,110,0,0
BRDA:540,110,1,22
BRDA:547,111,0,0
BRDA:547,111,1,10
BRDA:572,112,0,0
BRDA:572,112,1,0
BRDA:581,113,0,0
BRDA:581,113,1,0
BRDA:585,114,0,0
BRDA:585,114,1,0
BRDA:602,115,0,0
BRDA:602,115,1,0
BRDA:610,116,0,0
BRDA:610,116,1,0
BRDA:618,117,0,0
BRDA:618,117,1,0
BRDA:619,118,0,0
BRDA:619,118,1,0
BRDA:619,119,0,0
BRDA:619,119,1,0
BRDA:619,119,2,0
BRDA:619,119,3,0
BRDA:620,120,0,0
BRDA:620,120,1,0
BRDA:625,121,0,0
BRDA:625,121,1,0
BRDA:630,122,0,0
BRDA:630,122,1,0
BRDA:631,123,0,0
BRDA:631,123,1,0
BRDA:636,124,0,0
BRDA:636,124,1,0
BRDA:636,125,0,0
BRDA:636,125,1,0
BRDA:636,125,2,0
BRDA:636,125,3,0
BRDA:636,125,4,0
BRDA:637,126,0,0
BRDA:637,126,1,0
BRDA:642,127,0,0
BRDA:642,127,1,0
BRDA:643,128,0,0
BRDA:643,128,1,0
BRDA:643,129,0,0
BRDA:643,129,1,0
BRDA:643,129,2,0
BRDA:643,129,3,0
BRDA:644,130,0,0
BRDA:644,130,1,0
BRDA:654,131,0,0
BRDA:654,131,1,0
BRDA:654,132,0,0
BRDA:654,132,1,0
BRDA:654,132,2,0
BRDA:654,132,3,0
BRDA:654,132,4,0
BRDA:655,133,0,0
BRDA:655,133,1,0
BRDA:662,134,0,0
BRDA:662,134,1,0
BRDA:669,135,0,0
BRDA:669,135,1,0
BRDA:677,136,0,0
BRDA:677,136,1,0
BRDA:685,137,0,12
BRDA:685,137,1,10
BRF:323
BRH:5
end_of_record
TN:
SF:/Users/RyanDuffy/dev/sandstone/useScroll/useOverscrollEffect.js
FN:10,(anonymous_0)
FN:24,(anonymous_1)
FN:36,(anonymous_2)
FN:37,createOverscrollJob
FN:43,stopOverscrollJob
FN:56,(anonymous_5)
FN:66,clearOverscrollEffect
FN:71,checkAndApplyOverscrollEffectByDirection
FNF:8
FNH:5
FNDA:22,(anonymous_0)
FNDA:0,(anonymous_1)
FNDA:22,(anonymous_2)
FNDA:88,createOverscrollJob
FNDA:40,stopOverscrollJob
FNDA:10,(anonymous_5)
FNDA:0,clearOverscrollEffect
FNDA:0,checkAndApplyOverscrollEffectByDirection
DA:6,5
DA:7,5
DA:8,5
DA:10,5
DA:11,22
DA:15,22
DA:24,22
DA:25,0
DA:27,0
DA:28,0
DA:30,0
DA:31,0
DA:36,22
DA:38,88
DA:39,48
DA:44,40
DA:46,40
DA:47,40
DA:51,22
DA:52,22
DA:53,22
DA:54,22
DA:56,22
DA:57,10
DA:58,10
DA:59,10
DA:60,10
DA:67,0
DA:68,0
DA:73,0
DA:74,0
DA:75,0
DA:77,0
DA:79,0
DA:80,0
DA:82,0
DA:88,22
LF:37
LH:23
BRDA:27,0,0,0
BRDA:27,0,1,0
BRDA:30,1,0,0
BRDA:30,1,1,0
BRDA:38,2,0,48
BRDA:38,2,1,40
BRDA:46,3,0,40
BRDA:46,3,1,0
BRDA:73,4,0,0
BRDA:73,4,1,0
BRDA:73,5,0,0
BRDA:73,5,1,0
BRDA:75,6,0,0
BRDA:75,6,1,0
BRDA:77,7,0,0
BRDA:77,7,1,0
BRDA:80,8,0,0
BRDA:80,8,1,0
BRDA:80,9,0,0
BRDA:80,9,1,0
BRDA:80,9,2,0
BRDA:80,9,3,0
BRDA:80,9,4,0
BRF:23
BRH:3
end_of_record
TN:
SF:/Users/RyanDuffy/dev/sandstone/useScroll/useScroll.js
FN:53,(anonymous_0)
FN:54,(anonymous_1)
FN:55,(anonymous_2)
FN:60,(anonymous_3)
FN:110,isContent
FN:114,scrollTo
FN:119,start
FN:125,stop
FN:136,scrollStopOnScroll
FN:140,focusOnItem
FN:172,handleScroll
FN:186,handleScrollerUpdate
FN:201,handleResizeWindow
FN:210,addEventListeners
FN:219,removeEventListeners
FN:258,(anonymous_15)
FN:321,(anonymous_16)
FNF:17
FNH:10
FNDA:0,(anonymous_0)
FNDA:0,(anonymous_1)
FNDA:0,(anonymous_2)
FNDA:22,(anonymous_3)
FNDA:0,isContent
FNDA:6,scrollTo
FNDA:0,start
FNDA:6,stop
FNDA:0,scrollStopOnScroll
FNDA:6,focusOnItem
FNDA:6,handleScroll
FNDA:2,handleScrollerUpdate
FNDA:0,handleResizeWindow
FNDA:22,addEventListeners
FNDA:10,removeEventListeners
FNDA:22,(anonymous_15)
FNDA:22,(anonymous_16)
DA:36,5
DA:51,5
DA:53,5
DA:54,5
DA:55,5
DA:56,0
DA:57,0
DA:60,5
DA:61,22
DA:62,22
DA:63,22
DA:67,22
DA:80,22
DA:82,22
DA:88,22
DA:90,22
DA:92,22
DA:94,22
DA:96,22
DA:98,22
DA:100,22
DA:106,22
DA:111,0
DA:115,6
DA:116,6
DA:120,0
DA:121,0
DA:126,6
DA:127,6
DA:130,6
DA:131,6
DA:132,6
DA:133,6
DA:137,0
DA:141,6
DA:142,0
DA:143,0
DA:146,6
DA:147,0
DA:148,0
DA:151,6
DA:153,0
DA:155,0
DA:156,0
DA:157,0
DA:159,0
DA:163,0
DA:164,0
DA:168,0
DA:174,6
DA:175,6
DA:177,6
DA:179,6
DA:180,0
DA:181,0
DA:187,2
DA:188,2
DA:190,2
DA:191,0
DA:198,2
DA:202,0
DA:204,0
DA:205,0
DA:211,22
DA:213,22
DA:214,22
DA:220,10
DA:222,10
DA:223,10
DA:229,22
DA:258,5
DA:269,22
DA:273,22
DA:274,22
DA:275,22
DA:276,22
DA:278,22
DA:283,22
DA:284,22
DA:288,22
DA:290,22
DA:321,22
DA:322,22
DA:327,22
DA:340,22
DA:341,22
DA:342,22
DA:362,22
DA:366,22
DA:367,12
DA:369,10
DA:370,10
DA:377,22
DA:402,22
DA:419,22
DA:428,22
DA:433,22
DA:449,22
DA:456,22
DA:463,22
LF:100
LH:76
BRDA:53,0,0,0
BRDA:53,0,1,0
BRDA:54,1,0,0
BRDA:54,1,1,0
BRDA:111,2,0,0
BRDA:111,2,1,0
BRDA:115,3,0,0
BRDA:115,3,1,6
BRDA:115,4,0,6
BRDA:115,4,1,0
BRDA:116,5,0,0
BRDA:116,5,1,6
BRDA:116,6,0,6
BRDA:116,6,1,0
BRDA:116,6,2,0
BRDA:120,7,0,0
BRDA:120,7,1,0
BRDA:120,8,0,0
BRDA:120,8,1,0
BRDA:126,9,0,6
BRDA:126,9,1,0
BRDA:141,10,0,0
BRDA:141,10,1,6
BRDA:141,11,0,6
BRDA:141,11,1,0
BRDA:146,12,0,0
BRDA:146,12,1,6
BRDA:146,13,0,6
BRDA:146,13,1,0
BRDA:151,14,0,0
BRDA:151,14,1,6
BRDA:153,15,0,0
BRDA:153,15,1,0
BRDA:159,16,0,0
BRDA:159,16,1,0
BRDA:159,16,2,0
BRDA:159,16,3,0
BRDA:159,16,4,0
BRDA:163,17,0,0
BRDA:163,17,1,0
BRDA:179,18,0,0
BRDA:179,18,1,6
BRDA:179,19,0,6
BRDA:179,19,1,0
BRDA:179,19,2,0
BRDA:187,20,0,2
BRDA:187,20,1,0
BRDA:190,21,0,0
BRDA:190,21,1,2
BRDA:204,22,0,0
BRDA:204,22,1,0
BRDA:213,23,0,22
BRDA:213,23,1,0
BRDA:222,24,0,10
BRDA:222,24,1,0
BRDA:366,25,0,12
BRDA:366,25,1,10
BRDA:404,26,0,22
BRDA:404,26,1,0
BRDA:406,27,0,0
BRDA:406,27,1,22
BRDA:408,28,0,4
BRDA:408,28,1,18
BRDA:408,29,0,22
BRDA:408,29,1,20
BRDA:408,29,2,4
BRDA:409,30,0,20
BRDA:409,30,1,2
BRDA:409,31,0,22
BRDA:409,31,1,4
BRDA:409,31,2,20
BRDA:411,32,0,22
BRDA:411,32,1,0
BRDA:423,33,0,1
BRDA:423,33,1,21
BRDA:434,34,0,20
BRDA:434,34,1,2
BRDA:436,35,0,8
BRDA:436,35,1,14
BRDA:436,36,0,22
BRDA:436,36,1,21
BRDA:437,37,0,1
BRDA:437,37,1,21
BRDA:437,38,0,22
BRDA:437,38,1,1
BRF:85
BRH:43
end_of_record
TN:
SF:/Users/RyanDuffy/dev/sandstone/useScroll/useScrollbar.js
FN:8,(anonymous_0)
FN:18,onInteractionForScroll
FN:36,alertThumb
FN:43,alertThumbAfterRendered
FNF:4
FNH:2
FNDA:22,(anonymous_0)
FNDA:0,onInteractionForScroll
FNDA:0,alertThumb
FNDA:9,alertThumbAfterRendered
DA:5,5
DA:6,5
DA:8,5
DA:9,22
DA:10,22
DA:12,22
DA:20,0
DA:21,0
DA:22,0
DA:23,0
DA:24,0
DA:26,0
DA:28,0
DA:29,0
DA:30,0
DA:33,0
DA:37,0
DA:39,0
DA:40,0
DA:44,9
DA:46,9
DA:47,0
DA:53,22
LF:23
LH:9
BRDA:22,0,0,0
BRDA:22,0,1,0
BRDA:23,1,0,0
BRDA:23,1,1,0
BRDA:24,2,0,0
BRDA:24,2,1,0
BRDA:28,3,0,0
BRDA:28,3,1,0
BRDA:46,4,0,0
BRDA:46,4,1,9
BRDA:46,5,0,9
BRDA:46,5,1,0
BRDA:46,5,2,0
BRF:13
BRH:2
end_of_record
TN:
SF:/Users/RyanDuffy/dev/sandstone/useScroll/useSpotlight.js
FN:5,(anonymous_0)
FN:11,(anonymous_1)
FN:14,restoreScrollPosition
FNF:3
FNH:3
FNDA:22,(anonymous_0)
FNDA:22,(anonymous_1)
FNDA:22,restoreScrollPosition
DA:5,5
DA:6,22
DA:7,22
DA:11,22
DA:15,22
DA:16,22
DA:17,0
DA:19,0
DA:20,0
DA:28,22
LF:10
LH:7
BRDA:16,0,0,0
BRDA:16,0,1,22
BRDA:16,1,0,22
BRDA:16,1,1,0
BRDA:16,1,2,0
BRDA:19,2,0,0
BRDA:19,2,1,0
BRF:7
BRH:2
end_of_record
TN:
SF:/Users/RyanDuffy/dev/sandstone/useScroll/useThemeScrollContentHandle.js
FN:3,(anonymous_0)
FN:20,(anonymous_1)
FNF:2
FNH:2
FNDA:22,(anonymous_0)
FNDA:22,(anonymous_1)
DA:3,5
DA:6,22
DA:20,22
DA:21,22
DA:26,22
LF:5
LH:5
BRF:0
BRH:0
end_of_record
